 *** DISPLACEMENT ***
  NODE         U              V
-----------------------------------
      1  -7.173809E-53   1.157017E-40
      2  -1.129489E-22   2.506266E-10
      3  -7.936508E-11   1.735526E-40
      4  -1.587302E-10   2.506266E-10
      5  -1.709162E-22   5.012531E-10
      6  -1.587302E-10   1.157017E-40
      7  -7.936508E-11   2.506266E-10
      8  -2.380952E-10   1.735526E-40
      9  -7.936508E-11   5.012531E-10
     10  -2.033830E-22   7.518797E-10
     11  -3.174603E-10   2.506266E-10
     12  -3.174603E-10   1.157017E-40
     13  -2.380952E-10   2.506266E-10
     14  -3.968254E-10   1.735526E-40
     15  -1.587302E-10   7.518797E-10
     16  -1.587302E-10   5.012531E-10
     17  -2.314296E-22   1.002506E-09
     18  -2.380952E-10   5.012531E-10
     19  -7.936508E-11   7.518797E-10
     20  -7.936508E-11   1.002506E-09
     21  -2.559090E-22   1.253133E-09
     22  -4.761905E-10   2.506266E-10
     23  -4.761905E-10   1.157017E-40
     24  -3.968254E-10   2.506266E-10
     25  -5.555556E-10   1.735526E-40
     26  -3.174603E-10   7.518797E-10
     27  -3.174603E-10   5.012531E-10
     28  -3.968254E-10   5.012531E-10
     29  -2.380952E-10   7.518797E-10
     30  -1.587302E-10   1.253133E-09
     31  -1.587302E-10   1.002506E-09
     32  -2.795870E-22   1.503759E-09
     33  -2.380952E-10   1.002506E-09
     34  -7.936508E-11   1.253133E-09
     35  -7.936508E-11   1.503759E-09
     36  -3.034719E-22   1.754386E-09
     37  -6.349206E-10   2.506266E-10
     38  -6.349206E-10   1.157017E-40
     39  -5.555556E-10   2.506266E-10
     40  -7.142857E-10   1.735526E-40
     41  -4.761905E-10   7.518797E-10
     42  -4.761905E-10   5.012531E-10
     43  -5.555556E-10   5.012531E-10
     44  -3.968254E-10   7.518797E-10
     45  -3.174603E-10   1.253133E-09
     46  -3.174603E-10   1.002506E-09
     47  -3.968254E-10   1.002506E-09
     48  -2.380952E-10   1.253133E-09
     49  -1.587302E-10   1.754386E-09
     50  -1.587302E-10   1.503759E-09
     51  -3.276669E-22   2.005013E-09
     52  -2.380952E-10   1.503759E-09
     53  -7.936508E-11   1.754386E-09
     54  -7.936508E-11   2.005013E-09
     55  -3.539299E-22   2.255639E-09
     56  -7.936508E-10   2.506266E-10
     57  -7.936508E-10   1.157017E-40
     58  -7.142857E-10   2.506266E-10
     59  -8.730159E-10   1.735526E-40
     60  -6.349206E-10   7.518797E-10
     61  -6.349206E-10   5.012531E-10
     62  -7.142857E-10   5.012531E-10
     63  -5.555556E-10   7.518797E-10
     64  -4.761905E-10   1.253133E-09
     65  -4.761905E-10   1.002506E-09
     66  -5.555556E-10   1.002506E-09
     67  -3.968254E-10   1.253133E-09
     68  -3.174603E-10   1.754386E-09
     69  -3.174603E-10   1.503759E-09
     70  -3.968254E-10   1.503759E-09
     71  -2.380952E-10   1.754386E-09
     72  -1.587302E-10   2.255639E-09
     73  -1.587302E-10   2.005013E-09
     74  -3.823642E-22   2.506266E-09
     75  -2.380952E-10   2.005013E-09
     76  -7.936508E-11   2.255639E-09
     77  -7.936508E-11   2.506266E-09
     78  -4.126597E-22   2.756892E-09
     79  -9.523810E-10   2.506266E-10
     80  -9.523810E-10   1.157017E-40
     81  -8.730159E-10   2.506266E-10
     82  -1.031746E-09   1.735526E-40
     83  -7.936508E-10   7.518797E-10
     84  -7.936508E-10   5.012531E-10
     85  -8.730159E-10   5.012531E-10
     86  -7.142857E-10   7.518797E-10
     87  -6.349206E-10   1.253133E-09
     88  -6.349206E-10   1.002506E-09
     89  -7.142857E-10   1.002506E-09
     90  -5.555556E-10   1.253133E-09
     91  -4.761905E-10   1.754386E-09
     92  -4.761905E-10   1.503759E-09
     93  -5.555556E-10   1.503759E-09
     94  -3.968254E-10   1.754386E-09
     95  -3.174603E-10   2.255639E-09
     96  -3.174603E-10   2.005013E-09
     97  -3.968254E-10   2.005013E-09
     98  -2.380952E-10   2.255639E-09
     99  -1.587302E-10   2.756892E-09
    100  -1.587302E-10   2.506266E-09
    101  -4.439892E-22   3.007519E-09
    102  -2.380952E-10   2.506266E-09
    103  -7.936508E-11   2.756892E-09
    104  -7.936508E-11   3.007519E-09
    105  -4.768696E-22   3.258145E-09
    106  -1.111111E-09   2.506266E-10
    107  -1.111111E-09   1.157017E-40
    108  -1.031746E-09   2.506266E-10
    109  -1.190476E-09   1.735526E-40
    110  -9.523810E-10   7.518797E-10
    111  -9.523810E-10   5.012531E-10
    112  -1.031746E-09   5.012531E-10
    113  -8.730159E-10   7.518797E-10
    114  -7.936508E-10   1.253133E-09
    115  -7.936508E-10   1.002506E-09
    116  -8.730159E-10   1.002506E-09
    117  -7.142857E-10   1.253133E-09
    118  -6.349206E-10   1.754386E-09
    119  -6.349206E-10   1.503759E-09
    120  -7.142857E-10   1.503759E-09
    121  -5.555556E-10   1.754386E-09
    122  -4.761905E-10   2.255639E-09
    123  -4.761905E-10   2.005013E-09
    124  -5.555556E-10   2.005013E-09
    125  -3.968254E-10   2.255639E-09
    126  -3.174603E-10   2.756892E-09
    127  -3.174603E-10   2.506266E-09
    128  -3.968254E-10   2.506266E-09
    129  -2.380952E-10   2.756892E-09
    130  -1.587302E-10   3.258145E-09
    131  -1.587302E-10   3.007519E-09
    132  -5.098535E-22   3.508772E-09
    133  -2.380952E-10   3.007519E-09
    134  -7.936508E-11   3.258145E-09
    135  -7.936508E-11   3.508772E-09
    136  -5.435611E-22   3.759398E-09
    137  -1.269841E-09   2.506266E-10
    138  -1.269841E-09   1.157017E-40
    139  -1.190476E-09   2.506266E-10
    140  -1.349206E-09   1.735526E-40
    141  -1.428571E-09   2.506266E-10
    142  -1.111111E-09   7.518797E-10
    143  -1.111111E-09   5.012531E-10
    144  -1.190476E-09   5.012531E-10
    145  -1.031746E-09   7.518797E-10
    146  -9.523810E-10   1.253133E-09
    147  -9.523810E-10   1.002506E-09
    148  -1.031746E-09   1.002506E-09
    149  -8.730159E-10   1.253133E-09
    150  -7.936508E-10   1.754386E-09
    151  -7.936508E-10   1.503759E-09
    152  -8.730159E-10   1.503759E-09
    153  -7.142857E-10   1.754386E-09
    154  -6.349206E-10   2.255639E-09
    155  -6.349206E-10   2.005013E-09
    156  -7.142857E-10   2.005013E-09
    157  -5.555556E-10   2.255639E-09
    158  -4.761905E-10   2.756892E-09
    159  -4.761905E-10   2.506266E-09
    160  -5.555556E-10   2.506266E-09
    161  -3.968254E-10   2.756892E-09
    162  -3.174603E-10   3.258145E-09
    163  -3.174603E-10   3.007519E-09
    164  -3.968254E-10   3.007519E-09
    165  -2.380952E-10   3.258145E-09
    166  -1.587302E-10   3.759398E-09
    167  -1.587302E-10   3.508772E-09
    168  -5.776823E-22   4.010025E-09
    169  -2.380952E-10   3.508772E-09
    170  -7.936508E-11   3.759398E-09
    171  -7.936508E-11   4.010025E-09
    172  -6.141816E-22   4.260652E-09
    173  -1.349206E-09   2.506266E-10
    174  -1.428571E-09   1.157017E-40
    175  -1.269841E-09   7.518797E-10
    176  -1.269841E-09   5.012531E-10
    177  -1.349206E-09   5.012531E-10
    178  -1.190476E-09   7.518797E-10
    179  -1.428571E-09   7.518797E-10
    180  -1.111111E-09   1.253133E-09
    181  -1.111111E-09   1.002506E-09
    182  -1.190476E-09   1.002506E-09
    183  -1.031746E-09   1.253133E-09
    184  -9.523810E-10   1.754386E-09
    185  -9.523810E-10   1.503759E-09
    186  -1.031746E-09   1.503759E-09
    187  -8.730159E-10   1.754386E-09
    188  -7.936508E-10   2.255639E-09
    189  -7.936508E-10   2.005013E-09
    190  -8.730159E-10   2.005013E-09
    191  -7.142857E-10   2.255639E-09
    192  -6.349206E-10   2.756892E-09
    193  -6.349206E-10   2.506266E-09
    194  -7.142857E-10   2.506266E-09
    195  -5.555556E-10   2.756892E-09
    196  -4.761905E-10   3.258145E-09
    197  -4.761905E-10   3.007519E-09
    198  -5.555556E-10   3.007519E-09
    199  -3.968254E-10   3.258145E-09
    200  -3.174603E-10   3.759398E-09
    201  -3.174603E-10   3.508772E-09
    202  -3.968254E-10   3.508772E-09
    203  -2.380952E-10   3.759398E-09
    204  -1.587302E-10   4.260652E-09
    205  -1.587302E-10   4.010025E-09
    206  -6.536795E-22   4.511278E-09
    207  -2.380952E-10   4.010025E-09
    208  -7.936508E-11   4.260652E-09
    209  -7.936508E-11   4.511278E-09
    210  -6.925570E-22   4.761905E-09
    211  -1.428571E-09   5.012531E-10
    212  -1.349206E-09   7.518797E-10
    213  -1.269841E-09   1.253133E-09
    214  -1.269841E-09   1.002506E-09
    215  -1.349206E-09   1.002506E-09
    216  -1.190476E-09   1.253133E-09
    217  -1.428571E-09   1.253133E-09
    218  -1.111111E-09   1.754386E-09
    219  -1.111111E-09   1.503759E-09
    220  -1.190476E-09   1.503759E-09
    221  -1.031746E-09   1.754386E-09
    222  -9.523810E-10   2.255639E-09
    223  -9.523810E-10   2.005013E-09
    224  -1.031746E-09   2.005013E-09
    225  -8.730159E-10   2.255639E-09
    226  -7.936508E-10   2.756892E-09
    227  -7.936508E-10   2.506266E-09
    228  -8.730159E-10   2.506266E-09
    229  -7.142857E-10   2.756892E-09
    230  -6.349206E-10   3.258145E-09
    231  -6.349206E-10   3.007519E-09
    232  -7.142857E-10   3.007519E-09
    233  -5.555556E-10   3.258145E-09
    234  -4.761905E-10   3.759398E-09
    235  -4.761905E-10   3.508772E-09
    236  -5.555556E-10   3.508772E-09
    237  -3.968254E-10   3.759398E-09
    238  -3.174603E-10   4.260652E-09
    239  -3.174603E-10   4.010025E-09
    240  -3.968254E-10   4.010025E-09
    241  -2.380952E-10   4.260652E-09
    242  -1.587302E-10   4.761905E-09
    243  -1.587302E-10   4.511278E-09
    244  -7.309175E-22   5.012531E-09
    245  -2.380952E-10   4.511278E-09
    246  -7.936508E-11   4.761905E-09
    247  -7.936508E-11   5.012531E-09
    248  -7.686576E-22   5.263158E-09
    249  -1.428571E-09   1.002506E-09
    250  -1.349206E-09   1.253133E-09
    251  -1.269841E-09   1.754386E-09
    252  -1.269841E-09   1.503759E-09
    253  -1.349206E-09   1.503759E-09
    254  -1.190476E-09   1.754386E-09
    255  -1.428571E-09   1.754386E-09
    256  -1.111111E-09   2.255639E-09
    257  -1.111111E-09   2.005013E-09
    258  -1.190476E-09   2.005013E-09
    259  -1.031746E-09   2.255639E-09
    260  -9.523810E-10   2.756892E-09
    261  -9.523810E-10   2.506266E-09
    262  -1.031746E-09   2.506266E-09
    263  -8.730159E-10   2.756892E-09
    264  -7.936508E-10   3.258145E-09
    265  -7.936508E-10   3.007519E-09
    266  -8.730159E-10   3.007519E-09
    267  -7.142857E-10   3.258145E-09
    268  -6.349206E-10   3.759398E-09
    269  -6.349206E-10   3.508772E-09
    270  -7.142857E-10   3.508772E-09
    271  -5.555556E-10   3.759398E-09
    272  -4.761905E-10   4.260652E-09
    273  -4.761905E-10   4.010025E-09
    274  -5.555556E-10   4.010025E-09
    275  -3.968254E-10   4.260652E-09
    276  -3.174603E-10   4.761905E-09
    277  -3.174603E-10   4.511278E-09
    278  -3.968254E-10   4.511278E-09
    279  -2.380952E-10   4.761905E-09
    280  -1.587302E-10   5.263158E-09
    281  -1.587302E-10   5.012531E-09
    282  -8.050535E-22   5.513784E-09
    283  -2.380952E-10   5.012531E-09
    284  -7.936508E-11   5.263158E-09
    285  -7.936508E-11   5.513784E-09
    286  -8.395883E-22   5.764411E-09
    287  -1.428571E-09   1.503759E-09
    288  -1.349206E-09   1.754386E-09
    289  -1.269841E-09   2.255639E-09
    290  -1.269841E-09   2.005013E-09
    291  -1.349206E-09   2.005013E-09
    292  -1.190476E-09   2.255639E-09
    293  -1.428571E-09   2.255639E-09
    294  -1.111111E-09   2.756892E-09
    295  -1.111111E-09   2.506266E-09
    296  -1.190476E-09   2.506266E-09
    297  -1.031746E-09   2.756892E-09
    298  -9.523810E-10   3.258145E-09
    299  -9.523810E-10   3.007519E-09
    300  -1.031746E-09   3.007519E-09
    301  -8.730159E-10   3.258145E-09
    302  -7.936508E-10   3.759398E-09
    303  -7.936508E-10   3.508772E-09
    304  -8.730159E-10   3.508772E-09
    305  -7.142857E-10   3.759398E-09
    306  -6.349206E-10   4.260652E-09
    307  -6.349206E-10   4.010025E-09
    308  -7.142857E-10   4.010025E-09
    309  -5.555556E-10   4.260652E-09
    310  -4.761905E-10   4.761905E-09
    311  -4.761905E-10   4.511278E-09
    312  -5.555556E-10   4.511278E-09
    313  -3.968254E-10   4.761905E-09
    314  -3.174603E-10   5.263158E-09
    315  -3.174603E-10   5.012531E-09
    316  -3.968254E-10   5.012531E-09
    317  -2.380952E-10   5.263158E-09
    318  -1.587302E-10   5.764411E-09
    319  -1.587302E-10   5.513784E-09
    320  -8.772250E-22   6.015038E-09
    321  -2.380952E-10   5.513784E-09
    322  -7.936508E-11   5.764411E-09
    323  -7.936508E-11   6.015038E-09
    324  -9.134142E-22   6.265664E-09
    325  -1.428571E-09   2.005013E-09
    326  -1.349206E-09   2.255639E-09
    327  -1.269841E-09   2.756892E-09
    328  -1.269841E-09   2.506266E-09
    329  -1.349206E-09   2.506266E-09
    330  -1.190476E-09   2.756892E-09
    331  -1.428571E-09   2.756892E-09
    332  -1.111111E-09   3.258145E-09
    333  -1.111111E-09   3.007519E-09
    334  -1.190476E-09   3.007519E-09
    335  -1.031746E-09   3.258145E-09
    336  -9.523810E-10   3.759398E-09
    337  -9.523810E-10   3.508772E-09
    338  -1.031746E-09   3.508772E-09
    339  -8.730159E-10   3.759398E-09
    340  -7.936508E-10   4.260652E-09
    341  -7.936508E-10   4.010025E-09
    342  -8.730159E-10   4.010025E-09
    343  -7.142857E-10   4.260652E-09
    344  -6.349206E-10   4.761905E-09
    345  -6.349206E-10   4.511278E-09
    346  -7.142857E-10   4.511278E-09
    347  -5.555556E-10   4.761905E-09
    348  -4.761905E-10   5.263158E-09
    349  -4.761905E-10   5.012531E-09
    350  -5.555556E-10   5.012531E-09
    351  -3.968254E-10   5.263158E-09
    352  -3.174603E-10   5.764411E-09
    353  -3.174603E-10   5.513784E-09
    354  -3.968254E-10   5.513784E-09
    355  -2.380952E-10   5.764411E-09
    356  -1.587302E-10   6.265664E-09
    357  -1.587302E-10   6.015038E-09
    358  -9.475354E-22   6.516291E-09
    359  -2.380952E-10   6.015038E-09
    360  -7.936508E-11   6.265664E-09
    361  -7.936508E-11   6.516291E-09
    362  -9.851721E-22   6.766917E-09
    363  -1.428571E-09   2.506266E-09
    364  -1.349206E-09   2.756892E-09
    365  -1.269841E-09   3.258145E-09
    366  -1.269841E-09   3.007519E-09
    367  -1.349206E-09   3.007519E-09
    368  -1.190476E-09   3.258145E-09
    369  -1.428571E-09   3.258145E-09
    370  -1.111111E-09   3.759398E-09
    371  -1.111111E-09   3.508772E-09
    372  -1.190476E-09   3.508772E-09
    373  -1.031746E-09   3.759398E-09
    374  -9.523810E-10   4.260652E-09
    375  -9.523810E-10   4.010025E-09
    376  -1.031746E-09   4.010025E-09
    377  -8.730159E-10   4.260652E-09
    378  -7.936508E-10   4.761905E-09
    379  -7.936508E-10   4.511278E-09
    380  -8.730159E-10   4.511278E-09
    381  -7.142857E-10   4.761905E-09
    382  -6.349206E-10   5.263158E-09
    383  -6.349206E-10   5.012531E-09
    384  -7.142857E-10   5.012531E-09
    385  -5.555556E-10   5.263158E-09
    386  -4.761905E-10   5.764411E-09
    387  -4.761905E-10   5.513784E-09
    388  -5.555556E-10   5.513784E-09
    389  -3.968254E-10   5.764411E-09
    390  -3.174603E-10   6.265664E-09
    391  -3.174603E-10   6.015038E-09
    392  -3.968254E-10   6.015038E-09
    393  -2.380952E-10   6.265664E-09
    394  -1.587302E-10   6.766917E-09
    395  -1.587302E-10   6.516291E-09
    396  -1.022395E-21   7.017544E-09
    397  -2.380952E-10   6.516291E-09
    398  -7.936508E-11   6.766917E-09
    399  -7.936508E-11   7.017544E-09
    400  -1.059205E-21   7.268170E-09
    401  -1.428571E-09   3.007519E-09
    402  -1.349206E-09   3.258145E-09
    403  -1.269841E-09   3.759398E-09
    404  -1.269841E-09   3.508772E-09
    405  -1.349206E-09   3.508772E-09
    406  -1.190476E-09   3.759398E-09
    407  -1.428571E-09   3.759398E-09
    408  -1.111111E-09   4.260652E-09
    409  -1.111111E-09   4.010025E-09
    410  -1.190476E-09   4.010025E-09
    411  -1.031746E-09   4.260652E-09
    412  -9.523810E-10   4.761905E-09
    413  -9.523810E-10   4.511278E-09
    414  -1.031746E-09   4.511278E-09
    415  -8.730159E-10   4.761905E-09
    416  -7.936508E-10   5.263158E-09
    417  -7.936508E-10   5.012531E-09
    418  -8.730159E-10   5.012531E-09
    419  -7.142857E-10   5.263158E-09
    420  -6.349206E-10   5.764411E-09
    421  -6.349206E-10   5.513784E-09
    422  -7.142857E-10   5.513784E-09
    423  -5.555556E-10   5.764411E-09
    424  -4.761905E-10   6.265664E-09
    425  -4.761905E-10   6.015038E-09
    426  -5.555556E-10   6.015038E-09
    427  -3.968254E-10   6.265664E-09
    428  -3.174603E-10   6.766917E-09
    429  -3.174603E-10   6.516291E-09
    430  -3.968254E-10   6.516291E-09
    431  -2.380952E-10   6.766917E-09
    432  -1.587302E-10   7.268170E-09
    433  -1.587302E-10   7.017544E-09
    434  -1.097462E-21   7.518797E-09
    435  -2.380952E-10   7.017544E-09
    436  -7.936508E-11   7.268170E-09
    437  -7.936508E-11   7.518797E-09
    438  -1.131997E-21   7.769424E-09
    439  -1.428571E-09   3.508772E-09
    440  -1.349206E-09   3.759398E-09
    441  -1.269841E-09   4.260652E-09
    442  -1.269841E-09   4.010025E-09
    443  -1.349206E-09   4.010025E-09
    444  -1.190476E-09   4.260652E-09
    445  -1.428571E-09   4.260652E-09
    446  -1.111111E-09   4.761905E-09
    447  -1.111111E-09   4.511278E-09
    448  -1.190476E-09   4.511278E-09
    449  -1.031746E-09   4.761905E-09
    450  -9.523810E-10   5.263158E-09
    451  -9.523810E-10   5.012531E-09
    452  -1.031746E-09   5.012531E-09
    453  -8.730159E-10   5.263158E-09
    454  -7.936508E-10   5.764411E-09
    455  -7.936508E-10   5.513784E-09
    456  -8.730159E-10   5.513784E-09
    457  -7.142857E-10   5.764411E-09
    458  -6.349206E-10   6.265664E-09
    459  -6.349206E-10   6.015038E-09
    460  -7.142857E-10   6.015038E-09
    461  -5.555556E-10   6.265664E-09
    462  -4.761905E-10   6.766917E-09
    463  -4.761905E-10   6.516291E-09
    464  -5.555556E-10   6.516291E-09
    465  -3.968254E-10   6.766917E-09
    466  -3.174603E-10   7.268170E-09
    467  -3.174603E-10   7.017544E-09
    468  -3.968254E-10   7.017544E-09
    469  -2.380952E-10   7.268170E-09
    470  -1.587302E-10   7.769424E-09
    471  -1.587302E-10   7.518797E-09
    472  -1.165497E-21   8.020050E-09
    473  -2.380952E-10   7.518797E-09
    474  -7.936508E-11   7.769424E-09
    475  -7.936508E-11   8.020050E-09
    476  -1.200653E-21   8.270677E-09
    477  -1.428571E-09   4.010025E-09
    478  -1.349206E-09   4.260652E-09
    479  -1.269841E-09   4.761905E-09
    480  -1.269841E-09   4.511278E-09
    481  -1.349206E-09   4.511278E-09
    482  -1.190476E-09   4.761905E-09
    483  -1.428571E-09   4.761905E-09
    484  -1.111111E-09   5.263158E-09
    485  -1.111111E-09   5.012531E-09
    486  -1.190476E-09   5.012531E-09
    487  -1.031746E-09   5.263158E-09
    488  -9.523810E-10   5.764411E-09
    489  -9.523810E-10   5.513784E-09
    490  -1.031746E-09   5.513784E-09
    491  -8.730159E-10   5.764411E-09
    492  -7.936508E-10   6.265664E-09
    493  -7.936508E-10   6.015038E-09
    494  -8.730159E-10   6.015038E-09
    495  -7.142857E-10   6.265664E-09
    496  -6.349206E-10   6.766917E-09
    497  -6.349206E-10   6.516291E-09
    498  -7.142857E-10   6.516291E-09
    499  -5.555556E-10   6.766917E-09
    500  -4.761905E-10   7.268170E-09
    501  -4.761905E-10   7.017544E-09
    502  -5.555556E-10   7.017544E-09
    503  -3.968254E-10   7.268170E-09
    504  -3.174603E-10   7.769424E-09
    505  -3.174603E-10   7.518797E-09
    506  -3.968254E-10   7.518797E-09
    507  -2.380952E-10   7.769424E-09
    508  -1.587302E-10   8.270677E-09
    509  -1.587302E-10   8.020050E-09
    510  -1.236221E-21   8.521303E-09
    511  -2.380952E-10   8.020050E-09
    512  -7.936508E-11   8.270677E-09
    513  -7.936508E-11   8.521303E-09
    514  -1.276340E-21   8.771930E-09
    515  -1.351200E-21   9.273183E-09
    516  -7.936508E-11   9.022556E-09
    517  -7.936508E-11   9.523810E-09
    518  -1.428571E-09   4.511278E-09
    519  -1.349206E-09   4.761905E-09
    520  -1.269841E-09   5.263158E-09
    521  -1.269841E-09   5.012531E-09
    522  -1.349206E-09   5.012531E-09
    523  -1.190476E-09   5.263158E-09
    524  -1.428571E-09   5.263158E-09
    525  -1.111111E-09   5.764411E-09
    526  -1.111111E-09   5.513784E-09
    527  -1.190476E-09   5.513784E-09
    528  -1.031746E-09   5.764411E-09
    529  -9.523810E-10   6.265664E-09
    530  -9.523810E-10   6.015038E-09
    531  -1.031746E-09   6.015038E-09
    532  -8.730159E-10   6.265664E-09
    533  -7.936508E-10   6.766917E-09
    534  -7.936508E-10   6.516291E-09
    535  -8.730159E-10   6.516291E-09
    536  -7.142857E-10   6.766917E-09
    537  -6.349206E-10   7.268170E-09
    538  -6.349206E-10   7.017544E-09
    539  -7.142857E-10   7.017544E-09
    540  -5.555556E-10   7.268170E-09
    541  -4.761905E-10   7.769424E-09
    542  -4.761905E-10   7.518797E-09
    543  -5.555556E-10   7.518797E-09
    544  -3.968254E-10   7.769424E-09
    545  -3.174603E-10   8.270677E-09
    546  -3.174603E-10   8.020050E-09
    547  -3.968254E-10   8.020050E-09
    548  -2.380952E-10   8.270677E-09
    549  -1.587302E-10   8.521303E-09
    550  -1.312684E-21   9.022556E-09
    551  -7.936508E-11   8.771930E-09
    552  -1.387182E-21   9.523810E-09
    553  -7.936508E-11   9.273183E-09
    554  -2.380952E-10   8.521303E-09
    555  -1.587302E-10   8.771930E-09
    556  -1.587302E-10   9.273183E-09
    557  -2.380952E-10   9.022556E-09
    558  -2.380952E-10   9.523810E-09
    559  -1.428571E-09   5.012531E-09
    560  -1.349206E-09   5.263158E-09
    561  -1.269841E-09   5.764411E-09
    562  -1.269841E-09   5.513784E-09
    563  -1.349206E-09   5.513784E-09
    564  -1.190476E-09   5.764411E-09
    565  -1.428571E-09   5.764411E-09
    566  -1.111111E-09   6.265664E-09
    567  -1.111111E-09   6.015038E-09
    568  -1.190476E-09   6.015038E-09
    569  -1.031746E-09   6.265664E-09
    570  -9.523810E-10   6.766917E-09
    571  -9.523810E-10   6.516291E-09
    572  -1.031746E-09   6.516291E-09
    573  -8.730159E-10   6.766917E-09
    574  -7.936508E-10   7.268170E-09
    575  -7.936508E-10   7.017544E-09
    576  -8.730159E-10   7.017544E-09
    577  -7.142857E-10   7.268170E-09
    578  -6.349206E-10   7.769424E-09
    579  -6.349206E-10   7.518797E-09
    580  -7.142857E-10   7.518797E-09
    581  -5.555556E-10   7.769424E-09
    582  -4.761905E-10   8.270677E-09
    583  -4.761905E-10   8.020050E-09
    584  -5.555556E-10   8.020050E-09
    585  -3.968254E-10   8.270677E-09
    586  -3.174603E-10   8.521303E-09
    587  -1.587302E-10   9.022556E-09
    588  -1.587302E-10   9.523810E-09
    589  -2.380952E-10   8.771930E-09
    590  -2.380952E-10   9.273183E-09
    591  -3.968254E-10   8.521303E-09
    592  -3.174603E-10   8.771930E-09
    593  -3.174603E-10   9.273183E-09
    594  -3.968254E-10   9.022556E-09
    595  -3.968254E-10   9.523810E-09
    596  -1.428571E-09   5.513784E-09
    597  -1.349206E-09   5.764411E-09
    598  -1.269841E-09   6.265664E-09
    599  -1.269841E-09   6.015038E-09
    600  -1.349206E-09   6.015038E-09
    601  -1.190476E-09   6.265664E-09
    602  -1.428571E-09   6.265664E-09
    603  -1.111111E-09   6.766917E-09
    604  -1.111111E-09   6.516291E-09
    605  -1.190476E-09   6.516291E-09
    606  -1.031746E-09   6.766917E-09
    607  -9.523810E-10   7.268170E-09
    608  -9.523810E-10   7.017544E-09
    609  -1.031746E-09   7.017544E-09
    610  -8.730159E-10   7.268170E-09
    611  -7.936508E-10   7.769424E-09
    612  -7.936508E-10   7.518797E-09
    613  -8.730159E-10   7.518797E-09
    614  -7.142857E-10   7.769424E-09
    615  -6.349206E-10   8.270677E-09
    616  -6.349206E-10   8.020050E-09
    617  -7.142857E-10   8.020050E-09
    618  -5.555556E-10   8.270677E-09
    619  -4.761905E-10   8.521303E-09
    620  -3.174603E-10   9.022556E-09
    621  -3.174603E-10   9.523810E-09
    622  -3.968254E-10   8.771930E-09
    623  -3.968254E-10   9.273183E-09
    624  -5.555556E-10   8.521303E-09
    625  -4.761905E-10   8.771930E-09
    626  -4.761905E-10   9.273183E-09
    627  -5.555556E-10   9.022556E-09
    628  -5.555556E-10   9.523810E-09
    629  -1.428571E-09   6.015038E-09
    630  -1.349206E-09   6.265664E-09
    631  -1.269841E-09   6.766917E-09
    632  -1.269841E-09   6.516291E-09
    633  -1.349206E-09   6.516291E-09
    634  -1.190476E-09   6.766917E-09
    635  -1.428571E-09   6.766917E-09
    636  -1.111111E-09   7.268170E-09
    637  -1.111111E-09   7.017544E-09
    638  -1.190476E-09   7.017544E-09
    639  -1.031746E-09   7.268170E-09
    640  -9.523810E-10   7.769424E-09
    641  -9.523810E-10   7.518797E-09
    642  -1.031746E-09   7.518797E-09
    643  -8.730159E-10   7.769424E-09
    644  -7.936508E-10   8.270677E-09
    645  -7.936508E-10   8.020050E-09
    646  -8.730159E-10   8.020050E-09
    647  -7.142857E-10   8.270677E-09
    648  -6.349206E-10   8.521303E-09
    649  -4.761905E-10   9.022556E-09
    650  -4.761905E-10   9.523810E-09
    651  -5.555556E-10   8.771930E-09
    652  -5.555556E-10   9.273183E-09
    653  -7.142857E-10   8.521303E-09
    654  -6.349206E-10   8.771930E-09
    655  -6.349206E-10   9.273183E-09
    656  -7.142857E-10   9.022556E-09
    657  -7.142857E-10   9.523810E-09
    658  -1.428571E-09   6.516291E-09
    659  -1.349206E-09   6.766917E-09
    660  -1.269841E-09   7.268170E-09
    661  -1.269841E-09   7.017544E-09
    662  -1.349206E-09   7.017544E-09
    663  -1.190476E-09   7.268170E-09
    664  -1.428571E-09   7.268170E-09
    665  -1.111111E-09   7.769424E-09
    666  -1.111111E-09   7.518797E-09
    667  -1.190476E-09   7.518797E-09
    668  -1.031746E-09   7.769424E-09
    669  -9.523810E-10   8.270677E-09
    670  -9.523810E-10   8.020050E-09
    671  -1.031746E-09   8.020050E-09
    672  -8.730159E-10   8.270677E-09
    673  -7.936508E-10   8.521303E-09
    674  -6.349206E-10   9.022556E-09
    675  -6.349206E-10   9.523810E-09
    676  -7.142857E-10   8.771930E-09
    677  -7.142857E-10   9.273183E-09
    678  -8.730159E-10   8.521303E-09
    679  -7.936508E-10   8.771930E-09
    680  -7.936508E-10   9.273183E-09
    681  -8.730159E-10   9.022556E-09
    682  -1.428571E-09   7.017544E-09
    683  -1.349206E-09   7.268170E-09
    684  -1.269841E-09   7.769424E-09
    685  -8.730159E-10   9.523810E-09
    686  -1.269841E-09   7.518797E-09
    687  -1.349206E-09   7.518797E-09
    688  -1.190476E-09   7.769424E-09
    689  -1.428571E-09   7.769424E-09
    690  -1.111111E-09   8.270677E-09
    691  -1.111111E-09   8.020050E-09
    692  -1.190476E-09   8.020050E-09
    693  -1.031746E-09   8.270677E-09
    694  -9.523810E-10   8.521303E-09
    695  -7.936508E-10   9.022556E-09
    696  -7.936508E-10   9.523810E-09
    697  -8.730159E-10   8.771930E-09
    698  -8.730159E-10   9.273183E-09
    699  -1.031746E-09   8.521303E-09
    700  -9.523810E-10   8.771930E-09
    701  -1.428571E-09   7.518797E-09
    702  -1.349206E-09   7.769424E-09
    703  -1.269841E-09   8.270677E-09
    704  -1.031746E-09   9.022556E-09
    705  -9.523810E-10   9.273183E-09
    706  -1.269841E-09   8.020050E-09
    707  -1.349206E-09   8.020050E-09
    708  -1.190476E-09   8.270677E-09
    709  -1.111111E-09   8.521303E-09
    710  -9.523810E-10   9.022556E-09
    711  -9.523810E-10   9.523810E-09
    712  -1.031746E-09   8.771930E-09
    713  -1.428571E-09   8.270677E-09
    714  -1.190476E-09   8.521303E-09
    715  -1.111111E-09   8.771930E-09
    716  -1.428571E-09   8.020050E-09
    717  -1.349206E-09   8.270677E-09
    718  -1.269841E-09   8.771930E-09
    719  -1.031746E-09   9.273183E-09
    720  -1.031746E-09   9.523810E-09
    721  -1.269841E-09   8.521303E-09
    722  -1.111111E-09   9.022556E-09
    723  -1.111111E-09   9.523810E-09
    724  -1.349206E-09   8.521303E-09
    725  -1.190476E-09   8.771930E-09
    726  -1.428571E-09   8.521303E-09
    727  -1.349206E-09   8.771930E-09
    728  -1.190476E-09   9.022556E-09
    729  -1.111111E-09   9.273183E-09
    730  -1.428571E-09   8.771930E-09
    731  -1.190476E-09   9.523810E-09
    732  -1.269841E-09   9.022556E-09
    733  -1.428571E-09   9.022556E-09
    734  -1.190476E-09   9.273183E-09
    735  -1.349206E-09   9.022556E-09
    736  -1.269841E-09   9.273183E-09
    737  -1.428571E-09   9.523810E-09
    738  -1.269841E-09   9.523810E-09
    739  -1.349206E-09   9.273183E-09
    740  -1.349206E-09   9.523810E-09
    741  -1.428571E-09   9.273183E-09
 
 *** NODAL STRESS ***
  NODE         SXX            SYY            SXY            SI            S2
----------------------------------------------------------------------------------
      1  -3.939071E-12   1.000000E+01  -2.155426E-12   1.000000E+01  -3.939071E-12
      2  -1.236788E-12   1.000000E+01  -9.710385E-13   1.000000E+01  -1.236344E-12
      3  -2.721379E-12   1.000000E+01  -1.168297E-12   1.000000E+01  -2.721379E-12
      4  -8.750778E-13   1.000000E+01  -3.320151E-13   1.000000E+01  -8.748557E-13
      5   5.197324E-13   1.000000E+01  -1.190746E-14   1.000000E+01   5.195844E-13
      6  -1.355064E-12   1.000000E+01  -2.081511E-13   1.000000E+01  -1.355360E-12
      7  -4.058975E-13   1.000000E+01  -1.649047E-13   1.000000E+01  -4.058975E-13
      8  -8.060219E-13   1.000000E+01  -2.516538E-14   1.000000E+01  -8.064660E-13
      9  -1.540990E-13   1.000000E+01  -2.868858E-13   1.000000E+01  -1.545430E-13
     10   1.465494E-13   1.000000E+01   1.264950E-13   1.000000E+01   1.465494E-13
     11  -5.657697E-13   1.000000E+01  -1.205136E-13   1.000000E+01  -5.657697E-13
     12  -6.316429E-13   1.000000E+01   1.746670E-14   1.000000E+01  -6.314949E-13
     13  -6.052936E-13   1.000000E+01  -1.913886E-13   1.000000E+01  -6.057377E-13
     14  -4.622969E-13   1.000000E+01   1.703674E-14   1.000000E+01  -4.627410E-13
     15  -1.587619E-13   1.000000E+01  -2.432830E-13   1.000000E+01  -1.589839E-13
     16  -4.019007E-13   1.000000E+01  -3.989743E-13   1.000000E+01  -4.023448E-13
     17   6.794565E-14   1.000000E+01   7.099849E-14   1.000000E+01   6.750156E-14
     18  -4.338752E-13   1.000000E+01  -3.043350E-13   1.000000E+01  -4.343192E-13
     19  -1.088019E-13   1.000000E+01  -1.484118E-13   1.000000E+01  -1.092459E-13
     20  -1.687539E-14   1.000000E+01  -5.095291E-14   1.000000E+01  -1.687539E-14
     21   3.419487E-14   1.000000E+01   4.721292E-14   1.000000E+01   3.375078E-14
     22  -3.779199E-13   1.000000E+01  -6.831671E-14   1.000000E+01  -3.783640E-13
     23  -4.063416E-13   1.000000E+01   3.976264E-15   1.000000E+01  -4.067857E-13
     24  -4.398704E-13   1.000000E+01  -1.004972E-13   1.000000E+01  -4.396483E-13
     25  -3.170797E-13   1.000000E+01   4.231347E-15   1.000000E+01  -3.170797E-13
     26  -2.815526E-13   1.000000E+01  -2.060898E-13   1.000000E+01  -2.815526E-13
     27  -4.213666E-13   1.000000E+01  -2.218763E-13   1.000000E+01  -4.209966E-13
     28  -3.563816E-13   1.000000E+01  -1.648402E-13   1.000000E+01  -3.561595E-13
     29  -2.000622E-13   1.000000E+01  -2.033060E-13   1.000000E+01  -1.998401E-13
     30  -5.995204E-15   1.000000E+01  -9.328460E-14   1.000000E+01  -6.217249E-15
     31  -3.715546E-14   1.000000E+01  -1.471900E-13   1.000000E+01  -3.730349E-14
     32  -1.628327E-15   1.000000E+01   3.450964E-14   1.000000E+01  -1.776357E-15
     33  -1.165734E-13   1.000000E+01  -1.737743E-13   1.000000E+01  -1.163514E-13
     34  -2.309264E-14   1.000000E+01  -4.941222E-14   1.000000E+01  -2.309264E-14
     35  -6.217249E-15   1.000000E+01  -2.462249E-14   1.000000E+01  -6.217249E-15
     36   4.440892E-15   1.000000E+01   2.538808E-14   1.000000E+01   4.440892E-15
     37  -2.626788E-13   1.000000E+01  -4.860754E-14   1.000000E+01  -2.629008E-13
     38  -2.719306E-13   1.000000E+01   6.166171E-15   1.000000E+01  -2.717826E-13
     39  -3.019807E-13   1.000000E+01  -5.773834E-14   1.000000E+01  -3.019807E-13
     40  -1.927347E-13   1.000000E+01   6.792425E-15   1.000000E+01  -1.927347E-13
     41  -2.611245E-13   1.000000E+01  -1.567423E-13   1.000000E+01  -2.611245E-13
     42  -3.201883E-13   1.000000E+01  -1.289381E-13   1.000000E+01  -3.197442E-13
     43  -2.751133E-13   1.000000E+01  -1.069376E-13   1.000000E+01  -2.753353E-13
     44  -2.471356E-13   1.000000E+01  -1.673206E-13   1.000000E+01  -2.469136E-13
     45  -1.003642E-13   1.000000E+01  -1.550010E-13   1.000000E+01  -1.003642E-13
     46  -1.672736E-13   1.000000E+01  -1.862639E-13   1.000000E+01  -1.678657E-13
     47  -1.945111E-13   1.000000E+01  -1.855870E-13   1.000000E+01  -1.945111E-13
     48  -6.528111E-14   1.000000E+01  -1.158054E-13   1.000000E+01  -6.572520E-14
     49  -1.487699E-14   1.000000E+01  -3.392106E-14   1.000000E+01  -1.509903E-14
     50  -1.480297E-16   1.000000E+01  -6.026708E-14   1.000000E+01   0.000000E+00
     51   2.960595E-15   1.000000E+01   6.259097E-15   1.000000E+01   2.664535E-15
     52  -2.930989E-14   1.000000E+01  -9.720958E-14   1.000000E+01  -2.930989E-14
     53  -1.110223E-14   1.000000E+01  -2.790809E-14   1.000000E+01  -1.065814E-14
     54  -6.217249E-15   1.000000E+01  -1.199079E-14   1.000000E+01  -6.217249E-15
     55  -7.993606E-15   1.000000E+01  -4.454049E-15   1.000000E+01  -7.993606E-15
     56  -1.365574E-13   1.000000E+01  -3.691664E-14   1.000000E+01  -1.367795E-13
     57  -1.317465E-13   1.000000E+01   1.339327E-15   1.000000E+01  -1.323386E-13
     58  -1.838529E-13   1.000000E+01  -4.780122E-14   1.000000E+01  -1.838529E-13
     59  -9.414691E-14   1.000000E+01   3.560392E-30   1.000000E+01  -9.414691E-14
     60  -1.969536E-13   1.000000E+01  -1.268653E-13   1.000000E+01  -1.971756E-13
     61  -2.390680E-13   1.000000E+01  -9.490039E-14   1.000000E+01  -2.389200E-13
     62  -1.718625E-13   1.000000E+01  -8.043550E-14   1.000000E+01  -1.723066E-13
     63  -2.238210E-13   1.000000E+01  -1.341031E-13   1.000000E+01  -2.238210E-13
     64  -1.474376E-13   1.000000E+01  -1.726854E-13   1.000000E+01  -1.474376E-13
     65  -1.965835E-13   1.000000E+01  -1.734504E-13   1.000000E+01  -1.962874E-13
     66  -1.727507E-13   1.000000E+01  -1.550385E-13   1.000000E+01  -1.731948E-13
     67  -1.221245E-13   1.000000E+01  -1.510833E-13   1.000000E+01  -1.225686E-13
     68  -3.264056E-14   1.000000E+01  -1.162653E-13   1.000000E+01  -3.286260E-14
     69  -5.003405E-14   1.000000E+01  -1.308347E-13   1.000000E+01  -5.062617E-14
     70  -9.303669E-14   1.000000E+01  -1.476062E-13   1.000000E+01  -9.325873E-14
     71  -3.153033E-14   1.000000E+01  -8.486425E-14   1.000000E+01  -3.197442E-14
     72  -2.819966E-14   1.000000E+01  -5.337546E-14   1.000000E+01  -2.842171E-14
     73  -2.213045E-14   1.000000E+01  -4.112486E-14   1.000000E+01  -2.220446E-14
     74  -2.945792E-14   1.000000E+01  -1.086257E-14   1.000000E+01  -2.930989E-14
     75  -3.552714E-14   1.000000E+01  -7.682505E-14   1.000000E+01  -3.552714E-14
     76  -2.375877E-14   1.000000E+01  -3.021440E-14   1.000000E+01  -2.398082E-14
     77  -3.219647E-14   1.000000E+01  -2.342033E-14   1.000000E+01  -3.197442E-14
     78  -1.154632E-14   1.000000E+01   1.603458E-14   1.000000E+01  -1.154632E-14
     79  -5.306866E-14   1.000000E+01  -2.448300E-14   1.000000E+01  -5.329071E-14
     80  -5.506706E-14   1.000000E+01   3.819004E-15   1.000000E+01  -5.506706E-14
     81  -9.814372E-14   1.000000E+01  -3.662029E-14   1.000000E+01  -9.858780E-14
     82  -4.041212E-14   1.000000E+01  -2.115673E-15   1.000000E+01  -4.085621E-14
     83  -1.243450E-13   1.000000E+01  -1.003094E-13   1.000000E+01  -1.243450E-13
     84  -1.267875E-13   1.000000E+01  -7.135355E-14   1.000000E+01  -1.270095E-13
     85  -9.015011E-14   1.000000E+01  -6.123640E-14   1.000000E+01  -9.059420E-14
     86  -1.327827E-13   1.000000E+01  -1.112218E-13   1.000000E+01  -1.332268E-13
     87  -1.192380E-13   1.000000E+01  -1.517494E-13   1.000000E+01  -1.199041E-13
     88  -1.418125E-13   1.000000E+01  -1.503582E-13   1.000000E+01  -1.421085E-13
     89  -1.265654E-13   1.000000E+01  -1.420375E-13   1.000000E+01  -1.270095E-13
     90  -1.232348E-13   1.000000E+01  -1.602121E-13   1.000000E+01  -1.234568E-13
     91  -4.951595E-14   1.000000E+01  -1.641105E-13   1.000000E+01  -4.973799E-14
     92  -9.747758E-14   1.000000E+01  -1.669421E-13   1.000000E+01  -9.769963E-14
     93  -9.370282E-14   1.000000E+01  -1.570721E-13   1.000000E+01  -9.414691E-14
     94  -5.195844E-14   1.000000E+01  -1.425084E-13   1.000000E+01  -5.240253E-14
     95  -3.441691E-14   1.000000E+01  -1.128927E-13   1.000000E+01  -3.463896E-14
     96  -3.774758E-14   1.000000E+01  -1.088509E-13   1.000000E+01  -3.730349E-14
     97  -3.730349E-14   1.000000E+01  -1.412040E-13   1.000000E+01  -3.730349E-14
     98  -4.574119E-14   1.000000E+01  -8.483218E-14   1.000000E+01  -4.618528E-14
     99  -1.132427E-14   1.000000E+01  -4.462475E-14   1.000000E+01  -1.154632E-14
    100  -3.515706E-14   1.000000E+01  -5.268022E-14   1.000000E+01  -3.552714E-14
    101  -1.480297E-14   1.000000E+01  -2.495875E-15   1.000000E+01  -1.509903E-14
    102  -3.885781E-14   1.000000E+01  -7.183028E-14   1.000000E+01  -3.907985E-14
    103  -2.131628E-14   1.000000E+01  -1.923667E-14   1.000000E+01  -2.131628E-14
    104  -8.881784E-15   1.000000E+01  -2.645946E-14   1.000000E+01  -8.881784E-15
    105   1.332268E-15   1.000000E+01  -1.336215E-14   1.000000E+01   1.776357E-15
    106  -1.465494E-14   1.000000E+01  -1.971189E-14   1.000000E+01  -1.509903E-14
    107  -2.546111E-14   1.000000E+01   3.660768E-15   1.000000E+01  -2.575717E-14
    108  -4.063416E-14   1.000000E+01  -2.736729E-14   1.000000E+01  -4.085621E-14
    109  -2.220446E-14   1.000000E+01   1.636863E-14   1.000000E+01  -2.220446E-14
    110  -5.484502E-14   1.000000E+01  -8.366102E-14   1.000000E+01  -5.506706E-14
    111  -6.172840E-14   1.000000E+01  -5.355496E-14   1.000000E+01  -6.217249E-14
    112  -4.751755E-14   1.000000E+01  -4.441386E-14   1.000000E+01  -4.796163E-14
    113  -8.748557E-14   1.000000E+01  -8.889453E-14   1.000000E+01  -8.704149E-14
    114  -9.414691E-14   1.000000E+01  -1.600988E-13   1.000000E+01  -9.414691E-14
    115  -1.101341E-13   1.000000E+01  -1.386090E-13   1.000000E+01  -1.101341E-13
    116  -7.926992E-14   1.000000E+01  -1.257531E-13   1.000000E+01  -7.904788E-14
    117  -1.030287E-13   1.000000E+01  -1.525269E-13   1.000000E+01  -1.030287E-13
    118  -5.817569E-14   1.000000E+01  -1.577635E-13   1.000000E+01  -5.861978E-14
    119  -9.325873E-14   1.000000E+01  -1.539517E-13   1.000000E+01  -9.325873E-14
    120  -9.880985E-14   1.000000E+01  -1.549017E-13   1.000000E+01  -9.858780E-14
    121  -5.528911E-14   1.000000E+01  -1.615494E-13   1.000000E+01  -5.595524E-14
    122  -4.884981E-15   1.000000E+01  -1.688634E-13   1.000000E+01  -5.329071E-15
    123  -2.908784E-14   1.000000E+01  -1.618647E-13   1.000000E+01  -2.930989E-14
    124  -3.774758E-14   1.000000E+01  -1.689861E-13   1.000000E+01  -3.819167E-14
    125  -1.509903E-14   1.000000E+01  -1.470385E-13   1.000000E+01  -1.509903E-14
    126  -3.907985E-14   1.000000E+01  -9.219957E-14   1.000000E+01  -3.907985E-14
    127  -2.316665E-14   1.000000E+01  -9.497699E-14   1.000000E+01  -2.309264E-14
    128  -1.199041E-14   1.000000E+01  -1.585367E-13   1.000000E+01  -1.243450E-14
    129   0.000000E+00   1.000000E+01  -6.057582E-14   1.000000E+01   0.000000E+00
    130   1.976197E-14   1.000000E+01  -2.108904E-14   1.000000E+01   1.953993E-14
    131   8.585725E-15   1.000000E+01  -5.014882E-14   1.000000E+01   8.881784E-15
    132   3.034610E-14   1.000000E+01  -4.151946E-14   1.000000E+01   3.019807E-14
    133  -8.215650E-15   1.000000E+01  -8.484927E-14   1.000000E+01  -7.993606E-15
    134   5.107026E-15   1.000000E+01  -3.756902E-14   1.000000E+01   4.440892E-15
    135   3.752554E-14   1.000000E+01  -4.223597E-14   1.000000E+01   3.730349E-14
    136  -1.998401E-14   1.000000E+01  -4.721292E-14   1.000000E+01  -2.042810E-14
    137  -1.398881E-14   1.000000E+01  -5.988829E-15   1.000000E+01  -1.421085E-14
    138  -3.478699E-14   1.000000E+01   9.004003E-15   1.000000E+01  -3.463896E-14
    139  -2.398082E-14   1.000000E+01  -1.411747E-14   1.000000E+01  -2.398082E-14
    140   2.220446E-14   1.000000E+01   4.565401E-15   1.000000E+01   2.220446E-14
    141  -7.549517E-15   1.000000E+01   1.276485E-14   1.000000E+01  -7.105427E-15
    142  -1.310063E-14   1.000000E+01  -3.485044E-14   1.000000E+01  -1.332268E-14
    143  -2.361074E-14   1.000000E+01  -2.941213E-14   1.000000E+01  -2.309264E-14
    144   1.776357E-14   1.000000E+01  -1.262260E-14   1.000000E+01   1.776357E-14
    145  -5.284662E-14   1.000000E+01  -6.313365E-14   1.000000E+01  -5.329071E-14
    146  -3.330669E-14   1.000000E+01  -1.121308E-13   1.000000E+01  -3.375078E-14
    147  -6.165439E-14   1.000000E+01  -1.111416E-13   1.000000E+01  -6.217249E-14
    148  -3.219647E-14   1.000000E+01  -8.134333E-14   1.000000E+01  -3.197442E-14
    149  -6.084022E-14   1.000000E+01  -1.490994E-13   1.000000E+01  -6.128431E-14
    150  -7.815970E-14   1.000000E+01  -1.776198E-13   1.000000E+01  -7.815970E-14
    151  -9.200048E-14   1.000000E+01  -1.671173E-13   1.000000E+01  -9.237056E-14
    152  -4.241052E-14   1.000000E+01  -1.580630E-13   1.000000E+01  -4.263256E-14
    153  -7.349676E-14   1.000000E+01  -1.475550E-13   1.000000E+01  -7.371881E-14
    154  -2.997602E-14   1.000000E+01  -1.507521E-13   1.000000E+01  -3.019807E-14
    155  -4.278059E-14   1.000000E+01  -1.574743E-13   1.000000E+01  -4.263256E-14
    156  -4.773959E-14   1.000000E+01  -1.559401E-13   1.000000E+01  -4.796163E-14
    157  -1.754152E-14   1.000000E+01  -1.585467E-13   1.000000E+01  -1.776357E-14
    158   1.443290E-14   1.000000E+01  -1.569893E-13   1.000000E+01   1.421085E-14
    159   1.968795E-14   1.000000E+01  -1.709417E-13   1.000000E+01   1.953993E-14
    160  -7.771561E-15   1.000000E+01  -1.468810E-13   1.000000E+01  -7.993606E-15
    161  -1.199041E-14   1.000000E+01  -1.574347E-13   1.000000E+01  -1.243450E-14
    162  -1.132427E-14   1.000000E+01  -1.217646E-13   1.000000E+01  -1.154632E-14
    163  -4.492703E-14   1.000000E+01  -1.237804E-13   1.000000E+01  -4.440892E-14
    164  -3.907985E-14   1.000000E+01  -1.366359E-13   1.000000E+01  -3.907985E-14
    165  -1.310063E-14   1.000000E+01  -4.871815E-14   1.000000E+01  -1.332268E-14
    166  -2.731149E-14   1.000000E+01  -1.042531E-14   1.000000E+01  -2.753353E-14
    167   2.745952E-14   1.000000E+01  -4.402409E-15   1.000000E+01   2.753353E-14
    168  -4.588922E-14   1.000000E+01   5.057372E-16   1.000000E+01  -4.618528E-14
    169   9.992007E-15   1.000000E+01  -6.160408E-14   1.000000E+01   9.769963E-15
    170  -6.883383E-15   1.000000E+01  -1.799719E-14   1.000000E+01  -7.105427E-15
    171  -5.528911E-14   1.000000E+01  -1.572138E-14   1.000000E+01  -5.595524E-14
    172  -2.930989E-14   1.000000E+01   3.295997E-14   1.000000E+01  -2.930989E-14
    173   2.042810E-14   1.000000E+01  -3.611350E-15   1.000000E+01   2.042810E-14
    174   4.685141E-14   1.000000E+01   1.264336E-14   1.000000E+01   4.707346E-14
    175   2.642331E-14   1.000000E+01  -3.084375E-14   1.000000E+01   2.575717E-14
    176   2.834769E-14   1.000000E+01  -1.326026E-14   1.000000E+01   2.842171E-14
    177  -1.776357E-15   1.000000E+01  -5.529587E-15   1.000000E+01  -1.776357E-15
    178   6.883383E-15   1.000000E+01  -2.739186E-14   1.000000E+01   7.105427E-15
    179  -5.329071E-15   1.000000E+01   2.754214E-14   1.000000E+01  -5.329071E-15
    180  -1.154632E-14   1.000000E+01  -4.732243E-14   1.000000E+01  -1.154632E-14
    181  -8.733754E-15   1.000000E+01  -5.123910E-14   1.000000E+01  -8.881784E-15
    182  -4.662937E-15   1.000000E+01  -4.504185E-14   1.000000E+01  -4.440892E-15
    183  -9.103829E-15   1.000000E+01  -8.584996E-14   1.000000E+01  -9.769963E-15
    184  -1.088019E-14   1.000000E+01  -1.232804E-13   1.000000E+01  -1.065814E-14
    185  -1.317465E-14   1.000000E+01  -1.283076E-13   1.000000E+01  -1.332268E-14
    186  -1.709743E-14   1.000000E+01  -9.169866E-14   1.000000E+01  -1.687539E-14
    187  -2.131628E-14   1.000000E+01  -1.760609E-13   1.000000E+01  -2.131628E-14
    188   1.332268E-14   1.000000E+01  -2.033386E-13   1.000000E+01   1.332268E-14
    189  -3.722948E-14   1.000000E+01  -1.928649E-13   1.000000E+01  -3.730349E-14
    190  -2.442491E-14   1.000000E+01  -1.635120E-13   1.000000E+01  -2.486900E-14
    191  -1.776357E-14   1.000000E+01  -1.614706E-13   1.000000E+01  -1.776357E-14
    192   4.440892E-15   1.000000E+01  -1.430314E-13   1.000000E+01   4.440892E-15
    193  -1.702342E-14   1.000000E+01  -1.410187E-13   1.000000E+01  -1.687539E-14
    194   2.664535E-15   1.000000E+01  -1.678007E-13   1.000000E+01   2.664535E-15
    195   3.330669E-15   1.000000E+01  -1.661925E-13   1.000000E+01   2.664535E-15
    196  -1.265654E-14   1.000000E+01  -1.725824E-13   1.000000E+01  -1.332268E-14
    197  -1.946591E-14   1.000000E+01  -1.618879E-13   1.000000E+01  -1.953993E-14
    198   1.110223E-15   1.000000E+01  -1.638808E-13   1.000000E+01   8.881784E-16
    199  -3.064216E-14   1.000000E+01  -1.200246E-13   1.000000E+01  -3.108624E-14
    200   3.108624E-15   1.000000E+01  -1.256935E-13   1.000000E+01   3.552714E-15
    201  -1.850372E-15   1.000000E+01  -1.244276E-13   1.000000E+01  -1.776357E-15
    202   1.332268E-15   1.000000E+01  -1.435378E-13   1.000000E+01   1.776357E-15
    203  -2.797762E-14   1.000000E+01  -8.471626E-14   1.000000E+01  -2.842171E-14
    204  -9.103829E-15   1.000000E+01  -4.825350E-14   1.000000E+01  -9.769963E-15
    205  -5.795364E-14   1.000000E+01  -3.177773E-14   1.000000E+01  -5.773160E-14
    206  -9.621933E-15   1.000000E+01   3.954249E-14   1.000000E+01  -9.769963E-15
    207  -2.753353E-14   1.000000E+01  -7.389256E-14   1.000000E+01  -2.753353E-14
    208  -3.086420E-14   1.000000E+01  -1.040571E-15   1.000000E+01  -3.108624E-14
    209  -6.661338E-15   1.000000E+01  -9.278623E-15   1.000000E+01  -7.105427E-15
    210   1.865175E-14   1.000000E+01   5.344859E-15   1.000000E+01   1.865175E-14
    211  -1.702342E-14   1.000000E+01   1.993350E-14   1.000000E+01  -1.687539E-14
    212   2.442491E-14   1.000000E+01  -1.061485E-14   1.000000E+01   2.486900E-14
    213   1.754152E-14   1.000000E+01  -4.688288E-14   1.000000E+01   1.776357E-14
    214   4.366877E-14   1.000000E+01  -4.535442E-14   1.000000E+01   4.352074E-14
    215   3.907985E-14   1.000000E+01  -2.202930E-14   1.000000E+01   3.907985E-14
    216  -4.440892E-15   1.000000E+01  -5.178233E-14   1.000000E+01  -4.440892E-15
    217   1.021405E-14   1.000000E+01   9.203594E-15   1.000000E+01   1.065814E-14
    218  -2.287059E-14   1.000000E+01  -7.495399E-14   1.000000E+01  -2.309264E-14
    219  -2.486900E-14   1.000000E+01  -6.079103E-14   1.000000E+01  -2.486900E-14
    220  -1.110223E-14   1.000000E+01  -6.007199E-14   1.000000E+01  -1.065814E-14
    221  -2.264855E-14   1.000000E+01  -9.566532E-14   1.000000E+01  -2.309264E-14
    222  -3.685940E-14   1.000000E+01  -1.269229E-13   1.000000E+01  -3.730349E-14
    223  -2.612725E-14   1.000000E+01  -1.258446E-13   1.000000E+01  -2.664535E-14
    224  -2.486900E-14   1.000000E+01  -1.023802E-13   1.000000E+01  -2.486900E-14
    225  -1.332268E-15   1.000000E+01  -1.761402E-13   1.000000E+01  -1.776357E-15
    226   1.976197E-14   1.000000E+01  -1.980311E-13   1.000000E+01   1.953993E-14
    227   3.042011E-14   1.000000E+01  -2.080828E-13   1.000000E+01   3.019807E-14
    228   1.998401E-15   1.000000E+01  -1.649199E-13   1.000000E+01   1.776357E-15
    229   2.531308E-14   1.000000E+01  -1.824419E-13   1.000000E+01   2.486900E-14
    230   1.465494E-14   1.000000E+01  -2.138937E-13   1.000000E+01   1.421085E-14
    231   1.909584E-14   1.000000E+01  -1.726226E-13   1.000000E+01   1.865175E-14
    232   2.309264E-14   1.000000E+01  -2.065322E-13   1.000000E+01   2.309264E-14
    233  -1.665335E-14   1.000000E+01  -1.421835E-13   1.000000E+01  -1.687539E-14
    234  -6.217249E-15   1.000000E+01  -1.515908E-13   1.000000E+01  -6.217249E-15
    235  -5.181041E-16   1.000000E+01  -1.489155E-13   1.000000E+01   0.000000E+00
    236  -3.108624E-15   1.000000E+01  -1.765534E-13   1.000000E+01  -3.552714E-15
    237   2.997602E-14   1.000000E+01  -1.444644E-13   1.000000E+01   2.930989E-14
    238   5.306866E-14   1.000000E+01  -1.183886E-13   1.000000E+01   5.240253E-14
    239   3.012405E-14   1.000000E+01  -1.050009E-13   1.000000E+01   3.019807E-14
    240   2.620126E-14   1.000000E+01  -1.128336E-13   1.000000E+01   2.664535E-14
    241  -2.664535E-15   1.000000E+01  -9.745460E-14   1.000000E+01  -2.664535E-15
    242   2.908784E-14   1.000000E+01  -5.463030E-14   1.000000E+01   2.930989E-14
    243  -7.179442E-15   1.000000E+01  -5.330973E-14   1.000000E+01  -7.105427E-15
    244  -2.368476E-15   1.000000E+01  -3.464462E-14   1.000000E+01  -2.664535E-15
    245  -5.551115E-15   1.000000E+01  -1.321071E-13   1.000000E+01  -6.217249E-15
    246   5.995204E-15   1.000000E+01  -3.280546E-14   1.000000E+01   6.217249E-15
    247   1.865175E-14   1.000000E+01  -1.856156E-14   1.000000E+01   1.865175E-14
    248  -5.329071E-15   1.000000E+01  -3.919564E-14   1.000000E+01  -5.329071E-15
    249   1.820766E-14   1.000000E+01  -2.117086E-15   1.000000E+01   1.776357E-14
    250  -1.776357E-15   1.000000E+01  -3.258952E-14   1.000000E+01  -1.776357E-15
    251  -8.881784E-15   1.000000E+01  -5.231387E-14   1.000000E+01  -8.881784E-15
    252  -1.643130E-14   1.000000E+01  -5.429001E-14   1.000000E+01  -1.687539E-14
    253  -2.842171E-14   1.000000E+01  -1.833548E-14   1.000000E+01  -2.842171E-14
    254   0.000000E+00   1.000000E+01  -5.877224E-14   1.000000E+01   0.000000E+00
    255   5.329071E-15   1.000000E+01   4.647536E-15   1.000000E+01   5.329071E-15
    256   1.421085E-14   1.000000E+01  -8.969265E-14   1.000000E+01   1.421085E-14
    257  -8.363680E-15   1.000000E+01  -7.157146E-14   1.000000E+01  -8.881784E-15
    258  -6.661338E-15   1.000000E+01  -5.245704E-14   1.000000E+01  -7.105427E-15
    259  -1.554312E-14   1.000000E+01  -1.213164E-13   1.000000E+01  -1.598721E-14
    260  -3.330669E-15   1.000000E+01  -1.503806E-13   1.000000E+01  -3.552714E-15
    261  -2.435089E-14   1.000000E+01  -1.324560E-13   1.000000E+01  -2.486900E-14
    262  -2.042810E-14   1.000000E+01  -1.335384E-13   1.000000E+01  -2.042810E-14
    263   3.330669E-15   1.000000E+01  -1.575071E-13   1.000000E+01   3.552714E-15
    264   1.598721E-14   1.000000E+01  -2.188348E-13   1.000000E+01   1.598721E-14
    265   2.146431E-14   1.000000E+01  -1.993445E-13   1.000000E+01   2.131628E-14
    266   9.992007E-15   1.000000E+01  -1.749046E-13   1.000000E+01   9.769963E-15
    267   2.930989E-14   1.000000E+01  -1.805300E-13   1.000000E+01   2.930989E-14
    268   2.575717E-14   1.000000E+01  -2.057699E-13   1.000000E+01   2.575717E-14
    269   1.258253E-14   1.000000E+01  -2.031329E-13   1.000000E+01   1.243450E-14
    270  -6.661338E-15   1.000000E+01  -1.930125E-13   1.000000E+01  -7.105427E-15
    271  -6.439294E-15   1.000000E+01  -2.066607E-13   1.000000E+01  -6.217249E-15
    272   4.241052E-14   1.000000E+01  -1.674945E-13   1.000000E+01   4.263256E-14
    273  -1.509903E-14   1.000000E+01  -1.552178E-13   1.000000E+01  -1.509903E-14
    274   1.199041E-14   1.000000E+01  -1.988769E-13   1.000000E+01   1.154632E-14
    275  -8.881784E-16   1.000000E+01  -1.060286E-13   1.000000E+01  -8.881784E-16
    276   8.215650E-15   1.000000E+01  -8.470257E-14   1.000000E+01   7.993606E-15
    277   2.131628E-14   1.000000E+01  -1.132070E-13   1.000000E+01   2.131628E-14
    278   5.329071E-14   1.000000E+01  -9.374661E-14   1.000000E+01   5.329071E-14
    279   3.441691E-14   1.000000E+01  -1.439414E-13   1.000000E+01   3.463896E-14
    280   1.332268E-15   1.000000E+01  -1.053058E-13   1.000000E+01   8.881784E-16
    281   6.439294E-14   1.000000E+01  -7.507392E-14   1.000000E+01   6.394885E-14
    282   3.789561E-14   1.000000E+01  -9.735507E-15   1.000000E+01   3.819167E-14
    283   4.285461E-14   1.000000E+01  -1.295750E-13   1.000000E+01   4.263256E-14
    284   6.417089E-14   1.000000E+01  -2.513288E-14   1.000000E+01   6.394885E-14
    285  -7.549517E-15   1.000000E+01  -2.707460E-14   1.000000E+01  -7.993606E-15
    286  -2.842171E-14   1.000000E+01   4.454049E-14   1.000000E+01  -2.842171E-14
    287  -2.590520E-14   1.000000E+01   1.436495E-14   1.000000E+01  -2.575717E-14
    288  -6.439294E-15   1.000000E+01   8.336735E-15   1.000000E+01  -6.217249E-15
    289   5.773160E-15   1.000000E+01  -3.249710E-14   1.000000E+01   5.329071E-15
    290  -1.021405E-14   1.000000E+01  -2.847391E-14   1.000000E+01  -1.065814E-14
    291   1.132427E-14   1.000000E+01   5.519190E-15   1.000000E+01   1.154632E-14
    292   5.329071E-15   1.000000E+01  -7.369706E-14   1.000000E+01   5.329071E-15
    293  -4.440892E-16   1.000000E+01  -7.904389E-15   1.000000E+01  -8.881784E-16
    294   1.487699E-14   1.000000E+01  -9.987391E-14   1.000000E+01   1.509903E-14
    295   6.069219E-15   1.000000E+01  -1.035436E-13   1.000000E+01   6.217249E-15
    296   1.643130E-14   1.000000E+01  -6.926920E-14   1.000000E+01   1.598721E-14
    297  -7.993606E-15   1.000000E+01  -1.457506E-13   1.000000E+01  -7.993606E-15
    298   3.108624E-15   1.000000E+01  -1.526089E-13   1.000000E+01   3.552714E-15
    299   1.850372E-15   1.000000E+01  -1.567298E-13   1.000000E+01   1.776357E-15
    300   1.154632E-14   1.000000E+01  -1.349061E-13   1.000000E+01   1.154632E-14
    301   3.175238E-14   1.000000E+01  -1.775515E-13   1.000000E+01   3.108624E-14
    302   3.619327E-14   1.000000E+01  -1.606727E-13   1.000000E+01   3.641532E-14
    303   1.139829E-14   1.000000E+01  -2.085032E-13   1.000000E+01   1.154632E-14
    304   1.953993E-14   1.000000E+01  -1.715634E-13   1.000000E+01   1.953993E-14
    305   2.065015E-14   1.000000E+01  -2.101126E-13   1.000000E+01   2.042810E-14
    306   4.596323E-14   1.000000E+01  -2.115779E-13   1.000000E+01   4.618528E-14
    307   3.219647E-14   1.000000E+01  -2.158285E-13   1.000000E+01   3.197442E-14
    308   4.707346E-14   1.000000E+01  -1.962601E-13   1.000000E+01   4.707346E-14
    309   3.663736E-14   1.000000E+01  -2.040060E-13   1.000000E+01   3.641532E-14
    310   2.842171E-14   1.000000E+01  -1.299817E-13   1.000000E+01   2.842171E-14
    311   6.454097E-14   1.000000E+01  -1.507746E-13   1.000000E+01   6.483702E-14
    312   5.528911E-14   1.000000E+01  -2.028767E-13   1.000000E+01   5.506706E-14
    313   1.953993E-14   1.000000E+01  -9.212229E-14   1.000000E+01   1.953993E-14
    314   2.375877E-14   1.000000E+01  -1.053035E-13   1.000000E+01   2.398082E-14
    315   1.332268E-14   1.000000E+01  -1.024514E-13   1.000000E+01   1.332268E-14
    316   1.398881E-14   1.000000E+01  -9.535492E-14   1.000000E+01   1.421085E-14
    317   1.465494E-14   1.000000E+01  -1.525164E-13   1.000000E+01   1.421085E-14
    318  -4.440892E-16   1.000000E+01  -1.314348E-13   1.000000E+01  -8.881784E-16
    319  -2.435089E-14   1.000000E+01  -1.127323E-13   1.000000E+01  -2.486900E-14
    320  -5.536312E-14   1.000000E+01   9.607244E-14   1.000000E+01  -5.506706E-14
    321   1.554312E-15   1.000000E+01  -1.188291E-13   1.000000E+01   8.881784E-16
    322  -3.175238E-14   1.000000E+01  -6.721402E-15   1.000000E+01  -3.197442E-14
    323  -2.375877E-14   1.000000E+01  -4.117979E-14   1.000000E+01  -2.398082E-14
    324   4.884981E-15   1.000000E+01   9.977071E-14   1.000000E+01   4.440892E-15
    325   3.138230E-14   1.000000E+01  -3.798341E-15   1.000000E+01   3.108624E-14
    326   2.975398E-14   1.000000E+01  -1.196948E-14   1.000000E+01   3.019807E-14
    327  -1.665335E-14   1.000000E+01  -2.344018E-14   1.000000E+01  -1.687539E-14
    328   1.317465E-14   1.000000E+01  -3.194291E-14   1.000000E+01   1.332268E-14
    329  -1.554312E-15   1.000000E+01  -1.450389E-14   1.000000E+01  -1.776357E-15
    330   3.108624E-15   1.000000E+01  -6.842608E-14   1.000000E+01   3.552714E-15
    331  -1.776357E-15   1.000000E+01   3.241731E-14   1.000000E+01  -1.776357E-15
    332   1.176836E-14   1.000000E+01  -1.015403E-13   1.000000E+01   1.154632E-14
    333   2.701543E-14   1.000000E+01  -1.132818E-13   1.000000E+01   2.664535E-14
    334   1.776357E-14   1.000000E+01  -6.733929E-14   1.000000E+01   1.776357E-14
    335   3.130829E-14   1.000000E+01  -1.300462E-13   1.000000E+01   3.108624E-14
    336  -5.329071E-15   1.000000E+01  -1.170230E-13   1.000000E+01  -5.329071E-15
    337   1.783758E-14   1.000000E+01  -1.432769E-13   1.000000E+01   1.776357E-14
    338   3.264056E-14   1.000000E+01  -1.069032E-13   1.000000E+01   3.286260E-14
    339   4.440892E-16   1.000000E+01  -1.401840E-13   1.000000E+01   0.000000E+00
    340   5.995204E-15   1.000000E+01  -1.508915E-13   1.000000E+01   6.217249E-15
    341   1.465494E-14   1.000000E+01  -1.646811E-13   1.000000E+01   1.421085E-14
    342  -1.687539E-14   1.000000E+01  -1.401391E-13   1.000000E+01  -1.687539E-14
    343   3.774758E-14   1.000000E+01  -1.945412E-13   1.000000E+01   3.730349E-14
    344   6.861178E-14   1.000000E+01  -1.975812E-13   1.000000E+01   6.838974E-14
    345   6.801966E-14   1.000000E+01  -2.207870E-13   1.000000E+01   6.750156E-14
    346   4.996004E-14   1.000000E+01  -1.868978E-13   1.000000E+01   4.973799E-14
    347   4.574119E-14   1.000000E+01  -2.113887E-13   1.000000E+01   4.529710E-14
    348   3.730349E-14   1.000000E+01  -1.436941E-13   1.000000E+01   3.730349E-14
    349   8.289665E-15   1.000000E+01  -1.428002E-13   1.000000E+01   7.993606E-15
    350   2.486900E-14   1.000000E+01  -1.858232E-13   1.000000E+01   2.486900E-14
    351   8.881784E-15   1.000000E+01  -9.737200E-14   1.000000E+01   8.881784E-15
    352  -7.216450E-14   1.000000E+01  -8.886742E-14   1.000000E+01  -7.194245E-14
    353  -6.587323E-15   1.000000E+01  -9.431940E-14   1.000000E+01  -7.105427E-15
    354   5.595524E-14   1.000000E+01  -1.129960E-13   1.000000E+01   5.595524E-14
    355  -8.437695E-15   1.000000E+01  -1.147009E-13   1.000000E+01  -8.881784E-15
    356  -2.597922E-14   1.000000E+01  -9.549249E-14   1.000000E+01  -2.575717E-14
    357   8.215650E-15   1.000000E+01  -1.196182E-13   1.000000E+01   7.993606E-15
    358  -2.960595E-16   1.000000E+01   4.281749E-14   1.000000E+01   0.000000E+00
    359  -2.597922E-14   1.000000E+01  -1.292742E-13   1.000000E+01  -2.575717E-14
    360   6.661338E-15   1.000000E+01  -1.175636E-14   1.000000E+01   6.217249E-15
    361  -4.551914E-14   1.000000E+01  -7.117687E-14   1.000000E+01  -4.529710E-14
    362  -3.153033E-14   1.000000E+01   1.781620E-15   1.000000E+01  -3.197442E-14
    363  -2.664535E-15   1.000000E+01   4.873833E-15   1.000000E+01  -2.664535E-15
    364  -4.440892E-15   1.000000E+01  -1.229726E-14   1.000000E+01  -4.440892E-15
    365  -4.440892E-15   1.000000E+01  -4.014411E-14   1.000000E+01  -4.440892E-15
    366  -1.554312E-15   1.000000E+01  -3.247087E-14   1.000000E+01  -1.776357E-15
    367  -8.659740E-15   1.000000E+01  -1.745783E-14   1.000000E+01  -8.881784E-15
    368  -6.661338E-16   1.000000E+01  -5.083383E-14   1.000000E+01  -8.881784E-16
    369   3.330669E-14   1.000000E+01   1.945038E-15   1.000000E+01   3.375078E-14
    370   6.661338E-15   1.000000E+01  -1.108838E-13   1.000000E+01   7.105427E-15
    371   2.368476E-14   1.000000E+01  -9.328637E-14   1.000000E+01   2.398082E-14
    372   1.931788E-14   1.000000E+01  -7.257218E-14   1.000000E+01   1.865175E-14
    373   2.797762E-14   1.000000E+01  -1.010849E-13   1.000000E+01   2.842171E-14
    374  -3.663736E-14   1.000000E+01  -6.581915E-14   1.000000E+01  -3.641532E-14
    375  -5.181041E-15   1.000000E+01  -9.473646E-14   1.000000E+01  -5.329071E-15
    376  -2.731149E-14   1.000000E+01  -8.486066E-14   1.000000E+01  -2.753353E-14
    377   2.553513E-14   1.000000E+01  -1.223856E-13   1.000000E+01   2.575717E-14
    378   2.775558E-14   1.000000E+01  -1.530648E-13   1.000000E+01   2.753353E-14
    379   4.929390E-14   1.000000E+01  -1.558708E-13   1.000000E+01   4.973799E-14
    380   7.771561E-15   1.000000E+01  -1.044978E-13   1.000000E+01   7.993606E-15
    381   7.904788E-14   1.000000E+01  -1.628637E-13   1.000000E+01   7.904788E-14
    382  -5.329071E-15   1.000000E+01  -1.440537E-13   1.000000E+01  -5.329071E-15
    383   6.372680E-14   1.000000E+01  -1.702084E-13   1.000000E+01   6.306067E-14
    384   4.907186E-14   1.000000E+01  -1.535193E-13   1.000000E+01   4.884981E-14
    385   3.885781E-14   1.000000E+01  -1.636516E-13   1.000000E+01   3.907985E-14
    386   2.686740E-14   1.000000E+01  -1.222327E-13   1.000000E+01   2.664535E-14
    387   1.022145E-13   1.000000E+01  -1.407566E-13   1.000000E+01   1.021405E-13
    388  -8.215650E-15   1.000000E+01  -1.270691E-13   1.000000E+01  -7.993606E-15
    389   2.842171E-14   1.000000E+01  -1.035257E-13   1.000000E+01   2.842171E-14
    390  -4.662937E-14   1.000000E+01  -1.269668E-13   1.000000E+01  -4.618528E-14
    391  -5.565918E-14   1.000000E+01  -1.218439E-13   1.000000E+01  -5.595524E-14
    392  -1.620926E-14   1.000000E+01  -1.468878E-13   1.000000E+01  -1.687539E-14
    393  -6.261658E-14   1.000000E+01  -1.073690E-13   1.000000E+01  -6.306067E-14
    394  -2.131628E-14   1.000000E+01  -5.983543E-14   1.000000E+01  -2.131628E-14
    395  -6.831572E-14   1.000000E+01  -1.051336E-13   1.000000E+01  -6.838974E-14
    396  -3.641532E-14   1.000000E+01  -2.918977E-15   1.000000E+01  -3.641532E-14
    397  -3.863576E-14   1.000000E+01  -1.022072E-13   1.000000E+01  -3.907985E-14
    398  -4.218847E-14   1.000000E+01  -7.497920E-14   1.000000E+01  -4.263256E-14
    399  -5.107026E-15   1.000000E+01  -6.940759E-14   1.000000E+01  -5.329071E-15
    400   8.881784E-16   1.000000E+01   7.126479E-15   1.000000E+01   8.881784E-16
    401  -1.657933E-14   1.000000E+01   1.314337E-14   1.000000E+01  -1.687539E-14
    402  -1.643130E-14   1.000000E+01  -7.044770E-15   1.000000E+01  -1.687539E-14
    403   2.220446E-15   1.000000E+01  -6.150769E-14   1.000000E+01   1.776357E-15
    404  -2.886580E-15   1.000000E+01  -3.173683E-14   1.000000E+01  -2.664535E-15
    405   1.776357E-14   1.000000E+01  -2.721056E-14   1.000000E+01   1.776357E-14
    406  -5.995204E-15   1.000000E+01  -5.928067E-14   1.000000E+01  -6.217249E-15
    407  -8.881784E-15   1.000000E+01  -6.867598E-14   1.000000E+01  -8.881784E-15
    408  -1.376677E-14   1.000000E+01  -5.602024E-14   1.000000E+01  -1.421085E-14
    409  -2.131628E-14   1.000000E+01  -8.246110E-14   1.000000E+01  -2.131628E-14
    410   8.881784E-16   1.000000E+01  -6.923957E-14   1.000000E+01   8.881784E-16
    411  -1.754152E-14   1.000000E+01  -8.942561E-14   1.000000E+01  -1.776357E-14
    412   4.218847E-14   1.000000E+01  -1.325762E-13   1.000000E+01   4.263256E-14
    413  -1.613524E-14   1.000000E+01  -8.430907E-14   1.000000E+01  -1.598721E-14
    414  -1.953993E-14   1.000000E+01  -7.309680E-14   1.000000E+01  -1.953993E-14
    415  -2.464695E-14   1.000000E+01  -1.027340E-13   1.000000E+01  -2.486900E-14
    416  -2.042810E-14   1.000000E+01  -1.076419E-13   1.000000E+01  -2.042810E-14
    417  -3.360275E-14   1.000000E+01  -1.417912E-13   1.000000E+01  -3.375078E-14
    418  -1.465494E-14   1.000000E+01  -1.501787E-13   1.000000E+01  -1.421085E-14
    419   1.265654E-14   1.000000E+01  -1.414927E-13   1.000000E+01   1.243450E-14
    420  -1.332268E-15   1.000000E+01  -9.630347E-14   1.000000E+01  -1.776357E-15
    421  -2.509104E-14   1.000000E+01  -1.088261E-13   1.000000E+01  -2.486900E-14
    422   2.664535E-15   1.000000E+01  -7.133785E-14   1.000000E+01   2.664535E-15
    423  -6.039613E-14   1.000000E+01  -9.184942E-14   1.000000E+01  -6.039613E-14
    424  -5.639933E-14   1.000000E+01  -1.062403E-13   1.000000E+01  -5.684342E-14
    425  -6.661338E-15   1.000000E+01  -1.315414E-13   1.000000E+01  -7.105427E-15
    426   1.132427E-14   1.000000E+01  -7.878867E-14   1.000000E+01   1.154632E-14
    427  -2.420286E-14   1.000000E+01  -1.187116E-13   1.000000E+01  -2.398082E-14
    428  -4.862777E-14   1.000000E+01  -1.378901E-13   1.000000E+01  -4.884981E-14
    429  -4.218847E-14   1.000000E+01  -1.425544E-13   1.000000E+01  -4.263256E-14
    430  -8.104628E-14   1.000000E+01  -1.183608E-13   1.000000E+01  -8.082424E-14
    431  -1.798561E-14   1.000000E+01  -9.780365E-14   1.000000E+01  -1.776357E-14
    432   2.020606E-14   1.000000E+01  -3.211689E-14   1.000000E+01   2.042810E-14
    433  -6.069219E-15   1.000000E+01  -5.275174E-14   1.000000E+01  -6.217249E-15
    434   2.546111E-14   1.000000E+01   2.466165E-14   1.000000E+01   2.575717E-14
    435  -4.729550E-14   1.000000E+01  -3.839754E-14   1.000000E+01  -4.707346E-14
    436   5.995204E-15   1.000000E+01  -4.547904E-14   1.000000E+01   6.217249E-15
    437   7.549517E-15   1.000000E+01  -1.312347E-15   1.000000E+01   7.105427E-15
    438   4.440892E-14   1.000000E+01  -1.959782E-14   1.000000E+01   4.440892E-14
    439   1.065814E-14   1.000000E+01  -4.241039E-14   1.000000E+01   1.065814E-14
    440  -1.598721E-14   1.000000E+01  -5.838986E-14   1.000000E+01  -1.598721E-14
    441   0.000000E+00   1.000000E+01  -5.505926E-14   1.000000E+01   0.000000E+00
    442  -3.774758E-15   1.000000E+01  -6.658011E-14   1.000000E+01  -4.440892E-15
    443  -1.043610E-14   1.000000E+01  -5.231418E-14   1.000000E+01  -1.065814E-14
    444   5.107026E-15   1.000000E+01  -5.817709E-14   1.000000E+01   4.440892E-15
    445  -2.220446E-14   1.000000E+01  -5.059800E-14   1.000000E+01  -2.220446E-14
    446   3.330669E-15   1.000000E+01  -7.645514E-14   1.000000E+01   3.552714E-15
    447  -1.421085E-14   1.000000E+01  -4.230424E-14   1.000000E+01  -1.421085E-14
    448   1.709743E-14   1.000000E+01  -3.059572E-14   1.000000E+01   1.687539E-14
    449  -3.153033E-14   1.000000E+01  -5.908435E-14   1.000000E+01  -3.197442E-14
    450  -1.332268E-14   1.000000E+01  -1.421608E-13   1.000000E+01  -1.332268E-14
    451  -4.736952E-15   1.000000E+01  -1.312871E-13   1.000000E+01  -4.440892E-15
    452  -4.418688E-14   1.000000E+01  -6.466097E-14   1.000000E+01  -4.440892E-14
    453   3.330669E-15   1.000000E+01  -1.421608E-13   1.000000E+01   3.552714E-15
    454  -2.819966E-14   1.000000E+01  -1.312500E-13   1.000000E+01  -2.842171E-14
    455  -3.819167E-14   1.000000E+01  -8.407272E-14   1.000000E+01  -3.819167E-14
    456  -2.420286E-14   1.000000E+01  -1.253432E-13   1.000000E+01  -2.398082E-14
    457  -7.216450E-14   1.000000E+01  -8.136463E-14   1.000000E+01  -7.194245E-14
    458  -3.463896E-14   1.000000E+01  -1.085584E-13   1.000000E+01  -3.463896E-14
    459  -2.368476E-14   1.000000E+01  -1.094031E-13   1.000000E+01  -2.398082E-14
    460  -5.617729E-14   1.000000E+01  -1.312440E-13   1.000000E+01  -5.595524E-14
    461  -5.417888E-14   1.000000E+01  -8.094330E-14   1.000000E+01  -5.417888E-14
    462  -5.551115E-14   1.000000E+01  -6.863254E-14   1.000000E+01  -5.595524E-14
    463  -9.503509E-14   1.000000E+01  -7.736656E-14   1.000000E+01  -9.503509E-14
    464  -8.149037E-14   1.000000E+01  -6.152608E-14   1.000000E+01  -8.171241E-14
    465  -6.550316E-14   1.000000E+01  -9.802927E-14   1.000000E+01  -6.572520E-14
    466  -2.620126E-14   1.000000E+01  -8.487515E-14   1.000000E+01  -2.664535E-14
    467  -6.076621E-14   1.000000E+01  -9.213294E-14   1.000000E+01  -6.039613E-14
    468  -4.263256E-14   1.000000E+01  -6.723606E-14   1.000000E+01  -4.263256E-14
    469  -3.996803E-14   1.000000E+01  -5.191519E-14   1.000000E+01  -3.996803E-14
    470  -7.860379E-14   1.000000E+01   4.477633E-14   1.000000E+01  -7.815970E-14
    471  -2.908784E-14   1.000000E+01  -1.281936E-14   1.000000E+01  -2.930989E-14
    472   4.929390E-14   1.000000E+01  -1.256828E-13   1.000000E+01   4.884981E-14
    473  -4.507505E-14   1.000000E+01  -9.162931E-14   1.000000E+01  -4.529710E-14
    474  -2.886580E-15   1.000000E+01  -1.668955E-14   1.000000E+01  -2.664535E-15
    475  -3.463896E-14   1.000000E+01  -3.975896E-14   1.000000E+01  -3.463896E-14
    476  -4.440892E-15   1.000000E+01  -1.639090E-13   1.000000E+01  -4.440892E-15
    477  -1.302662E-14   1.000000E+01  -6.456978E-14   1.000000E+01  -1.332268E-14
    478  -7.993606E-15   1.000000E+01  -5.335951E-14   1.000000E+01  -7.993606E-15
    479   1.887379E-14   1.000000E+01  -3.935106E-14   1.000000E+01   1.865175E-14
    480   1.976197E-14   1.000000E+01  -4.345138E-14   1.000000E+01   1.953993E-14
    481   2.664535E-15   1.000000E+01  -4.792557E-14   1.000000E+01   2.664535E-15
    482   1.332268E-14   1.000000E+01  -6.696617E-14   1.000000E+01   1.332268E-14
    483   3.996803E-15   1.000000E+01  -2.099861E-14   1.000000E+01   3.552714E-15
    484   2.242651E-14   1.000000E+01  -4.528520E-14   1.000000E+01   2.220446E-14
    485   1.176836E-14   1.000000E+01  -6.260595E-14   1.000000E+01   1.154632E-14
    486   2.997602E-14   1.000000E+01  -5.047575E-14   1.000000E+01   3.019807E-14
    487   5.551115E-15   1.000000E+01  -7.290030E-14   1.000000E+01   5.329071E-15
    488  -1.065814E-14   1.000000E+01  -6.991323E-14   1.000000E+01  -1.065814E-14
    489  -6.365279E-15   1.000000E+01  -1.253061E-13   1.000000E+01  -6.217249E-15
    490   3.552714E-15   1.000000E+01  -7.801892E-14   1.000000E+01   3.552714E-15
    491  -4.218847E-15   1.000000E+01  -1.438504E-13   1.000000E+01  -4.440892E-15
    492   1.310063E-14   1.000000E+01  -1.796107E-13   1.000000E+01   1.332268E-14
    493  -9.103829E-15   1.000000E+01  -1.618767E-13   1.000000E+01  -8.881784E-15
    494   1.043610E-14   1.000000E+01  -1.222713E-13   1.000000E+01   9.769963E-15
    495   3.774758E-15   1.000000E+01  -1.154724E-13   1.000000E+01   3.552714E-15
    496  -2.331468E-14   1.000000E+01  -3.322212E-14   1.000000E+01  -2.309264E-14
    497  -1.065814E-14   1.000000E+01  -7.482510E-14   1.000000E+01  -1.065814E-14
    498   2.864375E-14   1.000000E+01  -1.413598E-13   1.000000E+01   2.842171E-14
    499  -5.484502E-14   1.000000E+01  -7.419938E-14   1.000000E+01  -5.506706E-14
    500  -4.618528E-14   1.000000E+01  -4.528418E-14   1.000000E+01  -4.618528E-14
    501  -5.965598E-14   1.000000E+01  -5.090010E-14   1.000000E+01  -5.950795E-14
    502  -6.128431E-14   1.000000E+01  -7.425155E-14   1.000000E+01  -6.128431E-14
    503  -3.219647E-14   1.000000E+01  -1.410583E-14   1.000000E+01  -3.197442E-14
    504   5.995204E-15   1.000000E+01  -7.626246E-14   1.000000E+01   6.217249E-15
    505  -1.028807E-14   1.000000E+01  -5.343936E-14   1.000000E+01  -1.065814E-14
    506  -5.750955E-14   1.000000E+01   1.507020E-14   1.000000E+01  -5.773160E-14
    507  -1.287859E-14   1.000000E+01   4.801236E-15   1.000000E+01  -1.332268E-14
    508  -1.239009E-13   1.000000E+01   1.852852E-14   1.000000E+01  -1.243450E-13
    509  -9.784766E-14   1.000000E+01   7.487906E-14   1.000000E+01  -9.769963E-14
    510  -9.237056E-14   1.000000E+01  -6.972061E-14   1.000000E+01  -9.237056E-14
    511  -5.151435E-14   1.000000E+01  -1.735930E-16   1.000000E+01  -5.151435E-14
    512  -1.121325E-13   1.000000E+01  -1.710388E-14   1.000000E+01  -1.127987E-13
    513  -9.947598E-14   1.000000E+01  -8.141986E-14   1.000000E+01  -9.947598E-14
    514   5.773160E-15   1.000000E+01  -2.316106E-14   1.000000E+01   5.329071E-15
    515   1.376677E-14   1.000000E+01   4.632211E-14   1.000000E+01   1.332268E-14
    516  -8.903989E-14   1.000000E+01  -2.556050E-14   1.000000E+01  -8.970602E-14
    517  -6.350476E-14   1.000000E+01  -5.626021E-14   1.000000E+01  -6.394885E-14
    518  -9.621933E-15   1.000000E+01  -3.697788E-14   1.000000E+01  -9.769963E-15
    519   1.088019E-14   1.000000E+01  -2.430686E-14   1.000000E+01   1.065814E-14
    520   2.020606E-14   1.000000E+01  -6.149500E-15   1.000000E+01   2.042810E-14
    521   3.671137E-14   1.000000E+01  -2.302085E-14   1.000000E+01   3.641532E-14
    522   4.352074E-14   1.000000E+01  -2.592869E-14   1.000000E+01   4.352074E-14
    523   3.286260E-14   1.000000E+01  -4.890837E-14   1.000000E+01   3.286260E-14
    524   1.998401E-14   1.000000E+01  -5.498049E-15   1.000000E+01   1.953993E-14
    525   1.332268E-15   1.000000E+01  -4.570104E-14   1.000000E+01   1.776357E-15
    526   3.197442E-14   1.000000E+01  -6.262019E-14   1.000000E+01   3.197442E-14
    527   2.842171E-14   1.000000E+01  -1.518685E-14   1.000000E+01   2.842171E-14
    528  -2.220446E-15   1.000000E+01  -4.124699E-14   1.000000E+01  -2.664535E-15
    529  -3.153033E-14   1.000000E+01  -1.173651E-13   1.000000E+01  -3.197442E-14
    530  -1.406282E-14   1.000000E+01  -6.264913E-14   1.000000E+01  -1.421085E-14
    531  -2.198242E-14   1.000000E+01  -6.088561E-14   1.000000E+01  -2.220446E-14
    532   1.554312E-15   1.000000E+01  -1.209284E-13   1.000000E+01   8.881784E-16
    533   2.153833E-14   1.000000E+01  -1.192952E-13   1.000000E+01   2.131628E-14
    534   2.805164E-14   1.000000E+01  -1.873983E-13   1.000000E+01   2.842171E-14
    535  -5.551115E-15   1.000000E+01  -1.257151E-13   1.000000E+01  -6.217249E-15
    536   4.218847E-15   1.000000E+01  -9.346168E-14   1.000000E+01   4.440892E-15
    537  -1.176836E-14   1.000000E+01  -5.144748E-14   1.000000E+01  -1.154632E-14
    538  -1.058413E-14   1.000000E+01  -2.754920E-14   1.000000E+01  -1.065814E-14
    539   1.132427E-14   1.000000E+01  -3.344205E-14   1.000000E+01   1.154632E-14
    540   9.547918E-15   1.000000E+01  -1.075685E-13   1.000000E+01   9.769963E-15
    541  -5.839773E-14   1.000000E+01  -9.432439E-14   1.000000E+01  -5.861978E-14
    542  -5.047814E-14   1.000000E+01  -7.480459E-14   1.000000E+01  -5.062617E-14
    543  -5.528911E-14   1.000000E+01  -8.696371E-14   1.000000E+01  -5.595524E-14
    544  -3.641532E-14   1.000000E+01  -1.326069E-14   1.000000E+01  -3.641532E-14
    545  -7.593925E-14   1.000000E+01  -3.302710E-14   1.000000E+01  -7.638334E-14
    546  -3.878379E-14   1.000000E+01  -6.055733E-14   1.000000E+01  -3.907985E-14
    547  -3.330669E-14   1.000000E+01   6.630347E-15   1.000000E+01  -3.375078E-14
    548  -6.816769E-14   1.000000E+01  -2.322819E-14   1.000000E+01  -6.838974E-14
    549  -8.881784E-14   1.000000E+01  -1.006449E-14   1.000000E+01  -8.881784E-14
    550   1.879978E-14   1.000000E+01   4.828573E-14   1.000000E+01   1.865175E-14
    551  -2.953193E-14   1.000000E+01  -1.034489E-14   1.000000E+01  -2.930989E-14
    552   8.881784E-16   1.000000E+01   5.382440E-14   1.000000E+01   8.881784E-16
    553  -6.283862E-14   1.000000E+01  -1.678620E-14   1.000000E+01  -6.306067E-14
    554  -9.348078E-14   1.000000E+01   3.032110E-14   1.000000E+01  -9.325873E-14
    555  -9.636736E-14   1.000000E+01  -3.439676E-14   1.000000E+01  -9.592327E-14
    556  -1.381117E-13   1.000000E+01   1.350134E-14   1.000000E+01  -1.385558E-13
    557  -3.996803E-15   1.000000E+01   1.725405E-14   1.000000E+01  -3.552714E-15
    558   2.220446E-15   1.000000E+01  -4.231347E-14   1.000000E+01   1.776357E-15
    559   3.996803E-15   1.000000E+01  -3.612046E-14   1.000000E+01   3.552714E-15
    560   2.020606E-14   1.000000E+01  -3.125494E-14   1.000000E+01   2.042810E-14
    561   6.461498E-14   1.000000E+01   1.716344E-14   1.000000E+01   6.483702E-14
    562   2.679338E-14   1.000000E+01   1.845838E-14   1.000000E+01   2.664535E-14
    563   7.083223E-14   1.000000E+01   9.391801E-15   1.000000E+01   7.105427E-14
    564   3.197442E-14   1.000000E+01   1.181858E-14   1.000000E+01   3.197442E-14
    565   3.996803E-15   1.000000E+01   2.523163E-14   1.000000E+01   3.552714E-15
    566   6.261658E-14   1.000000E+01   1.570957E-14   1.000000E+01   6.217249E-14
    567   1.976197E-14   1.000000E+01  -4.719607E-15   1.000000E+01   1.953993E-14
    568   7.038814E-14   1.000000E+01   1.413393E-14   1.000000E+01   7.016610E-14
    569   2.398082E-14   1.000000E+01  -8.673357E-14   1.000000E+01   2.398082E-14
    570   3.064216E-14   1.000000E+01  -1.665656E-13   1.000000E+01   3.019807E-14
    571   1.842970E-14   1.000000E+01  -1.488833E-13   1.000000E+01   1.865175E-14
    572   8.282264E-14   1.000000E+01  -7.511093E-14   1.000000E+01   8.260059E-14
    573  -7.993606E-15   1.000000E+01  -1.202435E-13   1.000000E+01  -7.993606E-15
    574   1.243450E-14   1.000000E+01  -8.292089E-14   1.000000E+01   1.243450E-14
    575   1.850372E-15   1.000000E+01  -7.446047E-14   1.000000E+01   1.776357E-15
    576  -1.820766E-14   1.000000E+01  -9.087054E-14   1.000000E+01  -1.865175E-14
    577  -8.215650E-15   1.000000E+01  -1.158809E-13   1.000000E+01  -7.993606E-15
    578  -1.221245E-14   1.000000E+01  -1.742746E-13   1.000000E+01  -1.243450E-14
    579  -3.745152E-14   1.000000E+01  -1.330784E-13   1.000000E+01  -3.730349E-14
    580  -3.974598E-14   1.000000E+01  -1.264572E-13   1.000000E+01  -3.996803E-14
    581  -4.352074E-14   1.000000E+01  -6.648658E-14   1.000000E+01  -4.352074E-14
    582  -8.615331E-14   1.000000E+01   9.404787E-15   1.000000E+01  -8.615331E-14
    583  -5.114427E-14   1.000000E+01  -2.207574E-14   1.000000E+01  -5.151435E-14
    584  -2.020606E-14   1.000000E+01  -7.543551E-14   1.000000E+01  -2.042810E-14
    585  -4.818368E-14   1.000000E+01  -3.602652E-14   1.000000E+01  -4.796163E-14
    586  -4.877580E-14   1.000000E+01  -5.570111E-14   1.000000E+01  -4.884981E-14
    587  -1.144270E-13   1.000000E+01   2.840505E-15   1.000000E+01  -1.145750E-13
    588  -9.651539E-14   1.000000E+01  -1.326008E-14   1.000000E+01  -9.681145E-14
    589  -6.927792E-14   1.000000E+01   2.606696E-14   1.000000E+01  -6.927792E-14
    590  -4.507505E-14   1.000000E+01  -4.053185E-14   1.000000E+01  -4.529710E-14
    591  -3.286260E-14   1.000000E+01   2.246731E-14   1.000000E+01  -3.286260E-14
    592   1.709743E-14   1.000000E+01  -3.005406E-14   1.000000E+01   1.687539E-14
    593   3.685940E-14   1.000000E+01   7.794587E-14   1.000000E+01   3.641532E-14
    594  -2.864375E-14   1.000000E+01   7.707751E-14   1.000000E+01  -2.930989E-14
    595   2.633449E-13   1.000000E+01   1.365166E-13   1.000000E+01   2.629008E-13
    596   3.463896E-14   1.000000E+01   2.372432E-14   1.000000E+01   3.463896E-14
    597   4.796163E-14   1.000000E+01   4.201254E-14   1.000000E+01   4.796163E-14
    598   1.887379E-14   1.000000E+01   2.327122E-14   1.000000E+01   1.865175E-14
    599   6.535513E-14   1.000000E+01   4.026296E-14   1.000000E+01   6.572520E-14
    600   5.551115E-14   1.000000E+01   2.932449E-14   1.000000E+01   5.506706E-14
    601   4.196643E-14   1.000000E+01   3.039770E-14   1.000000E+01   4.174439E-14
    602   2.797762E-14   1.000000E+01  -2.755657E-14   1.000000E+01   2.842171E-14
    603   3.574918E-14   1.000000E+01   5.040411E-14   1.000000E+01   3.552714E-14
    604   6.202446E-14   1.000000E+01   2.992069E-15   1.000000E+01   6.217249E-14
    605   1.354472E-14   1.000000E+01  -2.722478E-14   1.000000E+01   1.332268E-14
    606   3.952394E-14   1.000000E+01  -1.331027E-13   1.000000E+01   3.907985E-14
    607   3.153033E-14   1.000000E+01  -1.394483E-13   1.000000E+01   3.197442E-14
    608   2.723747E-14   1.000000E+01  -1.577187E-13   1.000000E+01   2.753353E-14
    609   6.972201E-14   1.000000E+01  -1.031479E-13   1.000000E+01   6.927792E-14
    610   4.218847E-15   1.000000E+01  -1.064884E-13   1.000000E+01   4.440892E-15
    611   8.881784E-16   1.000000E+01  -1.357797E-13   1.000000E+01   8.881784E-16
    612   1.206442E-14   1.000000E+01  -1.072666E-13   1.000000E+01   1.243450E-14
    613  -5.995204E-15   1.000000E+01  -1.235816E-13   1.000000E+01  -6.217249E-15
    614   1.842970E-14   1.000000E+01  -1.108370E-13   1.000000E+01   1.865175E-14
    615  -8.881784E-15   1.000000E+01  -1.386711E-13   1.000000E+01  -8.881784E-15
    616   1.502502E-14   1.000000E+01  -1.600910E-13   1.000000E+01   1.509903E-14
    617   2.087219E-14   1.000000E+01  -1.819823E-13   1.000000E+01   2.131628E-14
    618  -6.372680E-14   1.000000E+01  -1.279814E-13   1.000000E+01  -6.394885E-14
    619  -1.023626E-13   1.000000E+01  -1.412542E-14   1.000000E+01  -1.021405E-13
    620   1.783758E-14   1.000000E+01   4.146546E-14   1.000000E+01   1.776357E-14
    621   1.160553E-13   1.000000E+01   1.032597E-13   1.000000E+01   1.163514E-13
    622  -2.442491E-14   1.000000E+01   1.487204E-13   1.000000E+01  -2.486900E-14
    623   6.616929E-14   1.000000E+01   7.282371E-14   1.000000E+01   6.572520E-14
    624  -7.238654E-14   1.000000E+01  -1.195161E-13   1.000000E+01  -7.283063E-14
    625  -7.793766E-14   1.000000E+01  -1.113961E-13   1.000000E+01  -7.815970E-14
    626   1.456613E-13   1.000000E+01   2.382916E-14   1.000000E+01   1.456613E-13
    627  -1.065814E-14   1.000000E+01  -1.504687E-13   1.000000E+01  -1.065814E-14
    628   2.189360E-13   1.000000E+01  -7.560749E-14   1.000000E+01   2.184919E-13
    629   2.679338E-14   1.000000E+01  -1.944873E-14   1.000000E+01   2.664535E-14
    630   1.865175E-14   1.000000E+01   3.147104E-15   1.000000E+01   1.865175E-14
    631   2.664535E-14   1.000000E+01   3.303186E-14   1.000000E+01   2.664535E-14
    632   7.919591E-15   1.000000E+01   2.059954E-14   1.000000E+01   7.993606E-15
    633   2.353673E-14   1.000000E+01   3.806749E-14   1.000000E+01   2.309264E-14
    634   1.176836E-14   1.000000E+01   2.056053E-14   1.000000E+01   1.154632E-14
    635  -3.907985E-14   1.000000E+01  -1.878737E-14   1.000000E+01  -3.907985E-14
    636   4.241052E-14   1.000000E+01  -4.999992E-14   1.000000E+01   4.263256E-14
    637   1.842970E-14   1.000000E+01   3.543849E-14   1.000000E+01   1.865175E-14
    638   1.176836E-14   1.000000E+01   2.579754E-14   1.000000E+01   1.154632E-14
    639   2.287059E-14   1.000000E+01  -7.850583E-14   1.000000E+01   2.220446E-14
    640  -4.152234E-14   1.000000E+01  -1.065404E-13   1.000000E+01  -4.174439E-14
    641  -1.184238E-15   1.000000E+01  -1.066489E-13   1.000000E+01  -8.881784E-16
    642   5.417888E-14   1.000000E+01  -1.135210E-13   1.000000E+01   5.417888E-14
    643  -6.217249E-15   1.000000E+01  -1.270290E-13   1.000000E+01  -6.217249E-15
    644   1.332268E-15   1.000000E+01  -1.672955E-13   1.000000E+01   8.881784E-16
    645   3.530509E-14   1.000000E+01  -1.695487E-13   1.000000E+01   3.463896E-14
    646   6.883383E-15   1.000000E+01  -1.150929E-13   1.000000E+01   7.105427E-15
    647   2.864375E-14   1.000000E+01  -1.583874E-13   1.000000E+01   2.842171E-14
    648  -1.746751E-14   1.000000E+01  -1.121540E-13   1.000000E+01  -1.776357E-14
    649  -2.923587E-14   1.000000E+01  -7.735558E-14   1.000000E+01  -2.930989E-14
    650   3.341031E-13   1.000000E+01   4.168248E-14   1.000000E+01   3.339551E-13
    651  -6.217249E-15   1.000000E+01  -1.177432E-13   1.000000E+01  -6.217249E-15
    652   1.150191E-13   1.000000E+01  -1.168074E-13   1.000000E+01   1.154632E-13
    653  -5.129230E-14   1.000000E+01  -1.194569E-13   1.000000E+01  -5.151435E-14
    654   1.976197E-14   1.000000E+01  -1.489215E-13   1.000000E+01   1.953993E-14
    655   3.397282E-14   1.000000E+01  -1.034453E-13   1.000000E+01   3.375078E-14
    656   9.081624E-14   1.000000E+01  -1.199028E-13   1.000000E+01   9.059420E-14
    657  -1.798561E-13   1.000000E+01  -1.091242E-14   1.000000E+01  -1.794120E-13
    658   4.884981E-15   1.000000E+01  -1.522049E-14   1.000000E+01   5.329071E-15
    659   1.554312E-14   1.000000E+01   5.750082E-15   1.000000E+01   1.509903E-14
    660   2.442491E-15   1.000000E+01   5.422484E-14   1.000000E+01   2.664535E-15
    661   2.923587E-14   1.000000E+01   4.614713E-14   1.000000E+01   2.930989E-14
    662   3.752554E-14   1.000000E+01   1.360494E-14   1.000000E+01   3.730349E-14
    663   3.641532E-14   1.000000E+01   3.729945E-14   1.000000E+01   3.641532E-14
    664   1.776357E-15   1.000000E+01   3.548125E-14   1.000000E+01   1.776357E-15
    665   4.152234E-14   1.000000E+01  -2.331495E-14   1.000000E+01   4.174439E-14
    666   9.303669E-14   1.000000E+01  -5.858657E-14   1.000000E+01   9.325873E-14
    667   4.507505E-14   1.000000E+01  -2.533080E-14   1.000000E+01   4.529710E-14
    668   3.264056E-14   1.000000E+01  -1.391202E-13   1.000000E+01   3.286260E-14
    669  -9.103829E-15   1.000000E+01  -8.023296E-14   1.000000E+01  -9.769963E-15
    670  -3.190041E-14   1.000000E+01  -1.216794E-13   1.000000E+01  -3.197442E-14
    671  -2.087219E-14   1.000000E+01  -1.255272E-13   1.000000E+01  -2.131628E-14
    672  -1.509903E-14   1.000000E+01  -1.310091E-13   1.000000E+01  -1.509903E-14
    673  -3.064216E-14   1.000000E+01  -1.697190E-13   1.000000E+01  -3.019807E-14
    674   8.341476E-14   1.000000E+01  -1.548004E-13   1.000000E+01   8.348877E-14
    675  -5.373479E-14   1.000000E+01  -5.734589E-14   1.000000E+01  -5.329071E-14
    676   6.772360E-14   1.000000E+01  -1.191907E-13   1.000000E+01   6.750156E-14
    677  -6.838974E-14   1.000000E+01  -8.796748E-14   1.000000E+01  -6.838974E-14
    678   1.887379E-14   1.000000E+01  -1.304736E-13   1.000000E+01   1.865175E-14
    679  -7.993606E-15   1.000000E+01  -1.574955E-13   1.000000E+01  -7.993606E-15
    680  -1.183498E-13   1.000000E+01  -3.273726E-14   1.000000E+01  -1.181277E-13
    681  -8.260059E-14   1.000000E+01  -1.151147E-13   1.000000E+01  -8.260059E-14
    682   1.125026E-14   1.000000E+01   4.786893E-15   1.000000E+01   1.154632E-14
    683   0.000000E+00   1.000000E+01   3.466601E-14   1.000000E+01   0.000000E+00
    684   1.709743E-14   1.000000E+01  -1.917572E-14   1.000000E+01   1.687539E-14
    685  -1.154632E-13   1.000000E+01   2.449727E-15   1.000000E+01  -1.154632E-13
    686  -1.554312E-15   1.000000E+01  -2.585928E-15   1.000000E+01  -1.776357E-15
    687  -7.327472E-15   1.000000E+01   2.498046E-14   1.000000E+01  -7.105427E-15
    688   4.041212E-14   1.000000E+01  -2.362977E-14   1.000000E+01   3.996803E-14
    689  -8.881784E-16   1.000000E+01  -2.089409E-15   1.000000E+01  -8.881784E-16
    690  -3.796963E-14   1.000000E+01   2.198748E-14   1.000000E+01  -3.819167E-14
    691   1.036208E-15   1.000000E+01  -2.180825E-14   1.000000E+01   8.881784E-16
    692   3.086420E-14   1.000000E+01  -3.272561E-14   1.000000E+01   3.108624E-14
    693  -5.351275E-14   1.000000E+01  -3.324274E-14   1.000000E+01  -5.329071E-14
    694  -3.426888E-14   1.000000E+01  -5.587860E-14   1.000000E+01  -3.375078E-14
    695  -5.469699E-14   1.000000E+01  -1.428858E-13   1.000000E+01  -5.506706E-14
    696  -1.569115E-13   1.000000E+01   5.537868E-14   1.000000E+01  -1.572076E-13
    697  -3.819167E-14   1.000000E+01  -1.154048E-13   1.000000E+01  -3.819167E-14
    698  -1.081357E-13   1.000000E+01  -1.403026E-14   1.000000E+01  -1.083578E-13
    699  -5.750955E-14   1.000000E+01   4.200945E-14   1.000000E+01  -5.773160E-14
    700   4.440892E-15   1.000000E+01  -5.839295E-14   1.000000E+01   4.440892E-15
    701  -4.144833E-14   1.000000E+01   2.025733E-14   1.000000E+01  -4.174439E-14
    702   8.437695E-15   1.000000E+01   1.142663E-14   1.000000E+01   8.881784E-15
    703   1.931788E-14   1.000000E+01  -1.898978E-14   1.000000E+01   1.865175E-14
    704   3.885781E-14   1.000000E+01   1.039132E-13   1.000000E+01   3.819167E-14
    705  -6.084022E-14   1.000000E+01  -3.986374E-14   1.000000E+01  -6.039613E-14
    706   1.376677E-14   1.000000E+01  -4.110913E-14   1.000000E+01   1.332268E-14
    707   3.685940E-14   1.000000E+01  -1.729385E-14   1.000000E+01   3.641532E-14
    708  -6.816769E-14   1.000000E+01  -2.166221E-14   1.000000E+01  -6.838974E-14
    709  -8.674543E-14   1.000000E+01   7.291767E-14   1.000000E+01  -8.704149E-14
    710   1.702342E-15   1.000000E+01  -5.952083E-14   1.000000E+01   1.776357E-15
    711  -1.330787E-13   1.000000E+01  -1.291674E-14   1.000000E+01  -1.332268E-13
    712  -2.842171E-14   1.000000E+01   5.852585E-14   1.000000E+01  -2.842171E-14
    713   3.952394E-14   1.000000E+01  -1.728237E-14   1.000000E+01   3.907985E-14
    714  -1.909584E-14   1.000000E+01   5.931650E-15   1.000000E+01  -1.953993E-14
    715  -2.553513E-14   1.000000E+01   1.101928E-13   1.000000E+01  -2.575717E-14
    716   1.051011E-14   1.000000E+01  -4.551764E-15   1.000000E+01   1.065814E-14
    717  -2.398082E-14   1.000000E+01   2.699121E-14   1.000000E+01  -2.398082E-14
    718  -6.439294E-14   1.000000E+01  -9.890595E-15   1.000000E+01  -6.394885E-14
    719  -2.997602E-14   1.000000E+01   6.257939E-14   1.000000E+01  -3.019807E-14
    720  -1.234568E-13   1.000000E+01  -9.130801E-15   1.000000E+01  -1.234568E-13
    721  -3.330669E-15   1.000000E+01   3.422242E-14   1.000000E+01  -3.552714E-15
    722   4.292862E-14   1.000000E+01   9.541366E-14   1.000000E+01   4.263256E-14
    723   5.491903E-14   1.000000E+01   1.388921E-13   1.000000E+01   5.506706E-14
    724   3.774758E-15   1.000000E+01   4.886109E-14   1.000000E+01   3.552714E-15
    725   2.398082E-14   1.000000E+01  -1.167222E-14   1.000000E+01   2.398082E-14
    726  -3.256654E-15   1.000000E+01   8.892760E-15   1.000000E+01  -3.552714E-15
    727  -1.332268E-15   1.000000E+01   5.745363E-15   1.000000E+01  -1.776357E-15
    728  -7.105427E-14   1.000000E+01   3.122419E-14   1.000000E+01  -7.105427E-14
    729   2.708944E-14   1.000000E+01   6.792425E-14   1.000000E+01   2.664535E-14
    730  -7.638334E-14   1.000000E+01   2.930692E-14   1.000000E+01  -7.638334E-14
    731   1.563194E-13   1.000000E+01   1.051156E-13   1.000000E+01   1.563194E-13
    732  -4.899784E-14   1.000000E+01  -5.990202E-15   1.000000E+01  -4.884981E-14
    733   2.546111E-14   1.000000E+01   1.634353E-16   1.000000E+01   2.575717E-14
    734   5.773160E-15   1.000000E+01   9.264423E-14   1.000000E+01   5.329071E-15
    735   7.993606E-15   1.000000E+01   1.939757E-14   1.000000E+01   7.993606E-15
    736   3.774758E-15   1.000000E+01  -8.908099E-15   1.000000E+01   3.552714E-15
    737  -7.460699E-14   1.000000E+01  -1.345123E-13   1.000000E+01  -7.460699E-14
    738   2.412885E-14   1.000000E+01   1.336215E-14   1.000000E+01   2.398082E-14
    739   9.547918E-15   1.000000E+01   3.563240E-15   1.000000E+01   9.769963E-15
    740  -5.639933E-14   1.000000E+01  -7.037398E-14   1.000000E+01  -5.684342E-14
    741   5.018208E-14   1.000000E+01  -5.166697E-14   1.000000E+01   4.973799E-14
 
PROGRAM STARTED AT   : 2016/02/29, 21:28:20
PROGRAM TERMINATED AT: 2016/02/29, 21:28:20
TOTAL ELAPSED TIME   : 0 hour 0 minutes 0 seconds.
