 *** DISPLACEMENT ***
  NODE         U              V
-----------------------------------
      1   1.428571E-09   2.506266E-10
      2   1.349206E-09   2.785295E-40
      3   1.428571E-09   1.001265E-40
      4   1.428571E-09   7.518797E-10
      5   1.269841E-09   2.506266E-10
      6   1.349206E-09   5.012531E-10
      7   1.428571E-09   5.012531E-10
      8   1.190476E-09   2.785295E-40
      9   1.269841E-09   1.001265E-40
     10   1.428571E-09   1.253133E-09
     11   1.269841E-09   7.518797E-10
     12   1.349206E-09   1.002506E-09
     13   1.190476E-09   5.012531E-10
     14   1.428571E-09   1.002506E-09
     15   1.111111E-09   2.506266E-10
     16   1.269841E-09   5.012531E-10
     17   1.031746E-09   2.785295E-40
     18   1.111111E-09   1.001265E-40
     19   1.428571E-09   1.754386E-09
     20   1.269841E-09   1.253133E-09
     21   1.349206E-09   1.503759E-09
     22   1.190476E-09   1.002506E-09
     23   1.428571E-09   1.503759E-09
     24   1.111111E-09   7.518797E-10
     25   1.269841E-09   1.002506E-09
     26   1.031746E-09   5.012531E-10
     27   9.523810E-10   2.506266E-10
     28   1.111111E-09   5.012531E-10
     29   8.730159E-10   2.785295E-40
     30   9.523810E-10   1.001265E-40
     31   1.428571E-09   2.255639E-09
     32   1.269841E-09   1.754386E-09
     33   1.349206E-09   2.005013E-09
     34   1.190476E-09   1.503759E-09
     35   1.428571E-09   2.005013E-09
     36   1.111111E-09   1.253133E-09
     37   1.269841E-09   1.503759E-09
     38   1.031746E-09   1.002506E-09
     39   9.523810E-10   7.518797E-10
     40   1.111111E-09   1.002506E-09
     41   8.730159E-10   5.012531E-10
     42   7.936508E-10   2.506266E-10
     43   9.523810E-10   5.012531E-10
     44   7.142857E-10   2.785295E-40
     45   7.936508E-10   1.001265E-40
     46   1.428571E-09   2.756892E-09
     47   1.269841E-09   2.255639E-09
     48   1.349206E-09   2.506266E-09
     49   1.190476E-09   2.005013E-09
     50   1.428571E-09   2.506266E-09
     51   1.111111E-09   1.754386E-09
     52   1.269841E-09   2.005013E-09
     53   1.031746E-09   1.503759E-09
     54   9.523810E-10   1.253133E-09
     55   1.111111E-09   1.503759E-09
     56   8.730159E-10   1.002506E-09
     57   7.936508E-10   7.518797E-10
     58   9.523810E-10   1.002506E-09
     59   7.142857E-10   5.012531E-10
     60   6.349206E-10   2.506266E-10
     61   7.936508E-10   5.012531E-10
     62   5.555556E-10   2.785295E-40
     63   6.349206E-10   1.001265E-40
     64   1.428571E-09   3.258145E-09
     65   1.269841E-09   2.756892E-09
     66   1.349206E-09   3.007519E-09
     67   1.190476E-09   2.506266E-09
     68   1.428571E-09   3.007519E-09
     69   1.111111E-09   2.255639E-09
     70   1.269841E-09   2.506266E-09
     71   1.031746E-09   2.005013E-09
     72   9.523810E-10   1.754386E-09
     73   1.111111E-09   2.005013E-09
     74   8.730159E-10   1.503759E-09
     75   7.936508E-10   1.253133E-09
     76   9.523810E-10   1.503759E-09
     77   7.142857E-10   1.002506E-09
     78   6.349206E-10   7.518797E-10
     79   7.936508E-10   1.002506E-09
     80   5.555556E-10   5.012531E-10
     81   4.761905E-10   2.506266E-10
     82   6.349206E-10   5.012531E-10
     83   3.968254E-10   2.785295E-40
     84   4.761905E-10   1.001265E-40
     85   1.428571E-09   3.759398E-09
     86   1.269841E-09   3.258145E-09
     87   1.349206E-09   3.508772E-09
     88   1.190476E-09   3.007519E-09
     89   1.428571E-09   3.508772E-09
     90   1.111111E-09   2.756892E-09
     91   1.269841E-09   3.007519E-09
     92   1.031746E-09   2.506266E-09
     93   9.523810E-10   2.255639E-09
     94   1.111111E-09   2.506266E-09
     95   8.730159E-10   2.005013E-09
     96   7.936508E-10   1.754386E-09
     97   9.523810E-10   2.005013E-09
     98   7.142857E-10   1.503759E-09
     99   6.349206E-10   1.253133E-09
    100   7.936508E-10   1.503759E-09
    101   5.555556E-10   1.002506E-09
    102   4.761905E-10   7.518797E-10
    103   6.349206E-10   1.002506E-09
    104   3.968254E-10   5.012531E-10
    105   3.174603E-10   2.506266E-10
    106   4.761905E-10   5.012531E-10
    107   2.380952E-10   2.785295E-40
    108   3.174603E-10   1.001265E-40
    109   1.428571E-09   4.260652E-09
    110   1.269841E-09   3.759398E-09
    111   1.349206E-09   4.010025E-09
    112   1.190476E-09   3.508772E-09
    113   1.428571E-09   4.010025E-09
    114   1.111111E-09   3.258145E-09
    115   1.269841E-09   3.508772E-09
    116   1.031746E-09   3.007519E-09
    117   9.523810E-10   2.756892E-09
    118   1.111111E-09   3.007519E-09
    119   8.730159E-10   2.506266E-09
    120   7.936508E-10   2.255639E-09
    121   9.523810E-10   2.506266E-09
    122   7.142857E-10   2.005013E-09
    123   6.349206E-10   1.754386E-09
    124   7.936508E-10   2.005013E-09
    125   5.555556E-10   1.503759E-09
    126   4.761905E-10   1.253133E-09
    127   6.349206E-10   1.503759E-09
    128   3.968254E-10   1.002506E-09
    129   3.174603E-10   7.518797E-10
    130   4.761905E-10   1.002506E-09
    131   2.380952E-10   5.012531E-10
    132   1.587302E-10   2.506266E-10
    133  -7.180144E-23   2.506266E-10
    134   3.174603E-10   5.012531E-10
    135   7.936508E-11   2.785295E-40
    136   1.587302E-10   1.001265E-40
    137   1.428571E-09   4.761905E-09
    138   1.269841E-09   4.260652E-09
    139   1.349206E-09   4.511278E-09
    140   1.190476E-09   4.010025E-09
    141   1.428571E-09   4.511278E-09
    142   1.111111E-09   3.759398E-09
    143   1.269841E-09   4.010025E-09
    144   1.031746E-09   3.508772E-09
    145   9.523810E-10   3.258145E-09
    146   1.111111E-09   3.508772E-09
    147   8.730159E-10   3.007519E-09
    148   7.936508E-10   2.756892E-09
    149   9.523810E-10   3.007519E-09
    150   7.142857E-10   2.506266E-09
    151   6.349206E-10   2.255639E-09
    152   7.936508E-10   2.506266E-09
    153   5.555556E-10   2.005013E-09
    154   4.761905E-10   1.754386E-09
    155   6.349206E-10   2.005013E-09
    156   3.968254E-10   1.503759E-09
    157   3.174603E-10   1.253133E-09
    158   4.761905E-10   1.503759E-09
    159   2.380952E-10   1.002506E-09
    160   1.587302E-10   7.518797E-10
    161  -1.281953E-22   7.518797E-10
    162   3.174603E-10   1.002506E-09
    163   7.936508E-11   5.012531E-10
    164   1.587302E-10   5.012531E-10
    165  -3.633046E-53   1.001265E-40
    166   1.428571E-09   5.263158E-09
    167   1.269841E-09   4.761905E-09
    168   1.349206E-09   5.012531E-09
    169   1.190476E-09   4.511278E-09
    170   1.428571E-09   5.012531E-09
    171   1.111111E-09   4.260652E-09
    172   1.269841E-09   4.511278E-09
    173   1.031746E-09   4.010025E-09
    174   9.523810E-10   3.759398E-09
    175   1.111111E-09   4.010025E-09
    176   8.730159E-10   3.508772E-09
    177   7.936508E-10   3.258145E-09
    178   9.523810E-10   3.508772E-09
    179   7.142857E-10   3.007519E-09
    180   6.349206E-10   2.756892E-09
    181   7.936508E-10   3.007519E-09
    182   5.555556E-10   2.506266E-09
    183   4.761905E-10   2.255639E-09
    184   6.349206E-10   2.506266E-09
    185   3.968254E-10   2.005013E-09
    186   3.174603E-10   1.754386E-09
    187   4.761905E-10   2.005013E-09
    188   2.380952E-10   1.503759E-09
    189   1.587302E-10   1.253133E-09
    190  -1.636739E-22   1.253133E-09
    191   3.174603E-10   1.503759E-09
    192   7.936508E-11   1.002506E-09
    193   1.587302E-10   1.002506E-09
    194  -1.054461E-22   5.012531E-10
    195   1.428571E-09   5.764411E-09
    196   1.269841E-09   5.263158E-09
    197   1.349206E-09   5.513784E-09
    198   1.190476E-09   5.012531E-09
    199   1.428571E-09   5.513784E-09
    200   1.111111E-09   4.761905E-09
    201   1.269841E-09   5.012531E-09
    202   1.031746E-09   4.511278E-09
    203   9.523810E-10   4.260652E-09
    204   1.111111E-09   4.511278E-09
    205   8.730159E-10   4.010025E-09
    206   7.936508E-10   3.759398E-09
    207   9.523810E-10   4.010025E-09
    208   7.142857E-10   3.508772E-09
    209   6.349206E-10   3.258145E-09
    210   7.936508E-10   3.508772E-09
    211   5.555556E-10   3.007519E-09
    212   4.761905E-10   2.756892E-09
    213   6.349206E-10   3.007519E-09
    214   3.968254E-10   2.506266E-09
    215   3.174603E-10   2.255639E-09
    216   4.761905E-10   2.506266E-09
    217   2.380952E-10   2.005013E-09
    218   1.587302E-10   1.754386E-09
    219  -1.998184E-22   1.754386E-09
    220   3.174603E-10   2.005013E-09
    221   7.936508E-11   1.503759E-09
    222   1.587302E-10   1.503759E-09
    223  -1.455321E-22   1.002506E-09
    224   1.428571E-09   6.265664E-09
    225   1.269841E-09   5.764411E-09
    226   1.349206E-09   6.015038E-09
    227   1.190476E-09   5.513784E-09
    228   1.428571E-09   6.015038E-09
    229   1.111111E-09   5.263158E-09
    230   1.269841E-09   5.513784E-09
    231   1.031746E-09   5.012531E-09
    232   9.523810E-10   4.761905E-09
    233   1.111111E-09   5.012531E-09
    234   8.730159E-10   4.511278E-09
    235   7.936508E-10   4.260652E-09
    236   9.523810E-10   4.511278E-09
    237   7.142857E-10   4.010025E-09
    238   6.349206E-10   3.759398E-09
    239   7.936508E-10   4.010025E-09
    240   5.555556E-10   3.508772E-09
    241   4.761905E-10   3.258145E-09
    242   6.349206E-10   3.508772E-09
    243   3.968254E-10   3.007519E-09
    244   3.174603E-10   2.756892E-09
    245   4.761905E-10   3.007519E-09
    246   2.380952E-10   2.506266E-09
    247   1.587302E-10   2.255639E-09
    248  -2.376723E-22   2.255639E-09
    249   3.174603E-10   2.506266E-09
    250   7.936508E-11   2.005013E-09
    251   1.587302E-10   2.005013E-09
    252  -1.811655E-22   1.503759E-09
    253   1.428571E-09   6.766917E-09
    254   1.269841E-09   6.265664E-09
    255   1.349206E-09   6.516291E-09
    256   1.190476E-09   6.015038E-09
    257   1.428571E-09   6.516291E-09
    258   1.111111E-09   5.764411E-09
    259   1.269841E-09   6.015038E-09
    260   1.031746E-09   5.513784E-09
    261   9.523810E-10   5.263158E-09
    262   1.111111E-09   5.513784E-09
    263   8.730159E-10   5.012531E-09
    264   7.936508E-10   4.761905E-09
    265   9.523810E-10   5.012531E-09
    266   7.142857E-10   4.511278E-09
    267   6.349206E-10   4.260652E-09
    268   7.936508E-10   4.511278E-09
    269   5.555556E-10   4.010025E-09
    270   4.761905E-10   3.759398E-09
    271   6.349206E-10   4.010025E-09
    272   3.968254E-10   3.508772E-09
    273   3.174603E-10   3.258145E-09
    274   4.761905E-10   3.508772E-09
    275   2.380952E-10   3.007519E-09
    276   1.587302E-10   2.756892E-09
    277  -2.808165E-22   2.756892E-09
    278   3.174603E-10   3.007519E-09
    279   7.936508E-11   2.506266E-09
    280   1.587302E-10   2.506266E-09
    281  -2.188280E-22   2.005013E-09
    282   1.428571E-09   7.268170E-09
    283   1.269841E-09   6.766917E-09
    284   1.349206E-09   7.017544E-09
    285   1.190476E-09   6.516291E-09
    286   1.428571E-09   7.017544E-09
    287   1.111111E-09   6.265664E-09
    288   1.269841E-09   6.516291E-09
    289   1.031746E-09   6.015038E-09
    290   9.523810E-10   5.764411E-09
    291   1.111111E-09   6.015038E-09
    292   8.730159E-10   5.513784E-09
    293   7.936508E-10   5.263158E-09
    294   9.523810E-10   5.513784E-09
    295   7.142857E-10   5.012531E-09
    296   6.349206E-10   4.761905E-09
    297   7.936508E-10   5.012531E-09
    298   5.555556E-10   4.511278E-09
    299   4.761905E-10   4.260652E-09
    300   6.349206E-10   4.511278E-09
    301   3.968254E-10   4.010025E-09
    302   3.174603E-10   3.759398E-09
    303   4.761905E-10   4.010025E-09
    304   2.380952E-10   3.508772E-09
    305   1.587302E-10   3.258145E-09
    306  -3.275195E-22   3.258145E-09
    307   3.174603E-10   3.508772E-09
    308   7.936508E-11   3.007519E-09
    309   1.587302E-10   3.007519E-09
    310  -2.587266E-22   2.506266E-09
    311   1.428571E-09   7.769424E-09
    312   1.269841E-09   7.268170E-09
    313   1.349206E-09   7.518797E-09
    314   1.190476E-09   7.017544E-09
    315   1.428571E-09   7.518797E-09
    316   1.111111E-09   6.766917E-09
    317   1.269841E-09   7.017544E-09
    318   1.031746E-09   6.516291E-09
    319   9.523810E-10   6.265664E-09
    320   1.111111E-09   6.516291E-09
    321   8.730159E-10   6.015038E-09
    322   7.936508E-10   5.764411E-09
    323   9.523810E-10   6.015038E-09
    324   7.142857E-10   5.513784E-09
    325   6.349206E-10   5.263158E-09
    326   7.936508E-10   5.513784E-09
    327   5.555556E-10   5.012531E-09
    328   4.761905E-10   4.761905E-09
    329   6.349206E-10   5.012531E-09
    330   3.968254E-10   4.511278E-09
    331   3.174603E-10   4.260652E-09
    332   4.761905E-10   4.511278E-09
    333   2.380952E-10   4.010025E-09
    334   1.587302E-10   3.759398E-09
    335  -3.771592E-22   3.759398E-09
    336   3.174603E-10   4.010025E-09
    337   7.936508E-11   3.508772E-09
    338   1.587302E-10   3.508772E-09
    339  -3.026706E-22   3.007519E-09
    340   1.428571E-09   8.270677E-09
    341   1.269841E-09   7.769424E-09
    342   1.349206E-09   8.020050E-09
    343   1.190476E-09   7.518797E-09
    344   1.428571E-09   8.020050E-09
    345   1.111111E-09   7.268170E-09
    346   1.269841E-09   7.518797E-09
    347   1.031746E-09   7.017544E-09
    348   9.523810E-10   6.766917E-09
    349   1.111111E-09   7.017544E-09
    350   8.730159E-10   6.516291E-09
    351   7.936508E-10   6.265664E-09
    352   9.523810E-10   6.516291E-09
    353   7.142857E-10   6.015038E-09
    354   6.349206E-10   5.764411E-09
    355   7.936508E-10   6.015038E-09
    356   5.555556E-10   5.513784E-09
    357   4.761905E-10   5.263158E-09
    358   6.349206E-10   5.513784E-09
    359   3.968254E-10   5.012531E-09
    360   3.174603E-10   4.761905E-09
    361   4.761905E-10   5.012531E-09
    362   2.380952E-10   4.511278E-09
    363   1.587302E-10   4.260652E-09
    364  -4.293568E-22   4.260652E-09
    365   3.174603E-10   4.511278E-09
    366   7.936508E-11   4.010025E-09
    367   1.587302E-10   4.010025E-09
    368  -3.512674E-22   3.508772E-09
    369   1.428571E-09   8.771930E-09
    370   1.269841E-09   8.270677E-09
    371   1.349206E-09   9.523810E-09
    372   1.349206E-09   8.521303E-09
    373   1.428571E-09   9.273183E-09
    374   1.190476E-09   8.020050E-09
    375   1.428571E-09   8.521303E-09
    376   1.111111E-09   7.769424E-09
    377   1.269841E-09   8.020050E-09
    378   1.031746E-09   7.518797E-09
    379   9.523810E-10   7.268170E-09
    380   1.111111E-09   7.518797E-09
    381   8.730159E-10   7.017544E-09
    382   7.936508E-10   6.766917E-09
    383   9.523810E-10   7.017544E-09
    384   7.142857E-10   6.516291E-09
    385   6.349206E-10   6.265664E-09
    386   7.936508E-10   6.516291E-09
    387   5.555556E-10   6.015038E-09
    388   4.761905E-10   5.764411E-09
    389   6.349206E-10   6.015038E-09
    390   3.968254E-10   5.513784E-09
    391   3.174603E-10   5.263158E-09
    392   4.761905E-10   5.513784E-09
    393   2.380952E-10   5.012531E-09
    394   1.587302E-10   4.761905E-09
    395  -4.865462E-22   4.761905E-09
    396   3.174603E-10   5.012531E-09
    397   7.936508E-11   4.511278E-09
    398   1.587302E-10   4.511278E-09
    399  -4.028111E-22   4.010025E-09
    400   1.269841E-09   8.771930E-09
    401   1.349206E-09   9.022556E-09
    402   1.190476E-09   8.521303E-09
    403   1.269841E-09   9.273183E-09
    404   1.428571E-09   9.022556E-09
    405   1.111111E-09   8.270677E-09
    406   1.190476E-09   9.523810E-09
    407   1.269841E-09   8.521303E-09
    408   1.031746E-09   8.020050E-09
    409   9.523810E-10   7.769424E-09
    410   1.111111E-09   8.020050E-09
    411   8.730159E-10   7.518797E-09
    412   7.936508E-10   7.268170E-09
    413   9.523810E-10   7.518797E-09
    414   7.142857E-10   7.017544E-09
    415   6.349206E-10   6.766917E-09
    416   7.936508E-10   7.017544E-09
    417   5.555556E-10   6.516291E-09
    418   4.761905E-10   6.265664E-09
    419   6.349206E-10   6.516291E-09
    420   3.968254E-10   6.015038E-09
    421   3.174603E-10   5.764411E-09
    422   4.761905E-10   6.015038E-09
    423   2.380952E-10   5.513784E-09
    424   1.587302E-10   5.263158E-09
    425  -5.503554E-22   5.263158E-09
    426   3.174603E-10   5.513784E-09
    427   7.936508E-11   5.012531E-09
    428   1.587302E-10   5.012531E-09
    429  -4.585683E-22   4.511278E-09
    430   1.111111E-09   8.771930E-09
    431   1.190476E-09   9.022556E-09
    432   1.428571E-09   9.523810E-09
    433   1.269841E-09   9.022556E-09
    434   1.031746E-09   8.521303E-09
    435   1.111111E-09   9.273183E-09
    436   9.523810E-10   8.270677E-09
    437   1.031746E-09   9.523810E-09
    438   1.111111E-09   8.521303E-09
    439   8.730159E-10   8.020050E-09
    440   7.936508E-10   7.769424E-09
    441   9.523810E-10   8.020050E-09
    442   7.142857E-10   7.518797E-09
    443   6.349206E-10   7.268170E-09
    444   7.936508E-10   7.518797E-09
    445   5.555556E-10   7.017544E-09
    446   4.761905E-10   6.766917E-09
    447   6.349206E-10   7.017544E-09
    448   3.968254E-10   6.516291E-09
    449   3.174603E-10   6.265664E-09
    450   4.761905E-10   6.516291E-09
    451   2.380952E-10   6.015038E-09
    452   1.587302E-10   5.764411E-09
    453  -6.133835E-22   5.764411E-09
    454   3.174603E-10   6.015038E-09
    455   7.936508E-11   5.513784E-09
    456   1.587302E-10   5.513784E-09
    457  -5.172981E-22   5.012531E-09
    458   9.523810E-10   8.771930E-09
    459   1.031746E-09   9.022556E-09
    460   1.269841E-09   9.523810E-09
    461   1.111111E-09   9.022556E-09
    462   8.730159E-10   8.521303E-09
    463   9.523810E-10   9.273183E-09
    464   7.936508E-10   8.270677E-09
    465   8.730159E-10   9.523810E-09
    466   9.523810E-10   8.521303E-09
    467   7.142857E-10   8.020050E-09
    468   6.349206E-10   7.769424E-09
    469   7.936508E-10   8.020050E-09
    470   5.555556E-10   7.518797E-09
    471   4.761905E-10   7.268170E-09
    472   6.349206E-10   7.518797E-09
    473   3.968254E-10   7.017544E-09
    474   3.174603E-10   6.766917E-09
    475   4.761905E-10   7.017544E-09
    476   2.380952E-10   6.516291E-09
    477   1.587302E-10   6.265664E-09
    478  -6.781791E-22   6.265664E-09
    479   3.174603E-10   6.516291E-09
    480   7.936508E-11   6.015038E-09
    481   1.587302E-10   6.015038E-09
    482  -5.824902E-22   5.513784E-09
    483   7.936508E-10   8.771930E-09
    484   8.730159E-10   9.022556E-09
    485   1.111111E-09   9.523810E-09
    486   9.523810E-10   9.022556E-09
    487   7.142857E-10   8.521303E-09
    488   7.936508E-10   9.273183E-09
    489   6.349206E-10   8.270677E-09
    490   7.142857E-10   9.523810E-09
    491   7.936508E-10   8.521303E-09
    492   5.555556E-10   8.020050E-09
    493   4.761905E-10   7.769424E-09
    494   6.349206E-10   8.020050E-09
    495   3.968254E-10   7.518797E-09
    496   3.174603E-10   7.268170E-09
    497   4.761905E-10   7.518797E-09
    498   2.380952E-10   7.017544E-09
    499   1.587302E-10   6.766917E-09
    500  -7.461008E-22   6.766917E-09
    501   3.174603E-10   7.017544E-09
    502   7.936508E-11   6.516291E-09
    503   1.587302E-10   6.516291E-09
    504  -6.447873E-22   6.015038E-09
    505   6.349206E-10   8.771930E-09
    506   7.142857E-10   9.022556E-09
    507   9.523810E-10   9.523810E-09
    508   7.936508E-10   9.022556E-09
    509   5.555556E-10   8.521303E-09
    510   6.349206E-10   9.273183E-09
    511   4.761905E-10   8.270677E-09
    512   5.555556E-10   9.523810E-09
    513   6.349206E-10   8.521303E-09
    514   3.968254E-10   8.020050E-09
    515   3.174603E-10   7.769424E-09
    516   4.761905E-10   8.020050E-09
    517   2.380952E-10   7.518797E-09
    518   1.587302E-10   7.268170E-09
    519  -8.170258E-22   7.268170E-09
    520   3.174603E-10   7.518797E-09
    521   7.936508E-11   7.017544E-09
    522   1.587302E-10   7.017544E-09
    523  -7.127195E-22   6.516291E-09
    524   4.761905E-10   8.771930E-09
    525   5.555556E-10   9.022556E-09
    526   7.936508E-10   9.523810E-09
    527   6.349206E-10   9.022556E-09
    528   3.968254E-10   8.521303E-09
    529   4.761905E-10   9.273183E-09
    530   3.174603E-10   8.270677E-09
    531   3.968254E-10   9.523810E-09
    532   4.761905E-10   8.521303E-09
    533   2.380952E-10   8.020050E-09
    534   1.587302E-10   7.769424E-09
    535  -8.951637E-22   7.769424E-09
    536   3.174603E-10   8.020050E-09
    537   7.936508E-11   7.518797E-09
    538   1.587302E-10   7.518797E-09
    539  -7.809619E-22   7.017544E-09
    540   3.174603E-10   8.771930E-09
    541   3.968254E-10   9.022556E-09
    542   6.349206E-10   9.523810E-09
    543   4.761905E-10   9.022556E-09
    544   2.380952E-10   8.521303E-09
    545   3.174603E-10   9.273183E-09
    546   1.587302E-10   8.270677E-09
    547  -9.670888E-22   8.270677E-09
    548   2.380952E-10   9.523810E-09
    549   7.936508E-11   9.523810E-09
    550   3.174603E-10   8.521303E-09
    551   7.936508E-11   8.020050E-09
    552   1.587302E-10   8.020050E-09
    553  -8.561319E-22   7.518797E-09
    554   1.587302E-10   8.771930E-09
    555  -1.096414E-21   9.273183E-09
    556  -1.034236E-21   8.771930E-09
    557   2.380952E-10   9.022556E-09
    558   4.761905E-10   9.523810E-09
    559   3.174603E-10   9.022556E-09
    560   7.936508E-11   8.521303E-09
    561   1.587302E-10   9.273183E-09
    562   1.587302E-10   8.521303E-09
    563  -9.313020E-22   8.020050E-09
    564   7.936508E-11   9.022556E-09
    565   3.174603E-10   9.523810E-09
    566   1.587302E-10   9.022556E-09
    567  -9.990274E-22   8.521303E-09
    568   1.587302E-10   9.523810E-09
    569  -1.064581E-21   9.022556E-09
    570  -1.133237E-21   9.523810E-09
 
 *** NODAL STRESS ***
  NODE         SXX            SYY            SXY            SI            S2
----------------------------------------------------------------------------------
      1   3.330669E-14   1.000000E+01  -8.768594E-15   1.000000E+01   3.286260E-14
      2   5.773160E-15   1.000000E+01  -4.243321E-15   1.000000E+01   5.329071E-15
      3   1.776357E-14   1.000000E+01  -6.597864E-15   1.000000E+01   1.776357E-14
      4   4.440892E-16   1.000000E+01  -1.482407E-14   1.000000E+01   0.000000E+00
      5  -1.465494E-14   1.000000E+01  -4.415326E-15   1.000000E+01  -1.509903E-14
      6  -1.776357E-15   1.000000E+01  -6.831269E-16   1.000000E+01  -1.776357E-15
      7   8.770762E-14   1.000000E+01  -7.503685E-15   1.000000E+01   8.792966E-14
      8  -2.353673E-14   1.000000E+01  -1.331190E-14   1.000000E+01  -2.309264E-14
      9  -4.218847E-15   1.000000E+01  -1.448552E-14   1.000000E+01  -4.440892E-15
     10  -1.021405E-14   1.000000E+01  -9.542050E-15   1.000000E+01  -1.065814E-14
     11  -1.132427E-14   1.000000E+01  -2.058471E-14   1.000000E+01  -1.154632E-14
     12   3.996803E-15   1.000000E+01  -3.789402E-15   1.000000E+01   3.552714E-15
     13  -4.440892E-15   1.000000E+01  -1.330616E-14   1.000000E+01  -4.440892E-15
     14  -8.881784E-15   1.000000E+01   4.786825E-16   1.000000E+01  -8.881784E-15
     15   2.664535E-15   1.000000E+01  -1.446837E-15   1.000000E+01   2.664535E-15
     16  -1.787459E-14   1.000000E+01  -1.354236E-14   1.000000E+01  -1.776357E-14
     17   5.995204E-14   1.000000E+01  -7.327255E-15   1.000000E+01   5.950795E-14
     18  -9.325873E-15   1.000000E+01   1.851913E-14   1.000000E+01  -9.769963E-15
     19  -2.575717E-14   1.000000E+01  -4.303558E-15   1.000000E+01  -2.575717E-14
     20  -2.220446E-15   1.000000E+01  -2.659468E-14   1.000000E+01  -2.664535E-15
     21   1.088019E-14   1.000000E+01  -1.804894E-14   1.000000E+01   1.065814E-14
     22  -2.131628E-14   1.000000E+01  -4.015951E-14   1.000000E+01  -2.131628E-14
     23   1.509903E-14   1.000000E+01  -9.608879E-15   1.000000E+01   1.509903E-14
     24  -5.773160E-15   1.000000E+01  -4.394366E-14   1.000000E+01  -6.217249E-15
     25  -2.364775E-14   1.000000E+01  -3.718357E-14   1.000000E+01  -2.398082E-14
     26   1.754152E-14   1.000000E+01  -3.009686E-14   1.000000E+01   1.687539E-14
     27   5.240253E-14   1.000000E+01  -2.069896E-14   1.000000E+01   5.240253E-14
     28  -1.443290E-14   1.000000E+01  -1.520045E-14   1.000000E+01  -1.421085E-14
     29   7.105427E-14   1.000000E+01  -4.128130E-15   1.000000E+01   7.105427E-14
     30   6.794565E-14   1.000000E+01  -2.556205E-15   1.000000E+01   6.750156E-14
     31   3.996803E-14   1.000000E+01   3.124716E-15   1.000000E+01   3.996803E-14
     32   1.154632E-14   1.000000E+01  -6.814627E-14   1.000000E+01   1.154632E-14
     33   1.265654E-14   1.000000E+01  -3.276173E-14   1.000000E+01   1.243450E-14
     34  -2.109424E-14   1.000000E+01  -6.508678E-14   1.000000E+01  -2.131628E-14
     35   6.217249E-15   1.000000E+01  -6.008674E-15   1.000000E+01   6.217249E-15
     36  -8.659740E-15   1.000000E+01  -5.456036E-14   1.000000E+01  -8.881784E-15
     37   4.440892E-15   1.000000E+01  -1.501943E-14   1.000000E+01   4.440892E-15
     38   2.042810E-14   1.000000E+01  -5.441186E-14   1.000000E+01   2.042810E-14
     39   4.374279E-14   1.000000E+01  -4.924615E-14   1.000000E+01   4.352074E-14
     40  -9.214851E-15   1.000000E+01  -5.315948E-14   1.000000E+01  -9.769963E-15
     41   6.128431E-14   1.000000E+01  -3.881655E-14   1.000000E+01   6.128431E-14
     42   8.970602E-14   1.000000E+01  -2.556901E-14   1.000000E+01   8.970602E-14
     43   6.183942E-14   1.000000E+01  -3.426322E-14   1.000000E+01   6.217249E-14
     44   1.256772E-13   1.000000E+01  -1.064101E-14   1.000000E+01   1.261213E-13
     45   8.659740E-14   1.000000E+01   3.569145E-16   1.000000E+01   8.704149E-14
     46   2.176037E-14   1.000000E+01  -3.527059E-15   1.000000E+01   2.131628E-14
     47   1.865175E-14   1.000000E+01  -3.220060E-14   1.000000E+01   1.865175E-14
     48   1.776357E-15   1.000000E+01  -4.384524E-14   1.000000E+01   1.776357E-15
     49   3.597123E-14   1.000000E+01  -5.874776E-14   1.000000E+01   3.552714E-14
     50   2.020606E-14   1.000000E+01  -6.878562E-14   1.000000E+01   2.042810E-14
     51   9.325873E-15   1.000000E+01  -7.150336E-14   1.000000E+01   8.881784E-15
     52   4.352074E-14   1.000000E+01  -1.893420E-14   1.000000E+01   4.352074E-14
     53  -8.215650E-15   1.000000E+01  -6.890397E-14   1.000000E+01  -7.993606E-15
     54  -2.065015E-14   1.000000E+01  -7.980851E-14   1.000000E+01  -2.042810E-14
     55  -1.632028E-14   1.000000E+01  -6.407598E-14   1.000000E+01  -1.598721E-14
     56   3.796963E-14   1.000000E+01  -8.372270E-14   1.000000E+01   3.819167E-14
     57   7.038814E-14   1.000000E+01  -6.513242E-14   1.000000E+01   7.016610E-14
     58   1.132427E-14   1.000000E+01  -6.860301E-14   1.000000E+01   1.154632E-14
     59   1.003642E-13   1.000000E+01  -5.331400E-14   1.000000E+01   1.003642E-13
     60   1.421085E-13   1.000000E+01  -3.743096E-14   1.000000E+01   1.421085E-13
     61   7.860379E-14   1.000000E+01  -3.081831E-14   1.000000E+01   7.815970E-14
     62   1.736389E-13   1.000000E+01  -1.495759E-15   1.000000E+01   1.731948E-13
     63   1.250111E-13   1.000000E+01  -2.005826E-14   1.000000E+01   1.252332E-13
     64  -1.154632E-14   1.000000E+01   1.645852E-15   1.000000E+01  -1.154632E-14
     65   5.329071E-15   1.000000E+01  -5.351691E-14   1.000000E+01   5.329071E-15
     66  -1.887379E-14   1.000000E+01  -2.960703E-14   1.000000E+01  -1.865175E-14
     67   4.085621E-14   1.000000E+01  -3.901777E-14   1.000000E+01   4.085621E-14
     68   6.039613E-14   1.000000E+01   2.191451E-15   1.000000E+01   6.039613E-14
     69   2.886580E-14   1.000000E+01  -7.381403E-14   1.000000E+01   2.842171E-14
     70   9.769963E-15   1.000000E+01  -2.249416E-14   1.000000E+01   9.769963E-15
     71   1.265654E-14   1.000000E+01  -7.624326E-14   1.000000E+01   1.243450E-14
     72   1.043610E-14   1.000000E+01  -9.548606E-14   1.000000E+01   1.065814E-14
     73   1.487699E-14   1.000000E+01  -9.875872E-14   1.000000E+01   1.509903E-14
     74   3.308465E-14   1.000000E+01  -1.172189E-13   1.000000E+01   3.286260E-14
     75   5.706546E-14   1.000000E+01  -9.270080E-14   1.000000E+01   5.684342E-14
     76  -3.774758E-15   1.000000E+01  -8.799417E-14   1.000000E+01  -4.440892E-15
     77   8.992806E-14   1.000000E+01  -9.908036E-14   1.000000E+01   8.970602E-14
     78   1.112443E-13   1.000000E+01  -8.549753E-14   1.000000E+01   1.110223E-13
     79   7.016610E-14   1.000000E+01  -8.438542E-14   1.000000E+01   7.016610E-14
     80   1.634248E-13   1.000000E+01  -6.751320E-14   1.000000E+01   1.634248E-13
     81   2.069456E-13   1.000000E+01  -3.569141E-14   1.000000E+01   2.069456E-13
     82   1.331157E-13   1.000000E+01  -6.017421E-14   1.000000E+01   1.332268E-13
     83   2.922107E-13   1.000000E+01  -6.985371E-15   1.000000E+01   2.922107E-13
     84   2.349232E-13   1.000000E+01  -1.920679E-15   1.000000E+01   2.344791E-13
     85   1.287859E-14   1.000000E+01   2.482234E-14   1.000000E+01   1.243450E-14
     86  -1.154632E-14   1.000000E+01  -5.342739E-14   1.000000E+01  -1.154632E-14
     87  -2.309264E-14   1.000000E+01  -8.023079E-17   1.000000E+01  -2.309264E-14
     88   4.463097E-14   1.000000E+01  -3.373899E-14   1.000000E+01   4.440892E-14
     89  -6.195044E-14   1.000000E+01   3.855754E-14   1.000000E+01  -6.217249E-14
     90   4.973799E-14   1.000000E+01  -1.066278E-13   1.000000E+01   4.973799E-14
     91  -3.175238E-14   1.000000E+01  -3.021102E-14   1.000000E+01  -3.197442E-14
     92   1.554312E-15   1.000000E+01  -1.318426E-13   1.000000E+01   1.776357E-15
     93   0.000000E+00   1.000000E+01  -8.718336E-14   1.000000E+01   0.000000E+00
     94   4.463097E-14   1.000000E+01  -9.749920E-14   1.000000E+01   4.440892E-14
     95   1.687539E-14   1.000000E+01  -1.404181E-13   1.000000E+01   1.687539E-14
     96   3.530509E-14   1.000000E+01  -1.061068E-13   1.000000E+01   3.552714E-14
     97   2.020606E-14   1.000000E+01  -1.067181E-13   1.000000E+01   2.042810E-14
     98   6.261658E-14   1.000000E+01  -8.491329E-14   1.000000E+01   6.217249E-14
     99   7.682743E-14   1.000000E+01  -9.745652E-14   1.000000E+01   7.638334E-14
    100   7.061018E-14   1.000000E+01  -1.049724E-13   1.000000E+01   7.016610E-14
    101   9.325873E-14   1.000000E+01  -9.544703E-14   1.000000E+01   9.325873E-14
    102   1.458833E-13   1.000000E+01  -1.067980E-13   1.000000E+01   1.456613E-13
    103   9.270362E-14   1.000000E+01  -1.099545E-13   1.000000E+01   9.237056E-14
    104   2.020606E-13   1.000000E+01  -1.077466E-13   1.000000E+01   2.025047E-13
    105   3.410605E-13   1.000000E+01  -8.148806E-14   1.000000E+01   3.410605E-13
    106   1.904032E-13   1.000000E+01  -8.449088E-14   1.000000E+01   1.900702E-13
    107   4.125589E-13   1.000000E+01   4.947604E-14   1.000000E+01   4.121148E-13
    108   2.884359E-13   1.000000E+01  -9.066183E-15   1.000000E+01   2.886580E-13
    109  -2.575717E-14   1.000000E+01   9.808219E-15   1.000000E+01  -2.575717E-14
    110   2.575717E-14   1.000000E+01  -6.457420E-14   1.000000E+01   2.575717E-14
    111  -6.572520E-14   1.000000E+01  -2.353805E-14   1.000000E+01  -6.572520E-14
    112   1.265654E-14   1.000000E+01  -9.033454E-14   1.000000E+01   1.243450E-14
    113  -5.528911E-14   1.000000E+01   4.339701E-14   1.000000E+01  -5.595524E-14
    114   2.775558E-14   1.000000E+01  -8.435591E-14   1.000000E+01   2.753353E-14
    115  -4.662937E-15   1.000000E+01  -6.804877E-14   1.000000E+01  -4.440892E-15
    116   1.465494E-14   1.000000E+01  -1.146046E-13   1.000000E+01   1.421085E-14
    117   1.332268E-14   1.000000E+01  -8.142973E-14   1.000000E+01   1.332268E-14
    118   5.007106E-14   1.000000E+01  -1.026950E-13   1.000000E+01   4.973799E-14
    119   1.687539E-14   1.000000E+01  -9.018514E-14   1.000000E+01   1.687539E-14
    120   3.219647E-14   1.000000E+01  -1.119362E-13   1.000000E+01   3.197442E-14
    121   3.330669E-16   1.000000E+01  -1.165405E-13   1.000000E+01   0.000000E+00
    122   4.662937E-14   1.000000E+01  -8.672025E-14   1.000000E+01   4.618528E-14
    123   5.240253E-14   1.000000E+01  -9.433982E-14   1.000000E+01   5.240253E-14
    124   2.631229E-14   1.000000E+01  -1.142769E-13   1.000000E+01   2.664535E-14
    125   6.705747E-14   1.000000E+01  -1.264233E-13   1.000000E+01   6.750156E-14
    126   7.904788E-14   1.000000E+01  -9.664460E-14   1.000000E+01   7.904788E-14
    127   5.584422E-14   1.000000E+01  -7.348948E-14   1.000000E+01   5.595524E-14
    128   1.092459E-13   1.000000E+01  -9.966419E-14   1.000000E+01   1.092459E-13
    129   1.632028E-13   1.000000E+01  -1.223100E-13   1.000000E+01   1.634248E-13
    130   1.247891E-13   1.000000E+01  -1.136549E-13   1.000000E+01   1.243450E-13
    131   1.869616E-13   1.000000E+01  -1.820506E-13   1.000000E+01   1.865175E-13
    132   3.987921E-13   1.000000E+01  -1.760805E-13   1.000000E+01   3.987921E-13
    133   5.453415E-13   1.000000E+01  -5.281926E-13   1.000000E+01   5.453415E-13
    134   2.419176E-13   1.000000E+01  -1.262463E-13   1.000000E+01   2.415845E-13
    135   1.710632E-12   1.000000E+01  -5.870047E-13   1.000000E+01   1.710632E-12
    136   8.464340E-13   1.000000E+01   5.754218E-14   1.000000E+01   8.464340E-13
    137  -5.195844E-14   1.000000E+01  -2.216935E-14   1.000000E+01  -5.151435E-14
    138   7.993606E-15   1.000000E+01  -1.035630E-14   1.000000E+01   7.993606E-15
    139   6.616929E-14   1.000000E+01  -3.196061E-14   1.000000E+01   6.572520E-14
    140   5.329071E-14   1.000000E+01  -5.049805E-14   1.000000E+01   5.329071E-14
    141   9.214851E-14   1.000000E+01   9.658306E-14   1.000000E+01   9.237056E-14
    142   7.771561E-15   1.000000E+01  -4.503759E-14   1.000000E+01   7.993606E-15
    143   5.617729E-14   1.000000E+01  -6.523399E-14   1.000000E+01   5.595524E-14
    144   5.107026E-15   1.000000E+01  -1.004236E-13   1.000000E+01   4.440892E-15
    145  -4.884981E-15   1.000000E+01  -7.432246E-14   1.000000E+01  -5.329071E-15
    146   3.841372E-14   1.000000E+01  -6.393358E-14   1.000000E+01   3.819167E-14
    147   9.992007E-15   1.000000E+01  -7.376816E-14   1.000000E+01   9.769963E-15
    148   6.417089E-14   1.000000E+01  -1.273343E-13   1.000000E+01   6.394885E-14
    149  -1.443290E-14   1.000000E+01  -9.469230E-14   1.000000E+01  -1.509903E-14
    150   4.152234E-14   1.000000E+01  -9.965468E-14   1.000000E+01   4.174439E-14
    151   1.820766E-14   1.000000E+01  -1.094940E-13   1.000000E+01   1.776357E-14
    152   1.454392E-14   1.000000E+01  -1.311668E-13   1.000000E+01   1.421085E-14
    153   7.993606E-15   1.000000E+01  -1.017615E-13   1.000000E+01   7.993606E-15
    154   4.174439E-14   1.000000E+01  -9.906681E-14   1.000000E+01   4.174439E-14
    155   5.606626E-14   1.000000E+01  -9.319089E-14   1.000000E+01   5.595524E-14
    156   4.130030E-14   1.000000E+01  -6.741469E-14   1.000000E+01   4.085621E-14
    157   2.797762E-14   1.000000E+01  -8.835327E-14   1.000000E+01   2.842171E-14
    158   5.917489E-14   1.000000E+01  -8.486452E-14   1.000000E+01   5.950795E-14
    159   6.394885E-14   1.000000E+01  -1.043659E-13   1.000000E+01   6.394885E-14
    160   1.088019E-13   1.000000E+01  -1.440734E-13   1.000000E+01   1.083578E-13
    161  -1.674216E-13   1.000000E+01   9.225254E-14   1.000000E+01  -1.678657E-13
    162   7.316370E-14   1.000000E+01  -1.018275E-13   1.000000E+01   7.283063E-14
    163   1.472156E-13   1.000000E+01  -8.620557E-14   1.000000E+01   1.465494E-13
    164   3.352874E-13   1.000000E+01  -3.175077E-13   1.000000E+01   3.348433E-13
    165   2.443379E-12   1.000000E+01  -1.401198E-12   1.000000E+01   2.443379E-12
    166   4.529710E-14   1.000000E+01  -1.063477E-13   1.000000E+01   4.529710E-14
    167   1.332268E-15   1.000000E+01  -4.551252E-14   1.000000E+01   8.881784E-16
    168   9.769963E-15   1.000000E+01   2.614132E-16   1.000000E+01   9.769963E-15
    169  -3.441691E-14   1.000000E+01  -1.578496E-14   1.000000E+01  -3.463896E-14
    170   6.572520E-14   1.000000E+01  -1.414720E-14   1.000000E+01   6.572520E-14
    171  -7.993606E-15   1.000000E+01  -8.507912E-14   1.000000E+01  -7.993606E-15
    172  -4.340972E-14   1.000000E+01  -5.185624E-14   1.000000E+01  -4.352074E-14
    173   2.109424E-14   1.000000E+01  -1.051497E-13   1.000000E+01   2.131628E-14
    174  -7.771561E-15   1.000000E+01  -1.407128E-13   1.000000E+01  -7.993606E-15
    175  -1.332268E-15   1.000000E+01  -8.237785E-14   1.000000E+01  -1.776357E-15
    176  -9.769963E-15   1.000000E+01  -7.017084E-14   1.000000E+01  -9.769963E-15
    177   4.063416E-14   1.000000E+01  -1.150704E-13   1.000000E+01   3.996803E-14
    178   5.551115E-15   1.000000E+01  -1.044801E-13   1.000000E+01   5.329071E-15
    179   9.992007E-15   1.000000E+01  -1.230802E-13   1.000000E+01   9.769963E-15
    180   7.105427E-15   1.000000E+01  -1.016837E-13   1.000000E+01   7.105427E-15
    181   5.662137E-14   1.000000E+01  -1.342931E-13   1.000000E+01   5.684342E-14
    182   8.881784E-16   1.000000E+01  -8.208772E-14   1.000000E+01   8.881784E-16
    183  -1.398881E-14   1.000000E+01  -7.411451E-14   1.000000E+01  -1.421085E-14
    184   2.964295E-14   1.000000E+01  -1.090703E-13   1.000000E+01   2.930989E-14
    185   1.576517E-14   1.000000E+01  -5.411560E-14   1.000000E+01   1.509903E-14
    186   1.776357E-14   1.000000E+01  -6.671023E-14   1.000000E+01   1.776357E-14
    187  -1.232348E-14   1.000000E+01  -9.979573E-14   1.000000E+01  -1.243450E-14
    188  -1.110223E-15   1.000000E+01  -5.899036E-14   1.000000E+01  -8.881784E-16
    189   6.883383E-15   1.000000E+01  -6.588565E-14   1.000000E+01   6.217249E-15
    190   3.108624E-15   1.000000E+01   1.522882E-16   1.000000E+01   2.664535E-15
    191   1.687539E-14   1.000000E+01  -9.205506E-14   1.000000E+01   1.687539E-14
    192   1.998401E-14   1.000000E+01  -3.093963E-14   1.000000E+01   1.953993E-14
    193  -2.020606E-14   1.000000E+01  -9.199081E-14   1.000000E+01  -2.042810E-14
    194  -1.894040E-13   1.000000E+01   1.687465E-13   1.000000E+01  -1.891820E-13
    195  -7.860379E-14   1.000000E+01   3.195256E-15   1.000000E+01  -7.815970E-14
    196  -1.687539E-14   1.000000E+01  -3.444495E-14   1.000000E+01  -1.687539E-14
    197   4.241052E-14   1.000000E+01  -4.188330E-14   1.000000E+01   4.263256E-14
    198  -7.327472E-15   1.000000E+01  -1.040548E-13   1.000000E+01  -7.105427E-15
    199  -1.265654E-14   1.000000E+01  -1.023724E-13   1.000000E+01  -1.332268E-14
    200  -2.486900E-14   1.000000E+01  -7.882337E-14   1.000000E+01  -2.486900E-14
    201  -1.432188E-14   1.000000E+01  -2.983560E-14   1.000000E+01  -1.421085E-14
    202  -7.993606E-15   1.000000E+01  -6.174177E-14   1.000000E+01  -7.993606E-15
    203   4.085621E-14   1.000000E+01  -8.938638E-14   1.000000E+01   4.085621E-14
    204   9.992007E-16   1.000000E+01  -1.008702E-13   1.000000E+01   8.881784E-16
    205   1.953993E-14   1.000000E+01  -1.076213E-13   1.000000E+01   1.953993E-14
    206   4.574119E-14   1.000000E+01  -8.817315E-14   1.000000E+01   4.618528E-14
    207   6.217249E-15   1.000000E+01  -1.156937E-13   1.000000E+01   6.217249E-15
    208   1.554312E-15   1.000000E+01  -1.205432E-13   1.000000E+01   8.881784E-16
    209  -1.509903E-14   1.000000E+01  -1.043833E-13   1.000000E+01  -1.509903E-14
    210   4.418688E-14   1.000000E+01  -1.174295E-13   1.000000E+01   4.352074E-14
    211  -4.440892E-16   1.000000E+01  -9.628519E-14   1.000000E+01  -8.881784E-16
    212  -2.198242E-14   1.000000E+01  -7.298814E-14   1.000000E+01  -2.220446E-14
    213  -1.076916E-14   1.000000E+01  -6.863315E-14   1.000000E+01  -1.065814E-14
    214  -3.619327E-14   1.000000E+01  -6.201900E-14   1.000000E+01  -3.641532E-14
    215  -7.549517E-15   1.000000E+01  -5.206775E-14   1.000000E+01  -7.993606E-15
    216  -3.186340E-14   1.000000E+01  -6.996498E-14   1.000000E+01  -3.197442E-14
    217   1.554312E-14   1.000000E+01  -6.692027E-14   1.000000E+01   1.598721E-14
    218   1.554312E-15   1.000000E+01  -2.269254E-14   1.000000E+01   8.881784E-16
    219  -2.442491E-14   1.000000E+01  -2.267970E-14   1.000000E+01  -2.486900E-14
    220   1.221245E-15   1.000000E+01  -5.224300E-14   1.000000E+01   8.881784E-16
    221   1.554312E-15   1.000000E+01  -2.885877E-14   1.000000E+01   8.881784E-16
    222  -1.587619E-14   1.000000E+01  -4.844600E-14   1.000000E+01  -1.598721E-14
    223   5.617729E-14   1.000000E+01   5.183192E-14   1.000000E+01   5.595524E-14
    224   3.463896E-14   1.000000E+01   5.878586E-14   1.000000E+01   3.463896E-14
    225  -4.374279E-14   1.000000E+01  -5.610812E-14   1.000000E+01  -4.352074E-14
    226   3.241851E-14   1.000000E+01  -3.528228E-14   1.000000E+01   3.197442E-14
    227  -6.217249E-15   1.000000E+01  -6.984043E-14   1.000000E+01  -6.217249E-15
    228   3.841372E-14   1.000000E+01   9.792612E-14   1.000000E+01   3.819167E-14
    229  -6.883383E-15   1.000000E+01  -6.900963E-14   1.000000E+01  -7.105427E-15
    230   3.630429E-14   1.000000E+01  -2.623904E-14   1.000000E+01   3.641532E-14
    231   4.352074E-14   1.000000E+01  -1.055373E-13   1.000000E+01   4.352074E-14
    232  -5.906386E-14   1.000000E+01  -8.090825E-14   1.000000E+01  -5.950795E-14
    233  -2.853273E-14   1.000000E+01  -7.631060E-14   1.000000E+01  -2.842171E-14
    234   3.508305E-14   1.000000E+01  -1.235125E-13   1.000000E+01   3.552714E-14
    235   2.287059E-14   1.000000E+01  -7.447589E-14   1.000000E+01   2.220446E-14
    236   3.474998E-14   1.000000E+01  -4.000633E-14   1.000000E+01   3.463896E-14
    237   2.908784E-14   1.000000E+01  -7.401922E-14   1.000000E+01   2.930989E-14
    238  -4.884981E-15   1.000000E+01  -1.026013E-13   1.000000E+01  -5.329071E-15
    239   3.619327E-14   1.000000E+01  -5.146222E-14   1.000000E+01   3.641532E-14
    240   7.549517E-15   1.000000E+01  -7.885203E-14   1.000000E+01   7.105427E-15
    241   2.131628E-14   1.000000E+01  -5.487739E-14   1.000000E+01   2.131628E-14
    242  -1.743050E-14   1.000000E+01  -9.827656E-14   1.000000E+01  -1.776357E-14
    243  -6.217249E-15   1.000000E+01  -1.691542E-14   1.000000E+01  -6.217249E-15
    244   6.439294E-15   1.000000E+01  -2.828046E-14   1.000000E+01   6.217249E-15
    245   1.121325E-14   1.000000E+01  -5.940159E-14   1.000000E+01   1.154632E-14
    246  -1.332268E-15   1.000000E+01  -6.252105E-14   1.000000E+01  -1.776357E-15
    247  -2.220446E-16   1.000000E+01  -5.269563E-14   1.000000E+01   0.000000E+00
    248   4.440892E-16   1.000000E+01  -2.215361E-14   1.000000E+01   0.000000E+00
    249   1.521006E-14   1.000000E+01  -4.892449E-14   1.000000E+01   1.509903E-14
    250  -8.437695E-15   1.000000E+01  -1.729629E-14   1.000000E+01  -8.881784E-15
    251   2.586820E-14   1.000000E+01  -3.083295E-14   1.000000E+01   2.575717E-14
    252   9.325873E-15   1.000000E+01   1.102556E-14   1.000000E+01   8.881784E-15
    253   3.108624E-15   1.000000E+01  -3.647119E-14   1.000000E+01   3.552714E-15
    254  -2.287059E-14   1.000000E+01  -1.166180E-13   1.000000E+01  -2.309264E-14
    255   2.886580E-15   1.000000E+01   2.448761E-14   1.000000E+01   2.664535E-15
    256  -3.841372E-14   1.000000E+01  -1.379458E-13   1.000000E+01  -3.819167E-14
    257   6.772360E-14   1.000000E+01  -4.745087E-14   1.000000E+01   6.750156E-14
    258  -4.174439E-14   1.000000E+01  -1.428525E-13   1.000000E+01  -4.174439E-14
    259  -3.730349E-14   1.000000E+01  -7.190509E-14   1.000000E+01  -3.730349E-14
    260  -1.620926E-14   1.000000E+01  -1.276875E-13   1.000000E+01  -1.687539E-14
    261   3.064216E-14   1.000000E+01  -1.334810E-13   1.000000E+01   3.019807E-14
    262  -6.106227E-14   1.000000E+01  -1.390394E-13   1.000000E+01  -6.128431E-14
    263   1.598721E-14   1.000000E+01  -6.512815E-14   1.000000E+01   1.598721E-14
    264   9.992007E-15   1.000000E+01  -7.281926E-14   1.000000E+01   9.769963E-15
    265   1.187939E-14   1.000000E+01  -1.522289E-13   1.000000E+01   1.154632E-14
    266   4.019007E-14   1.000000E+01  -6.762985E-14   1.000000E+01   3.996803E-14
    267   4.374279E-14   1.000000E+01  -9.291855E-14   1.000000E+01   4.352074E-14
    268   3.719247E-14   1.000000E+01  -8.961188E-14   1.000000E+01   3.730349E-14
    269   3.708145E-14   1.000000E+01  -8.253179E-14   1.000000E+01   3.641532E-14
    270  -1.998401E-15   1.000000E+01   1.642247E-14   1.000000E+01  -2.664535E-15
    271  -1.376677E-14   1.000000E+01  -1.334471E-13   1.000000E+01  -1.421085E-14
    272   3.264056E-14   1.000000E+01  -1.320480E-14   1.000000E+01   3.286260E-14
    273  -2.664535E-15   1.000000E+01  -3.495313E-14   1.000000E+01  -2.664535E-15
    274   1.343370E-14   1.000000E+01  -1.692584E-14   1.000000E+01   1.332268E-14
    275   1.132427E-14   1.000000E+01  -4.979811E-14   1.000000E+01   1.154632E-14
    276  -1.221245E-14   1.000000E+01  -5.386144E-14   1.000000E+01  -1.243450E-14
    277  -3.108624E-14   1.000000E+01  -2.972433E-14   1.000000E+01  -3.108624E-14
    278   1.576517E-14   1.000000E+01   7.668864E-15   1.000000E+01   1.509903E-14
    279  -3.397282E-14   1.000000E+01  -1.877186E-14   1.000000E+01  -3.375078E-14
    280  -5.462297E-14   1.000000E+01  -7.587955E-14   1.000000E+01  -5.506706E-14
    281  -2.886580E-14   1.000000E+01  -1.987104E-14   1.000000E+01  -2.842171E-14
    282  -7.149836E-14   1.000000E+01  -7.706184E-14   1.000000E+01  -7.105427E-14
    283   2.442491E-14   1.000000E+01  -1.445534E-13   1.000000E+01   2.486900E-14
    284  -7.771561E-15   1.000000E+01  -1.235354E-14   1.000000E+01  -7.993606E-15
    285  -3.264056E-14   1.000000E+01  -1.254488E-13   1.000000E+01  -3.286260E-14
    286  -1.421085E-14   1.000000E+01  -1.003074E-13   1.000000E+01  -1.421085E-14
    287   7.505108E-14   1.000000E+01  -8.917552E-14   1.000000E+01   7.460699E-14
    288  -4.041212E-14   1.000000E+01  -1.214428E-13   1.000000E+01  -4.085621E-14
    289  -7.993606E-15   1.000000E+01  -1.709564E-13   1.000000E+01  -7.993606E-15
    290   1.110223E-15   1.000000E+01  -1.270240E-13   1.000000E+01   8.881784E-16
    291  -3.130829E-14   1.000000E+01  -1.690735E-13   1.000000E+01  -3.108624E-14
    292  -3.841372E-14   1.000000E+01  -7.237704E-14   1.000000E+01  -3.819167E-14
    293  -3.241851E-14   1.000000E+01  -8.647009E-14   1.000000E+01  -3.286260E-14
    294  -1.532108E-14   1.000000E+01  -7.758272E-14   1.000000E+01  -1.509903E-14
    295   3.042011E-14   1.000000E+01  -1.366578E-13   1.000000E+01   3.019807E-14
    296   3.175238E-14   1.000000E+01  -7.973204E-14   1.000000E+01   3.197442E-14
    297   8.104628E-15   1.000000E+01  -8.684232E-14   1.000000E+01   7.993606E-15
    298   2.464695E-14   1.000000E+01  -5.875925E-14   1.000000E+01   2.398082E-14
    299  -1.154632E-14   1.000000E+01  -2.838705E-14   1.000000E+01  -1.154632E-14
    300   7.760459E-14   1.000000E+01  -8.854169E-14   1.000000E+01   7.727152E-14
    301  -2.664535E-14   1.000000E+01   2.537447E-15   1.000000E+01  -2.664535E-14
    302  -1.376677E-14   1.000000E+01  -2.702811E-14   1.000000E+01  -1.421085E-14
    303  -4.152234E-14   1.000000E+01   1.729984E-15   1.000000E+01  -4.174439E-14
    304  -8.215650E-15   1.000000E+01  -1.025970E-14   1.000000E+01  -7.993606E-15
    305  -4.440892E-16   1.000000E+01  -4.187103E-14   1.000000E+01  -8.881784E-16
    306   3.552714E-15   1.000000E+01  -3.928055E-14   1.000000E+01   3.552714E-15
    307  -1.443290E-15   1.000000E+01  -2.454772E-14   1.000000E+01  -1.776357E-15
    308   2.509104E-14   1.000000E+01  -4.969919E-14   1.000000E+01   2.486900E-14
    309  -1.165734E-14   1.000000E+01  -5.020669E-14   1.000000E+01  -1.154632E-14
    310  -2.908784E-14   1.000000E+01  -1.150337E-14   1.000000E+01  -2.930989E-14
    311  -7.105427E-15   1.000000E+01  -7.016924E-14   1.000000E+01  -7.105427E-15
    312   4.996004E-14   1.000000E+01  -8.454193E-14   1.000000E+01   4.973799E-14
    313   1.487699E-14   1.000000E+01  -3.679196E-14   1.000000E+01   1.509903E-14
    314   8.082424E-14   1.000000E+01  -1.524769E-13   1.000000E+01   8.082424E-14
    315   4.085621E-14   1.000000E+01  -5.166797E-14   1.000000E+01   4.085621E-14
    316  -1.265654E-14   1.000000E+01  -4.027676E-14   1.000000E+01  -1.332268E-14
    317   5.173639E-14   1.000000E+01  -6.786270E-14   1.000000E+01   5.151435E-14
    318  -2.220446E-15   1.000000E+01  -1.118687E-13   1.000000E+01  -2.664535E-15
    319   1.154632E-14   1.000000E+01  -9.209033E-14   1.000000E+01   1.154632E-14
    320   4.107825E-14   1.000000E+01  -3.819152E-14   1.000000E+01   4.085621E-14
    321   5.151435E-14   1.000000E+01  -5.339683E-14   1.000000E+01   5.151435E-14
    322   4.352074E-14   1.000000E+01  -8.056997E-14   1.000000E+01   4.352074E-14
    323   8.026912E-14   1.000000E+01  -1.279902E-13   1.000000E+01   7.993606E-14
    324  -8.437695E-15   1.000000E+01  -1.254629E-13   1.000000E+01  -8.881784E-15
    325   2.042810E-14   1.000000E+01  -9.216710E-14   1.000000E+01   2.042810E-14
    326   3.763656E-14   1.000000E+01  -6.798155E-14   1.000000E+01   3.730349E-14
    327   6.439294E-15   1.000000E+01   2.773483E-15   1.000000E+01   6.217249E-15
    328   4.485301E-14   1.000000E+01  -2.079255E-14   1.000000E+01   4.440892E-14
    329  -3.630429E-14   1.000000E+01  -7.259518E-14   1.000000E+01  -3.641532E-14
    330   5.995204E-15   1.000000E+01  -1.381803E-14   1.000000E+01   6.217249E-15
    331   4.440892E-15   1.000000E+01  -9.005914E-15   1.000000E+01   4.440892E-15
    332   8.215650E-15   1.000000E+01  -3.162788E-14   1.000000E+01   7.993606E-15
    333   2.442491E-15   1.000000E+01  -1.001460E-14   1.000000E+01   2.664535E-15
    334  -3.308465E-14   1.000000E+01  -2.397890E-14   1.000000E+01  -3.286260E-14
    335  -1.465494E-14   1.000000E+01  -6.989199E-14   1.000000E+01  -1.421085E-14
    336   1.998401E-14   1.000000E+01   8.571582E-15   1.000000E+01   1.953993E-14
    337  -3.330669E-15   1.000000E+01  -8.496383E-14   1.000000E+01  -3.552714E-15
    338  -8.104628E-15   1.000000E+01  -1.960886E-14   1.000000E+01  -7.993606E-15
    339   6.794565E-14   1.000000E+01  -8.148266E-14   1.000000E+01   6.750156E-14
    340  -6.261658E-14   1.000000E+01  -5.863820E-14   1.000000E+01  -6.306067E-14
    341  -6.883383E-15   1.000000E+01  -6.978583E-14   1.000000E+01  -7.105427E-15
    342   7.593925E-14   1.000000E+01  -7.754271E-14   1.000000E+01   7.549517E-14
    343  -6.772360E-14   1.000000E+01  -9.762009E-14   1.000000E+01  -6.838974E-14
    344   3.042011E-14   1.000000E+01  -1.918060E-14   1.000000E+01   3.019807E-14
    345  -3.308465E-14   1.000000E+01  -8.935804E-14   1.000000E+01  -3.286260E-14
    346   2.475797E-14   1.000000E+01  -1.343529E-13   1.000000E+01   2.486900E-14
    347  -1.509903E-14   1.000000E+01  -1.004529E-13   1.000000E+01  -1.509903E-14
    348   4.662937E-15   1.000000E+01  -8.555646E-14   1.000000E+01   4.440892E-15
    349  -1.165734E-14   1.000000E+01  -6.574765E-14   1.000000E+01  -1.154632E-14
    350   4.107825E-14   1.000000E+01  -5.659117E-14   1.000000E+01   4.085621E-14
    351  -2.664535E-15   1.000000E+01  -6.238513E-14   1.000000E+01  -2.664535E-15
    352   1.798561E-14   1.000000E+01  -6.671229E-14   1.000000E+01   1.776357E-14
    353   4.218847E-15   1.000000E+01  -1.570263E-13   1.000000E+01   4.440892E-15
    354   5.373479E-14   1.000000E+01  -1.220761E-13   1.000000E+01   5.329071E-14
    355  -7.549517E-15   1.000000E+01  -6.985059E-14   1.000000E+01  -7.993606E-15
    356   3.619327E-14   1.000000E+01  -5.415187E-14   1.000000E+01   3.641532E-14
    357  -2.020606E-14   1.000000E+01  -4.905324E-14   1.000000E+01  -2.042810E-14
    358   1.554312E-14   1.000000E+01  -1.226968E-13   1.000000E+01   1.509903E-14
    359  -1.687539E-14   1.000000E+01   1.517084E-14   1.000000E+01  -1.687539E-14
    360   3.552714E-14   1.000000E+01  -2.771409E-15   1.000000E+01   3.552714E-14
    361   5.151435E-14   1.000000E+01  -5.261365E-15   1.000000E+01   5.151435E-14
    362   0.000000E+00   1.000000E+01  -3.374704E-14   1.000000E+01   0.000000E+00
    363   3.286260E-14   1.000000E+01  -3.910956E-14   1.000000E+01   3.286260E-14
    364   2.220446E-15   1.000000E+01  -5.476113E-14   1.000000E+01   1.776357E-15
    365   4.718448E-14   1.000000E+01   2.950911E-14   1.000000E+01   4.707346E-14
    366  -7.549517E-15   1.000000E+01  -4.288095E-14   1.000000E+01  -7.105427E-15
    367  -2.942091E-14   1.000000E+01  -4.066081E-14   1.000000E+01  -2.930989E-14
    368  -2.975398E-14   1.000000E+01  -5.092854E-14   1.000000E+01  -3.019807E-14
    369  -6.084022E-14   1.000000E+01   7.592630E-15   1.000000E+01  -6.039613E-14
    370   7.949197E-14   1.000000E+01  -2.073628E-14   1.000000E+01   7.904788E-14
    371  -2.255973E-13   1.000000E+01   4.112319E-14   1.000000E+01  -2.255973E-13
    372   4.529710E-14   1.000000E+01  -3.814229E-15   1.000000E+01   4.529710E-14
    373   6.927792E-14   1.000000E+01  -4.569484E-14   1.000000E+01   6.927792E-14
    374   6.306067E-14   1.000000E+01   5.050473E-14   1.000000E+01   6.306067E-14
    375   8.038015E-14   1.000000E+01  -2.800080E-14   1.000000E+01   7.993606E-14
    376   3.486100E-14   1.000000E+01  -3.812104E-14   1.000000E+01   3.463896E-14
    377   5.428991E-14   1.000000E+01  -6.248182E-14   1.000000E+01   5.417888E-14
    378  -4.196643E-14   1.000000E+01  -5.764695E-14   1.000000E+01  -4.174439E-14
    379   3.308465E-14   1.000000E+01  -7.759858E-14   1.000000E+01   3.286260E-14
    380  -3.153033E-14   1.000000E+01  -2.799539E-14   1.000000E+01  -3.197442E-14
    381   2.819966E-14   1.000000E+01  -5.893727E-14   1.000000E+01   2.842171E-14
    382   3.308465E-14   1.000000E+01  -1.547579E-13   1.000000E+01   3.286260E-14
    383   5.451195E-14   1.000000E+01  -6.787102E-14   1.000000E+01   5.417888E-14
    384  -3.641532E-14   1.000000E+01  -1.620578E-13   1.000000E+01  -3.641532E-14
    385   1.598721E-14   1.000000E+01  -1.343916E-13   1.000000E+01   1.598721E-14
    386  -1.054712E-14   1.000000E+01  -9.655904E-14   1.000000E+01  -1.065814E-14
    387   1.310063E-14   1.000000E+01  -2.338391E-14   1.000000E+01   1.332268E-14
    388   1.083578E-13   1.000000E+01  -3.888549E-14   1.000000E+01   1.083578E-13
    389   5.551115E-14   1.000000E+01  -1.848656E-13   1.000000E+01   5.506706E-14
    390   9.992007E-15   1.000000E+01   3.822685E-14   1.000000E+01   9.769963E-15
    391  -1.976197E-14   1.000000E+01  -6.318101E-14   1.000000E+01  -2.042810E-14
    392   4.685141E-14   1.000000E+01  -2.215994E-14   1.000000E+01   4.707346E-14
    393   6.661338E-15   1.000000E+01  -1.632448E-14   1.000000E+01   7.105427E-15
    394   5.373479E-14   1.000000E+01  -4.567096E-15   1.000000E+01   5.329071E-14
    395   4.041212E-14   1.000000E+01   5.547493E-14   1.000000E+01   4.085621E-14
    396  -3.086420E-14   1.000000E+01  -1.336437E-14   1.000000E+01  -3.108624E-14
    397   2.842171E-14   1.000000E+01  -3.097680E-14   1.000000E+01   2.842171E-14
    398   4.340972E-14   1.000000E+01  -2.548720E-14   1.000000E+01   4.352074E-14
    399  -2.398082E-14   1.000000E+01  -1.482827E-13   1.000000E+01  -2.398082E-14
    400   3.841372E-14   1.000000E+01  -1.104575E-13   1.000000E+01   3.819167E-14
    401  -2.486900E-14   1.000000E+01   1.664505E-14   1.000000E+01  -2.486900E-14
    402   9.459100E-14   1.000000E+01  -5.586376E-14   1.000000E+01   9.414691E-14
    403  -2.708944E-14   1.000000E+01   5.636806E-14   1.000000E+01  -2.753353E-14
    404  -6.550316E-14   1.000000E+01  -1.211989E-14   1.000000E+01  -6.572520E-14
    405   1.199041E-14   1.000000E+01   2.043555E-14   1.000000E+01   1.154632E-14
    406   1.643130E-14   1.000000E+01  -7.241448E-14   1.000000E+01   1.598721E-14
    407   1.396661E-13   1.000000E+01  -1.222841E-14   1.000000E+01   1.394440E-13
    408  -3.996803E-15   1.000000E+01  -5.263293E-14   1.000000E+01  -3.552714E-15
    409  -1.554312E-15   1.000000E+01  -4.588516E-14   1.000000E+01  -1.776357E-15
    410   7.549517E-15   1.000000E+01  -1.393228E-14   1.000000E+01   7.105427E-15
    411   8.881784E-15   1.000000E+01  -5.864969E-14   1.000000E+01   8.881784E-15
    412  -8.437695E-15   1.000000E+01  -1.528759E-13   1.000000E+01  -8.881784E-15
    413  -6.616929E-14   1.000000E+01  -8.674399E-15   1.000000E+01  -6.572520E-14
    414  -9.547918E-15   1.000000E+01  -1.405525E-13   1.000000E+01  -9.769963E-15
    415   9.547918E-15   1.000000E+01  -6.191782E-14   1.000000E+01   9.769963E-15
    416  -1.398881E-14   1.000000E+01  -1.588929E-13   1.000000E+01  -1.421085E-14
    417   3.264056E-14   1.000000E+01  -7.057315E-14   1.000000E+01   3.286260E-14
    418   2.398082E-14   1.000000E+01  -4.049865E-14   1.000000E+01   2.398082E-14
    419  -3.697043E-14   1.000000E+01  -1.525549E-13   1.000000E+01  -3.730349E-14
    420   6.838974E-14   1.000000E+01   1.281437E-14   1.000000E+01   6.838974E-14
    421   5.973000E-14   1.000000E+01  -2.085539E-15   1.000000E+01   5.950795E-14
    422   7.072121E-14   1.000000E+01   3.748286E-14   1.000000E+01   7.016610E-14
    423  -1.065814E-14   1.000000E+01  -2.420504E-14   1.000000E+01  -1.065814E-14
    424   1.976197E-14   1.000000E+01   3.580880E-14   1.000000E+01   1.953993E-14
    425  -2.797762E-14   1.000000E+01   3.024736E-14   1.000000E+01  -2.842171E-14
    426   4.796163E-14   1.000000E+01  -7.692851E-14   1.000000E+01   4.796163E-14
    427   4.418688E-14   1.000000E+01  -1.585418E-14   1.000000E+01   4.352074E-14
    428   4.396483E-14   1.000000E+01   6.799574E-14   1.000000E+01   4.352074E-14
    429   7.638334E-14   1.000000E+01  -9.359105E-14   1.000000E+01   7.638334E-14
    430   8.304468E-14   1.000000E+01  -2.523982E-14   1.000000E+01   8.260059E-14
    431  -5.773160E-15   1.000000E+01   7.741200E-15   1.000000E+01  -6.217249E-15
    432  -2.202682E-13   1.000000E+01   3.022135E-14   1.000000E+01  -2.202682E-13
    433   7.449596E-14   1.000000E+01  -5.729130E-14   1.000000E+01   7.460699E-14
    434  -1.754152E-14   1.000000E+01   3.368556E-14   1.000000E+01  -1.776357E-14
    435  -1.116884E-13   1.000000E+01   2.685141E-14   1.000000E+01  -1.119105E-13
    436   1.043610E-14   1.000000E+01  -7.983663E-14   1.000000E+01   1.065814E-14
    437   7.993606E-15   1.000000E+01   2.537138E-14   1.000000E+01   7.993606E-15
    438   1.055822E-13   1.000000E+01  -1.149746E-14   1.000000E+01   1.056932E-13
    439   1.154632E-13   1.000000E+01  -5.329663E-14   1.000000E+01   1.154632E-13
    440   5.728751E-14   1.000000E+01  -8.863452E-14   1.000000E+01   5.684342E-14
    441   5.651035E-14   1.000000E+01  -3.262654E-14   1.000000E+01   5.684342E-14
    442  -2.398082E-14   1.000000E+01  -1.429018E-13   1.000000E+01  -2.398082E-14
    443  -1.842970E-14   1.000000E+01  -2.319931E-14   1.000000E+01  -1.865175E-14
    444   2.542411E-14   1.000000E+01  -1.208424E-13   1.000000E+01   2.575717E-14
    445   3.552714E-14   1.000000E+01  -1.223081E-13   1.000000E+01   3.552714E-14
    446   3.330669E-14   1.000000E+01  -2.439323E-14   1.000000E+01   3.286260E-14
    447  -5.107026E-15   1.000000E+01  -6.814717E-14   1.000000E+01  -5.329071E-15
    448   2.020606E-14   1.000000E+01   4.968385E-14   1.000000E+01   2.042810E-14
    449   1.554312E-14   1.000000E+01   1.697467E-14   1.000000E+01   1.509903E-14
    450   5.884182E-15   1.000000E+01  -2.954346E-14   1.000000E+01   6.217249E-15
    451   5.306866E-14   1.000000E+01  -4.729424E-14   1.000000E+01   5.329071E-14
    452   4.640732E-14   1.000000E+01   6.143851E-14   1.000000E+01   4.618528E-14
    453  -2.398082E-14   1.000000E+01   8.494017E-14   1.000000E+01  -2.398082E-14
    454   4.718448E-14   1.000000E+01  -3.052103E-14   1.000000E+01   4.707346E-14
    455  -6.039613E-14   1.000000E+01   3.485342E-14   1.000000E+01  -6.039613E-14
    456  -6.450396E-14   1.000000E+01   3.206417E-14   1.000000E+01  -6.483702E-14
    457  -3.397282E-14   1.000000E+01   3.082833E-14   1.000000E+01  -3.463896E-14
    458  -3.130829E-14   1.000000E+01  -6.172284E-14   1.000000E+01  -3.108624E-14
    459  -3.930190E-14   1.000000E+01  -1.102187E-14   1.000000E+01  -3.907985E-14
    460  -2.364775E-13   1.000000E+01   7.303693E-14   1.000000E+01  -2.362555E-13
    461  -2.353673E-14   1.000000E+01   3.671597E-15   1.000000E+01  -2.398082E-14
    462  -5.639933E-14   1.000000E+01  -1.067133E-13   1.000000E+01  -5.684342E-14
    463  -1.265654E-13   1.000000E+01   1.109717E-15   1.000000E+01  -1.270095E-13
    464  -8.881784E-16   1.000000E+01  -1.086440E-14   1.000000E+01  -8.881784E-16
    465  -1.025846E-13   1.000000E+01  -1.123198E-14   1.000000E+01  -1.030287E-13
    466  -3.386180E-14   1.000000E+01  -9.230191E-14   1.000000E+01  -3.375078E-14
    467  -6.883383E-15   1.000000E+01  -1.041328E-13   1.000000E+01  -7.105427E-15
    468   2.819966E-14   1.000000E+01  -1.239577E-13   1.000000E+01   2.753353E-14
    469   1.043610E-13   1.000000E+01  -9.463253E-14   1.000000E+01   1.048051E-13
    470  -5.639933E-14   1.000000E+01  -2.956523E-14   1.000000E+01  -5.684342E-14
    471  -4.418688E-14   1.000000E+01   3.736250E-15   1.000000E+01  -4.440892E-14
    472   2.930989E-14   1.000000E+01  -7.679492E-14   1.000000E+01   2.930989E-14
    473  -5.329071E-15   1.000000E+01   7.338904E-14   1.000000E+01  -5.329071E-15
    474   2.442491E-14   1.000000E+01   7.183711E-14   1.000000E+01   2.486900E-14
    475   3.630429E-14   1.000000E+01  -3.222445E-14   1.000000E+01   3.641532E-14
    476   7.793766E-14   1.000000E+01  -4.740724E-14   1.000000E+01   7.727152E-14
    477   3.330669E-15   1.000000E+01   3.722167E-14   1.000000E+01   3.552714E-15
    478  -2.220446E-14   1.000000E+01   4.255140E-14   1.000000E+01  -2.220446E-14
    479   6.716849E-14   1.000000E+01   4.350289E-14   1.000000E+01   6.661338E-14
    480   3.641532E-14   1.000000E+01   4.649533E-14   1.000000E+01   3.641532E-14
    481   4.529710E-14   1.000000E+01   7.774755E-14   1.000000E+01   4.529710E-14
    482  -1.154632E-14   1.000000E+01   6.330849E-14   1.000000E+01  -1.154632E-14
    483  -6.150636E-14   1.000000E+01  -3.551712E-14   1.000000E+01  -6.128431E-14
    484  -5.662137E-14   1.000000E+01  -9.977293E-14   1.000000E+01  -5.684342E-14
    485  -2.402523E-13   1.000000E+01   1.562200E-14   1.000000E+01  -2.406964E-13
    486  -5.839773E-14   1.000000E+01  -3.354767E-14   1.000000E+01  -5.861978E-14
    487  -3.774758E-15   1.000000E+01  -1.914786E-14   1.000000E+01  -3.552714E-15
    488  -2.116085E-13   1.000000E+01  -5.577166E-14   1.000000E+01  -2.122746E-13
    489  -1.041389E-13   1.000000E+01  -5.986299E-14   1.000000E+01  -1.039169E-13
    490  -2.589040E-13   1.000000E+01   6.027328E-14   1.000000E+01  -2.593481E-13
    491  -1.226796E-13   1.000000E+01  -4.232120E-14   1.000000E+01  -1.225686E-13
    492   5.329071E-15   1.000000E+01   4.956701E-14   1.000000E+01   5.329071E-15
    493  -1.132427E-14   1.000000E+01   3.564130E-14   1.000000E+01  -1.154632E-14
    494  -7.893686E-14   1.000000E+01  -7.163479E-14   1.000000E+01  -7.904788E-14
    495   7.327472E-15   1.000000E+01  -2.160416E-14   1.000000E+01   7.105427E-15
    496  -2.664535E-15   1.000000E+01   4.787638E-14   1.000000E+01  -2.664535E-15
    497  -1.293410E-13   1.000000E+01   3.796470E-14   1.000000E+01  -1.296740E-13
    498   3.352874E-14   1.000000E+01  -4.267629E-15   1.000000E+01   3.286260E-14
    499  -5.329071E-15   1.000000E+01   2.473055E-14   1.000000E+01  -5.329071E-15
    500  -5.107026E-14   1.000000E+01   4.211592E-14   1.000000E+01  -5.151435E-14
    501   5.007106E-14   1.000000E+01   4.214040E-14   1.000000E+01   4.973799E-14
    502   6.661338E-16   1.000000E+01   7.413746E-14   1.000000E+01   8.881784E-16
    503   8.548717E-15   1.000000E+01   2.256687E-14   1.000000E+01   8.881784E-15
    504  -2.797762E-14   1.000000E+01   1.315578E-13   1.000000E+01  -2.842171E-14
    505  -8.393286E-14   1.000000E+01  -3.077990E-14   1.000000E+01  -8.437695E-14
    506  -9.836576E-14   1.000000E+01   3.112886E-14   1.000000E+01  -9.858780E-14
    507   9.325873E-15   1.000000E+01   3.809658E-14   1.000000E+01   8.881784E-15
    508  -5.950795E-14   1.000000E+01  -2.171640E-14   1.000000E+01  -5.950795E-14
    509  -1.083578E-13   1.000000E+01   2.865327E-14   1.000000E+01  -1.083578E-13
    510  -8.792966E-14   1.000000E+01   5.852253E-14   1.000000E+01  -8.792966E-14
    511  -5.417888E-14   1.000000E+01   5.750779E-14   1.000000E+01  -5.417888E-14
    512  -1.278977E-13   1.000000E+01   1.900394E-14   1.000000E+01  -1.278977E-13
    513  -1.617595E-13   1.000000E+01  -5.017256E-14   1.000000E+01  -1.616485E-13
    514  -1.887379E-14   1.000000E+01   3.753050E-14   1.000000E+01  -1.865175E-14
    515   5.329071E-14   1.000000E+01  -5.164860E-14   1.000000E+01   5.329071E-14
    516  -8.770762E-15   1.000000E+01   3.470307E-14   1.000000E+01  -8.881784E-15
    517  -1.088019E-14   1.000000E+01   1.136178E-13   1.000000E+01  -1.065814E-14
    518   2.109424E-14   1.000000E+01   6.038643E-14   1.000000E+01   2.131628E-14
    519   4.307665E-14   1.000000E+01  -4.795445E-14   1.000000E+01   4.263256E-14
    520   3.241851E-14   1.000000E+01   1.961674E-14   1.000000E+01   3.197442E-14
    521  -1.110223E-15   1.000000E+01   6.407465E-14   1.000000E+01  -8.881784E-16
    522   2.808864E-14   1.000000E+01   5.415933E-14   1.000000E+01   2.842171E-14
    523   6.439294E-15   1.000000E+01   6.655650E-14   1.000000E+01   6.217249E-15
    524  -9.192647E-14   1.000000E+01   3.163559E-14   1.000000E+01  -9.237056E-14
    525  -8.681944E-14   1.000000E+01   2.321055E-14   1.000000E+01  -8.704149E-14
    526  -3.823608E-13   1.000000E+01  -1.511779E-14   1.000000E+01  -3.819167E-13
    527   1.776357E-15   1.000000E+01   7.213914E-14   1.000000E+01   1.776357E-15
    528  -1.154632E-13   1.000000E+01   5.412379E-14   1.000000E+01  -1.154632E-13
    529  -6.084022E-14   1.000000E+01   4.678634E-14   1.000000E+01  -6.128431E-14
    530  -8.371082E-14   1.000000E+01   2.463198E-14   1.000000E+01  -8.437695E-14
    531  -1.474376E-13   1.000000E+01  -3.019301E-14   1.000000E+01  -1.474376E-13
    532  -1.065814E-13   1.000000E+01   5.480997E-14   1.000000E+01  -1.065814E-13
    533   2.153833E-14   1.000000E+01   5.197115E-14   1.000000E+01   2.131628E-14
    534  -1.310063E-14   1.000000E+01   6.557816E-14   1.000000E+01  -1.332268E-14
    535  -3.552714E-15   1.000000E+01   4.730219E-14   1.000000E+01  -3.552714E-15
    536  -1.254552E-14   1.000000E+01  -5.729449E-14   1.000000E+01  -1.243450E-14
    537   0.000000E+00   1.000000E+01   2.608341E-14   1.000000E+01   0.000000E+00
    538  -5.995204E-15   1.000000E+01   1.218581E-15   1.000000E+01  -6.217249E-15
    539  -9.414691E-14   1.000000E+01  -4.346789E-14   1.000000E+01  -9.414691E-14
    540  -6.661338E-16   1.000000E+01   7.909364E-14   1.000000E+01  -8.881784E-16
    541  -1.465494E-14   1.000000E+01   4.724349E-14   1.000000E+01  -1.421085E-14
    542  -1.405542E-13   1.000000E+01  -1.041910E-15   1.000000E+01  -1.403322E-13
    543   1.187939E-14   1.000000E+01   1.464285E-14   1.000000E+01   1.154632E-14
    544  -1.532108E-14   1.000000E+01   9.003085E-14   1.000000E+01  -1.509903E-14
    545  -5.684342E-14   1.000000E+01   9.874519E-14   1.000000E+01  -5.684342E-14
    546  -5.839773E-14   1.000000E+01   7.270550E-14   1.000000E+01  -5.861978E-14
    547  -5.950795E-14   1.000000E+01   2.332602E-14   1.000000E+01  -5.950795E-14
    548   5.240253E-14   1.000000E+01  -2.298617E-14   1.000000E+01   5.240253E-14
    549  -2.398082E-14   1.000000E+01   2.409397E-14   1.000000E+01  -2.398082E-14
    550   6.328271E-15   1.000000E+01   5.713780E-14   1.000000E+01   6.217249E-15
    551   4.196643E-14   1.000000E+01   5.510634E-14   1.000000E+01   4.174439E-14
    552  -6.661338E-15   1.000000E+01   8.193031E-14   1.000000E+01  -7.105427E-15
    553   1.554312E-15   1.000000E+01   1.294485E-13   1.000000E+01   8.881784E-16
    554   1.354472E-14   1.000000E+01   1.497182E-14   1.000000E+01   1.332268E-14
    555  -4.440892E-15   1.000000E+01  -5.770428E-14   1.000000E+01  -4.440892E-15
    556  -8.881784E-15   1.000000E+01  -7.579476E-15   1.000000E+01  -8.881784E-15
    557   5.107026E-14   1.000000E+01   1.092653E-13   1.000000E+01   5.062617E-14
    558  -9.681145E-14   1.000000E+01   3.408912E-14   1.000000E+01  -9.681145E-14
    559  -3.308465E-14   1.000000E+01   2.412806E-14   1.000000E+01  -3.286260E-14
    560  -2.753353E-14   1.000000E+01  -1.342085E-14   1.000000E+01  -2.753353E-14
    561   2.020606E-14   1.000000E+01   1.146991E-14   1.000000E+01   2.042810E-14
    562  -4.163336E-14   1.000000E+01   8.541375E-14   1.000000E+01  -4.174439E-14
    563   1.820766E-14   1.000000E+01   1.535309E-13   1.000000E+01   1.776357E-14
    564   3.019807E-14   1.000000E+01  -1.971795E-14   1.000000E+01   3.019807E-14
    565  -1.183498E-13   1.000000E+01   1.211882E-13   1.000000E+01  -1.181277E-13
    566   4.773959E-15   1.000000E+01   3.607541E-14   1.000000E+01   4.440892E-15
    567   3.241851E-14   1.000000E+01  -6.023931E-14   1.000000E+01   3.197442E-14
    568   8.104628E-14   1.000000E+01  -9.547855E-14   1.000000E+01   8.082424E-14
    569  -2.864375E-14   1.000000E+01   4.527346E-14   1.000000E+01  -2.842171E-14
    570  -7.105427E-14   1.000000E+01  -6.005225E-14   1.000000E+01  -7.105427E-14
 
PROGRAM STARTED AT   : 2016/02/29, 21:28:13
PROGRAM TERMINATED AT: 2016/02/29, 21:28:14
TOTAL ELAPSED TIME   : 0 hour 0 minutes 0 seconds.
